[2023-04-04 10:32:40,099] {taskinstance.py:1159} INFO - Dependencies all met for <TaskInstance: atividade_aula_4.cumprimentos scheduled__2023-04-03T00:00:00+00:00 [queued]>
[2023-04-04 10:32:40,102] {taskinstance.py:1159} INFO - Dependencies all met for <TaskInstance: atividade_aula_4.cumprimentos scheduled__2023-04-03T00:00:00+00:00 [queued]>
[2023-04-04 10:32:40,102] {taskinstance.py:1356} INFO - 
--------------------------------------------------------------------------------
[2023-04-04 10:32:40,102] {taskinstance.py:1357} INFO - Starting attempt 1 of 1
[2023-04-04 10:32:40,102] {taskinstance.py:1358} INFO - 
--------------------------------------------------------------------------------
[2023-04-04 10:32:40,124] {taskinstance.py:1377} INFO - Executing <Task(PythonOperator): cumprimentos> on 2023-04-03 00:00:00+00:00
[2023-04-04 10:32:40,126] {standard_task_runner.py:52} INFO - Started process 33098 to run task
[2023-04-04 10:32:40,128] {standard_task_runner.py:79} INFO - Running: ['airflow', 'tasks', 'run', 'atividade_aula_4', 'cumprimentos', 'scheduled__2023-04-03T00:00:00+00:00', '--job-id', '8', '--raw', '--subdir', 'DAGS_FOLDER/atividade_aula_4.py', '--cfg-path', '/tmp/tmphlj36yrb', '--error-file', '/tmp/tmp5x13f94_']
[2023-04-04 10:32:40,129] {standard_task_runner.py:80} INFO - Job 8: Subtask cumprimentos
[2023-04-04 10:32:40,172] {task_command.py:370} INFO - Running <TaskInstance: atividade_aula_4.cumprimentos scheduled__2023-04-03T00:00:00+00:00 [running]> on host bruno-H610M-H-DDR4
[2023-04-04 10:32:40,220] {taskinstance.py:1569} INFO - Exporting the following env vars:
AIRFLOW_CTX_DAG_OWNER=airflow
AIRFLOW_CTX_DAG_ID=atividade_aula_4
AIRFLOW_CTX_TASK_ID=cumprimentos
AIRFLOW_CTX_EXECUTION_DATE=2023-04-03T00:00:00+00:00
AIRFLOW_CTX_TRY_NUMBER=1
AIRFLOW_CTX_DAG_RUN_ID=scheduled__2023-04-03T00:00:00+00:00
[2023-04-04 10:32:40,222] {logging_mixin.py:115} INFO - Boas-vindas ao Airflow!
[2023-04-04 10:32:40,222] {python.py:173} INFO - Done. Returned value was: None
[2023-04-04 10:32:40,225] {taskinstance.py:1395} INFO - Marking task as SUCCESS. dag_id=atividade_aula_4, task_id=cumprimentos, execution_date=20230403T000000, start_date=20230404T133240, end_date=20230404T133240
[2023-04-04 10:32:40,260] {local_task_job.py:156} INFO - Task exited with return code 0
[2023-04-04 10:32:40,284] {local_task_job.py:273} INFO - 0 downstream tasks scheduled from follow-on schedule check
