[2023-04-04 09:03:49,509] {taskinstance.py:1159} INFO - Dependencies all met for <TaskInstance: example_branch_datetime_operator_2.datetime_branch scheduled__2023-04-03T00:00:00+00:00 [queued]>
[2023-04-04 09:03:49,512] {taskinstance.py:1159} INFO - Dependencies all met for <TaskInstance: example_branch_datetime_operator_2.datetime_branch scheduled__2023-04-03T00:00:00+00:00 [queued]>
[2023-04-04 09:03:49,512] {taskinstance.py:1356} INFO - 
--------------------------------------------------------------------------------
[2023-04-04 09:03:49,512] {taskinstance.py:1357} INFO - Starting attempt 1 of 1
[2023-04-04 09:03:49,512] {taskinstance.py:1358} INFO - 
--------------------------------------------------------------------------------
[2023-04-04 09:03:49,534] {taskinstance.py:1377} INFO - Executing <Task(BranchDateTimeOperator): datetime_branch> on 2023-04-03 00:00:00+00:00
[2023-04-04 09:03:49,535] {standard_task_runner.py:52} INFO - Started process 21607 to run task
[2023-04-04 09:03:49,538] {standard_task_runner.py:79} INFO - Running: ['airflow', 'tasks', 'run', 'example_branch_datetime_operator_2', 'datetime_branch', 'scheduled__2023-04-03T00:00:00+00:00', '--job-id', '3', '--raw', '--subdir', '/home/bruno/Documents/airflow_alura/venv/lib/python3.10/site-packages/airflow/example_dags/example_branch_datetime_operator.py', '--cfg-path', '/tmp/tmpva96gisp', '--error-file', '/tmp/tmpyk5jkrta']
[2023-04-04 09:03:49,539] {standard_task_runner.py:80} INFO - Job 3: Subtask datetime_branch
[2023-04-04 09:03:49,569] {task_command.py:370} INFO - Running <TaskInstance: example_branch_datetime_operator_2.datetime_branch scheduled__2023-04-03T00:00:00+00:00 [running]> on host bruno-H610M-H-DDR4
[2023-04-04 09:03:49,629] {taskinstance.py:1569} INFO - Exporting the following env vars:
AIRFLOW_CTX_DAG_OWNER=airflow
AIRFLOW_CTX_DAG_ID=example_branch_datetime_operator_2
AIRFLOW_CTX_TASK_ID=datetime_branch
AIRFLOW_CTX_EXECUTION_DATE=2023-04-03T00:00:00+00:00
AIRFLOW_CTX_TRY_NUMBER=1
AIRFLOW_CTX_DAG_RUN_ID=scheduled__2023-04-03T00:00:00+00:00
[2023-04-04 09:03:49,630] {skipmixin.py:140} INFO - Following branch ['date_outside_range']
[2023-04-04 09:03:49,630] {skipmixin.py:175} INFO - Skipping tasks ['date_in_range']
[2023-04-04 09:03:49,725] {taskinstance.py:1395} INFO - Marking task as SUCCESS. dag_id=example_branch_datetime_operator_2, task_id=datetime_branch, execution_date=20230403T000000, start_date=20230404T120349, end_date=20230404T120349
[2023-04-04 09:03:49,830] {local_task_job.py:156} INFO - Task exited with return code 0
[2023-04-04 09:03:49,860] {local_task_job.py:273} INFO - 1 downstream tasks scheduled from follow-on schedule check
[2023-04-04 09:03:49,864] {dagrun.py:562} INFO - Marking run <DagRun example_branch_datetime_operator_2 @ 2023-04-03 00:00:00+00:00: scheduled__2023-04-03T00:00:00+00:00, externally triggered: False> successful
[2023-04-04 09:03:49,864] {dagrun.py:607} INFO - DagRun Finished: dag_id=example_branch_datetime_operator_2, execution_date=2023-04-03 00:00:00+00:00, run_id=scheduled__2023-04-03T00:00:00+00:00, run_start_date=2023-04-04 12:03:48.888206+00:00, run_end_date=2023-04-04 12:03:49.864598+00:00, run_duration=0.976392, state=success, external_trigger=False, run_type=scheduled, data_interval_start=2023-04-03 00:00:00+00:00, data_interval_end=2023-04-04 00:00:00+00:00, dag_hash=98cbf11af02d1e3b106b3b7a8703af36
