[2023-04-04 15:16:17,347] {taskinstance.py:1159} INFO - Dependencies all met for <TaskInstance: dados_climaticos.cria_pasta scheduled__2023-02-06T00:00:00+00:00 [queued]>
[2023-04-04 15:16:17,350] {taskinstance.py:1159} INFO - Dependencies all met for <TaskInstance: dados_climaticos.cria_pasta scheduled__2023-02-06T00:00:00+00:00 [queued]>
[2023-04-04 15:16:17,350] {taskinstance.py:1356} INFO - 
--------------------------------------------------------------------------------
[2023-04-04 15:16:17,350] {taskinstance.py:1357} INFO - Starting attempt 1 of 1
[2023-04-04 15:16:17,350] {taskinstance.py:1358} INFO - 
--------------------------------------------------------------------------------
[2023-04-04 15:16:17,373] {taskinstance.py:1377} INFO - Executing <Task(BashOperator): cria_pasta> on 2023-02-06 00:00:00+00:00
[2023-04-04 15:16:17,375] {standard_task_runner.py:52} INFO - Started process 9124 to run task
[2023-04-04 15:16:17,376] {standard_task_runner.py:79} INFO - Running: ['airflow', 'tasks', 'run', 'dados_climaticos', 'cria_pasta', 'scheduled__2023-02-06T00:00:00+00:00', '--job-id', '72', '--raw', '--subdir', 'DAGS_FOLDER/dados_climaticos.py', '--cfg-path', '/tmp/tmpek0e5z31', '--error-file', '/tmp/tmpon2r96y2']
[2023-04-04 15:16:17,377] {standard_task_runner.py:80} INFO - Job 72: Subtask cria_pasta
[2023-04-04 15:16:17,413] {task_command.py:370} INFO - Running <TaskInstance: dados_climaticos.cria_pasta scheduled__2023-02-06T00:00:00+00:00 [running]> on host bruno-H610M-H-DDR4
[2023-04-04 15:16:17,606] {taskinstance.py:1569} INFO - Exporting the following env vars:
AIRFLOW_CTX_DAG_OWNER=airflow
AIRFLOW_CTX_DAG_ID=dados_climaticos
AIRFLOW_CTX_TASK_ID=cria_pasta
AIRFLOW_CTX_EXECUTION_DATE=2023-02-06T00:00:00+00:00
AIRFLOW_CTX_TRY_NUMBER=1
AIRFLOW_CTX_DAG_RUN_ID=scheduled__2023-02-06T00:00:00+00:00
[2023-04-04 15:16:17,607] {subprocess.py:62} INFO - Tmp dir root location: 
 /tmp
[2023-04-04 15:16:17,607] {subprocess.py:74} INFO - Running command: ['bash', '-c', 'mkdir -p "/home/bruno/Documents/airflow_alura/semana=2023-02-13"']
[2023-04-04 15:16:17,611] {subprocess.py:85} INFO - Output:
[2023-04-04 15:16:17,612] {subprocess.py:96} INFO - Command exited with return code 0
[2023-04-04 15:16:17,650] {taskinstance.py:1395} INFO - Marking task as SUCCESS. dag_id=dados_climaticos, task_id=cria_pasta, execution_date=20230206T000000, start_date=20230404T181617, end_date=20230404T181617
[2023-04-04 15:16:17,709] {local_task_job.py:156} INFO - Task exited with return code 0
[2023-04-04 15:16:17,753] {local_task_job.py:273} INFO - 1 downstream tasks scheduled from follow-on schedule check
[2023-04-04 15:27:08,714] {taskinstance.py:1159} INFO - Dependencies all met for <TaskInstance: dados_climaticos.cria_pasta scheduled__2023-02-06T00:00:00+00:00 [queued]>
[2023-04-04 15:27:08,727] {taskinstance.py:1159} INFO - Dependencies all met for <TaskInstance: dados_climaticos.cria_pasta scheduled__2023-02-06T00:00:00+00:00 [queued]>
[2023-04-04 15:27:08,727] {taskinstance.py:1356} INFO - 
--------------------------------------------------------------------------------
[2023-04-04 15:27:08,727] {taskinstance.py:1357} INFO - Starting attempt 1 of 1
[2023-04-04 15:27:08,727] {taskinstance.py:1358} INFO - 
--------------------------------------------------------------------------------
[2023-04-04 15:27:08,750] {taskinstance.py:1377} INFO - Executing <Task(BashOperator): cria_pasta> on 2023-02-06 00:00:00+00:00
[2023-04-04 15:27:08,753] {standard_task_runner.py:52} INFO - Started process 11275 to run task
[2023-04-04 15:27:08,757] {standard_task_runner.py:79} INFO - Running: ['airflow', 'tasks', 'run', 'dados_climaticos', 'cria_pasta', 'scheduled__2023-02-06T00:00:00+00:00', '--job-id', '77', '--raw', '--subdir', 'DAGS_FOLDER/dados_climaticos.py', '--cfg-path', '/tmp/tmpci1znr9o', '--error-file', '/tmp/tmpuz5l_k57']
[2023-04-04 15:27:08,757] {standard_task_runner.py:80} INFO - Job 77: Subtask cria_pasta
[2023-04-04 15:27:08,804] {task_command.py:370} INFO - Running <TaskInstance: dados_climaticos.cria_pasta scheduled__2023-02-06T00:00:00+00:00 [running]> on host bruno-H610M-H-DDR4
[2023-04-04 15:27:08,846] {taskinstance.py:1569} INFO - Exporting the following env vars:
AIRFLOW_CTX_DAG_OWNER=airflow
AIRFLOW_CTX_DAG_ID=dados_climaticos
AIRFLOW_CTX_TASK_ID=cria_pasta
AIRFLOW_CTX_EXECUTION_DATE=2023-02-06T00:00:00+00:00
AIRFLOW_CTX_TRY_NUMBER=1
AIRFLOW_CTX_DAG_RUN_ID=scheduled__2023-02-06T00:00:00+00:00
[2023-04-04 15:27:08,847] {subprocess.py:62} INFO - Tmp dir root location: 
 /tmp
[2023-04-04 15:27:08,847] {subprocess.py:74} INFO - Running command: ['bash', '-c', 'mkdir -p "/home/bruno/Documents/airflow_alura/semana=2023-02-13"']
[2023-04-04 15:27:08,851] {subprocess.py:85} INFO - Output:
[2023-04-04 15:27:08,852] {subprocess.py:96} INFO - Command exited with return code 0
[2023-04-04 15:27:08,879] {taskinstance.py:1395} INFO - Marking task as SUCCESS. dag_id=dados_climaticos, task_id=cria_pasta, execution_date=20230206T000000, start_date=20230404T182708, end_date=20230404T182708
[2023-04-04 15:27:08,928] {local_task_job.py:156} INFO - Task exited with return code 0
[2023-04-04 15:27:08,967] {local_task_job.py:273} INFO - 1 downstream tasks scheduled from follow-on schedule check
