[2023-04-04 15:15:54,896] {taskinstance.py:1159} INFO - Dependencies all met for <TaskInstance: dados_climaticos.cria_pasta scheduled__2022-12-26T00:00:00+00:00 [queued]>
[2023-04-04 15:15:54,902] {taskinstance.py:1159} INFO - Dependencies all met for <TaskInstance: dados_climaticos.cria_pasta scheduled__2022-12-26T00:00:00+00:00 [queued]>
[2023-04-04 15:15:54,902] {taskinstance.py:1356} INFO - 
--------------------------------------------------------------------------------
[2023-04-04 15:15:54,902] {taskinstance.py:1357} INFO - Starting attempt 1 of 1
[2023-04-04 15:15:54,902] {taskinstance.py:1358} INFO - 
--------------------------------------------------------------------------------
[2023-04-04 15:15:54,925] {taskinstance.py:1377} INFO - Executing <Task(BashOperator): cria_pasta> on 2022-12-26 00:00:00+00:00
[2023-04-04 15:15:54,929] {standard_task_runner.py:52} INFO - Started process 8979 to run task
[2023-04-04 15:15:54,932] {standard_task_runner.py:79} INFO - Running: ['airflow', 'tasks', 'run', 'dados_climaticos', 'cria_pasta', 'scheduled__2022-12-26T00:00:00+00:00', '--job-id', '60', '--raw', '--subdir', 'DAGS_FOLDER/dados_climaticos.py', '--cfg-path', '/tmp/tmpkgp2adjs', '--error-file', '/tmp/tmpbtdwa4u9']
[2023-04-04 15:15:54,932] {standard_task_runner.py:80} INFO - Job 60: Subtask cria_pasta
[2023-04-04 15:15:54,975] {task_command.py:370} INFO - Running <TaskInstance: dados_climaticos.cria_pasta scheduled__2022-12-26T00:00:00+00:00 [running]> on host bruno-H610M-H-DDR4
[2023-04-04 15:15:55,029] {taskinstance.py:1569} INFO - Exporting the following env vars:
AIRFLOW_CTX_DAG_OWNER=airflow
AIRFLOW_CTX_DAG_ID=dados_climaticos
AIRFLOW_CTX_TASK_ID=cria_pasta
AIRFLOW_CTX_EXECUTION_DATE=2022-12-26T00:00:00+00:00
AIRFLOW_CTX_TRY_NUMBER=1
AIRFLOW_CTX_DAG_RUN_ID=scheduled__2022-12-26T00:00:00+00:00
[2023-04-04 15:15:55,030] {subprocess.py:62} INFO - Tmp dir root location: 
 /tmp
[2023-04-04 15:15:55,030] {subprocess.py:74} INFO - Running command: ['bash', '-c', 'mkdir -p "/home/bruno/Documents/airflow_alura/semana=2023-01-02"']
[2023-04-04 15:15:55,033] {subprocess.py:85} INFO - Output:
[2023-04-04 15:15:55,035] {subprocess.py:96} INFO - Command exited with return code 0
[2023-04-04 15:15:55,067] {taskinstance.py:1395} INFO - Marking task as SUCCESS. dag_id=dados_climaticos, task_id=cria_pasta, execution_date=20221226T000000, start_date=20230404T181554, end_date=20230404T181555
[2023-04-04 15:15:55,183] {local_task_job.py:156} INFO - Task exited with return code 0
[2023-04-04 15:15:55,225] {local_task_job.py:273} INFO - 1 downstream tasks scheduled from follow-on schedule check
[2023-04-04 15:26:45,249] {taskinstance.py:1159} INFO - Dependencies all met for <TaskInstance: dados_climaticos.cria_pasta scheduled__2022-12-26T00:00:00+00:00 [queued]>
[2023-04-04 15:26:45,265] {taskinstance.py:1159} INFO - Dependencies all met for <TaskInstance: dados_climaticos.cria_pasta scheduled__2022-12-26T00:00:00+00:00 [queued]>
[2023-04-04 15:26:45,265] {taskinstance.py:1356} INFO - 
--------------------------------------------------------------------------------
[2023-04-04 15:26:45,265] {taskinstance.py:1357} INFO - Starting attempt 1 of 1
[2023-04-04 15:26:45,265] {taskinstance.py:1358} INFO - 
--------------------------------------------------------------------------------
[2023-04-04 15:26:45,279] {taskinstance.py:1377} INFO - Executing <Task(BashOperator): cria_pasta> on 2022-12-26 00:00:00+00:00
[2023-04-04 15:26:45,281] {standard_task_runner.py:52} INFO - Started process 11130 to run task
[2023-04-04 15:26:45,282] {standard_task_runner.py:79} INFO - Running: ['airflow', 'tasks', 'run', 'dados_climaticos', 'cria_pasta', 'scheduled__2022-12-26T00:00:00+00:00', '--job-id', '65', '--raw', '--subdir', 'DAGS_FOLDER/dados_climaticos.py', '--cfg-path', '/tmp/tmp1zt2th1v', '--error-file', '/tmp/tmpqourxigo']
[2023-04-04 15:26:45,283] {standard_task_runner.py:80} INFO - Job 65: Subtask cria_pasta
[2023-04-04 15:26:45,322] {task_command.py:370} INFO - Running <TaskInstance: dados_climaticos.cria_pasta scheduled__2022-12-26T00:00:00+00:00 [running]> on host bruno-H610M-H-DDR4
[2023-04-04 15:26:45,397] {taskinstance.py:1569} INFO - Exporting the following env vars:
AIRFLOW_CTX_DAG_OWNER=airflow
AIRFLOW_CTX_DAG_ID=dados_climaticos
AIRFLOW_CTX_TASK_ID=cria_pasta
AIRFLOW_CTX_EXECUTION_DATE=2022-12-26T00:00:00+00:00
AIRFLOW_CTX_TRY_NUMBER=1
AIRFLOW_CTX_DAG_RUN_ID=scheduled__2022-12-26T00:00:00+00:00
[2023-04-04 15:26:45,398] {subprocess.py:62} INFO - Tmp dir root location: 
 /tmp
[2023-04-04 15:26:45,398] {subprocess.py:74} INFO - Running command: ['bash', '-c', 'mkdir -p "/home/bruno/Documents/airflow_alura/semana=2023-01-02"']
[2023-04-04 15:26:45,402] {subprocess.py:85} INFO - Output:
[2023-04-04 15:26:45,403] {subprocess.py:96} INFO - Command exited with return code 0
[2023-04-04 15:26:45,436] {taskinstance.py:1395} INFO - Marking task as SUCCESS. dag_id=dados_climaticos, task_id=cria_pasta, execution_date=20221226T000000, start_date=20230404T182645, end_date=20230404T182645
[2023-04-04 15:26:45,494] {local_task_job.py:156} INFO - Task exited with return code 0
[2023-04-04 15:26:45,531] {local_task_job.py:273} INFO - 1 downstream tasks scheduled from follow-on schedule check
