[2023-04-04 15:15:41,038] {taskinstance.py:1159} INFO - Dependencies all met for <TaskInstance: dados_climaticos.cria_pasta scheduled__2022-11-28T00:00:00+00:00 [queued]>
[2023-04-04 15:15:41,041] {taskinstance.py:1159} INFO - Dependencies all met for <TaskInstance: dados_climaticos.cria_pasta scheduled__2022-11-28T00:00:00+00:00 [queued]>
[2023-04-04 15:15:41,041] {taskinstance.py:1356} INFO - 
--------------------------------------------------------------------------------
[2023-04-04 15:15:41,041] {taskinstance.py:1357} INFO - Starting attempt 1 of 1
[2023-04-04 15:15:41,041] {taskinstance.py:1358} INFO - 
--------------------------------------------------------------------------------
[2023-04-04 15:15:41,062] {taskinstance.py:1377} INFO - Executing <Task(BashOperator): cria_pasta> on 2022-11-28 00:00:00+00:00
[2023-04-04 15:15:41,064] {standard_task_runner.py:52} INFO - Started process 8886 to run task
[2023-04-04 15:15:41,066] {standard_task_runner.py:79} INFO - Running: ['airflow', 'tasks', 'run', 'dados_climaticos', 'cria_pasta', 'scheduled__2022-11-28T00:00:00+00:00', '--job-id', '52', '--raw', '--subdir', 'DAGS_FOLDER/dados_climaticos.py', '--cfg-path', '/tmp/tmpoo2nhq2u', '--error-file', '/tmp/tmpfvuccknw']
[2023-04-04 15:15:41,067] {standard_task_runner.py:80} INFO - Job 52: Subtask cria_pasta
[2023-04-04 15:15:41,106] {task_command.py:370} INFO - Running <TaskInstance: dados_climaticos.cria_pasta scheduled__2022-11-28T00:00:00+00:00 [running]> on host bruno-H610M-H-DDR4
[2023-04-04 15:15:41,166] {taskinstance.py:1569} INFO - Exporting the following env vars:
AIRFLOW_CTX_DAG_OWNER=airflow
AIRFLOW_CTX_DAG_ID=dados_climaticos
AIRFLOW_CTX_TASK_ID=cria_pasta
AIRFLOW_CTX_EXECUTION_DATE=2022-11-28T00:00:00+00:00
AIRFLOW_CTX_TRY_NUMBER=1
AIRFLOW_CTX_DAG_RUN_ID=scheduled__2022-11-28T00:00:00+00:00
[2023-04-04 15:15:41,167] {subprocess.py:62} INFO - Tmp dir root location: 
 /tmp
[2023-04-04 15:15:41,167] {subprocess.py:74} INFO - Running command: ['bash', '-c', 'mkdir -p "/home/bruno/Documents/airflow_alura/semana=2022-12-05"']
[2023-04-04 15:15:41,171] {subprocess.py:85} INFO - Output:
[2023-04-04 15:15:41,172] {subprocess.py:96} INFO - Command exited with return code 0
[2023-04-04 15:15:41,197] {taskinstance.py:1395} INFO - Marking task as SUCCESS. dag_id=dados_climaticos, task_id=cria_pasta, execution_date=20221128T000000, start_date=20230404T181541, end_date=20230404T181541
[2023-04-04 15:15:41,238] {local_task_job.py:156} INFO - Task exited with return code 0
[2023-04-04 15:15:41,275] {local_task_job.py:273} INFO - 1 downstream tasks scheduled from follow-on schedule check
[2023-04-04 15:26:26,987] {taskinstance.py:1159} INFO - Dependencies all met for <TaskInstance: dados_climaticos.cria_pasta scheduled__2022-11-28T00:00:00+00:00 [queued]>
[2023-04-04 15:26:27,000] {taskinstance.py:1159} INFO - Dependencies all met for <TaskInstance: dados_climaticos.cria_pasta scheduled__2022-11-28T00:00:00+00:00 [queued]>
[2023-04-04 15:26:27,000] {taskinstance.py:1356} INFO - 
--------------------------------------------------------------------------------
[2023-04-04 15:26:27,000] {taskinstance.py:1357} INFO - Starting attempt 1 of 1
[2023-04-04 15:26:27,000] {taskinstance.py:1358} INFO - 
--------------------------------------------------------------------------------
[2023-04-04 15:26:27,021] {taskinstance.py:1377} INFO - Executing <Task(BashOperator): cria_pasta> on 2022-11-28 00:00:00+00:00
[2023-04-04 15:26:27,023] {standard_task_runner.py:52} INFO - Started process 10978 to run task
[2023-04-04 15:26:27,025] {standard_task_runner.py:79} INFO - Running: ['airflow', 'tasks', 'run', 'dados_climaticos', 'cria_pasta', 'scheduled__2022-11-28T00:00:00+00:00', '--job-id', '56', '--raw', '--subdir', 'DAGS_FOLDER/dados_climaticos.py', '--cfg-path', '/tmp/tmp3ax0kxva', '--error-file', '/tmp/tmpef0xsoxh']
[2023-04-04 15:26:27,026] {standard_task_runner.py:80} INFO - Job 56: Subtask cria_pasta
[2023-04-04 15:26:27,067] {task_command.py:370} INFO - Running <TaskInstance: dados_climaticos.cria_pasta scheduled__2022-11-28T00:00:00+00:00 [running]> on host bruno-H610M-H-DDR4
[2023-04-04 15:26:27,129] {taskinstance.py:1569} INFO - Exporting the following env vars:
AIRFLOW_CTX_DAG_OWNER=airflow
AIRFLOW_CTX_DAG_ID=dados_climaticos
AIRFLOW_CTX_TASK_ID=cria_pasta
AIRFLOW_CTX_EXECUTION_DATE=2022-11-28T00:00:00+00:00
AIRFLOW_CTX_TRY_NUMBER=1
AIRFLOW_CTX_DAG_RUN_ID=scheduled__2022-11-28T00:00:00+00:00
[2023-04-04 15:26:27,130] {subprocess.py:62} INFO - Tmp dir root location: 
 /tmp
[2023-04-04 15:26:27,130] {subprocess.py:74} INFO - Running command: ['bash', '-c', 'mkdir -p "/home/bruno/Documents/airflow_alura/semana=2022-12-05"']
[2023-04-04 15:26:27,134] {subprocess.py:85} INFO - Output:
[2023-04-04 15:26:27,136] {subprocess.py:96} INFO - Command exited with return code 0
[2023-04-04 15:26:27,164] {taskinstance.py:1395} INFO - Marking task as SUCCESS. dag_id=dados_climaticos, task_id=cria_pasta, execution_date=20221128T000000, start_date=20230404T182626, end_date=20230404T182627
[2023-04-04 15:26:27,238] {local_task_job.py:156} INFO - Task exited with return code 0
[2023-04-04 15:26:27,274] {local_task_job.py:273} INFO - 1 downstream tasks scheduled from follow-on schedule check
