[2023-04-04 15:16:05,939] {taskinstance.py:1159} INFO - Dependencies all met for <TaskInstance: dados_climaticos.cria_pasta scheduled__2023-01-16T00:00:00+00:00 [queued]>
[2023-04-04 15:16:05,942] {taskinstance.py:1159} INFO - Dependencies all met for <TaskInstance: dados_climaticos.cria_pasta scheduled__2023-01-16T00:00:00+00:00 [queued]>
[2023-04-04 15:16:05,942] {taskinstance.py:1356} INFO - 
--------------------------------------------------------------------------------
[2023-04-04 15:16:05,942] {taskinstance.py:1357} INFO - Starting attempt 1 of 1
[2023-04-04 15:16:05,942] {taskinstance.py:1358} INFO - 
--------------------------------------------------------------------------------
[2023-04-04 15:16:05,963] {taskinstance.py:1377} INFO - Executing <Task(BashOperator): cria_pasta> on 2023-01-16 00:00:00+00:00
[2023-04-04 15:16:05,965] {standard_task_runner.py:52} INFO - Started process 9053 to run task
[2023-04-04 15:16:05,967] {standard_task_runner.py:79} INFO - Running: ['airflow', 'tasks', 'run', 'dados_climaticos', 'cria_pasta', 'scheduled__2023-01-16T00:00:00+00:00', '--job-id', '66', '--raw', '--subdir', 'DAGS_FOLDER/dados_climaticos.py', '--cfg-path', '/tmp/tmpl0y5bxax', '--error-file', '/tmp/tmp5r825j8y']
[2023-04-04 15:16:05,967] {standard_task_runner.py:80} INFO - Job 66: Subtask cria_pasta
[2023-04-04 15:16:06,007] {task_command.py:370} INFO - Running <TaskInstance: dados_climaticos.cria_pasta scheduled__2023-01-16T00:00:00+00:00 [running]> on host bruno-H610M-H-DDR4
[2023-04-04 15:16:06,061] {taskinstance.py:1569} INFO - Exporting the following env vars:
AIRFLOW_CTX_DAG_OWNER=airflow
AIRFLOW_CTX_DAG_ID=dados_climaticos
AIRFLOW_CTX_TASK_ID=cria_pasta
AIRFLOW_CTX_EXECUTION_DATE=2023-01-16T00:00:00+00:00
AIRFLOW_CTX_TRY_NUMBER=1
AIRFLOW_CTX_DAG_RUN_ID=scheduled__2023-01-16T00:00:00+00:00
[2023-04-04 15:16:06,062] {subprocess.py:62} INFO - Tmp dir root location: 
 /tmp
[2023-04-04 15:16:06,062] {subprocess.py:74} INFO - Running command: ['bash', '-c', 'mkdir -p "/home/bruno/Documents/airflow_alura/semana=2023-01-23"']
[2023-04-04 15:16:06,066] {subprocess.py:85} INFO - Output:
[2023-04-04 15:16:06,066] {subprocess.py:96} INFO - Command exited with return code 0
[2023-04-04 15:16:06,094] {taskinstance.py:1395} INFO - Marking task as SUCCESS. dag_id=dados_climaticos, task_id=cria_pasta, execution_date=20230116T000000, start_date=20230404T181605, end_date=20230404T181606
[2023-04-04 15:16:06,139] {local_task_job.py:156} INFO - Task exited with return code 0
[2023-04-04 15:16:06,280] {local_task_job.py:273} INFO - 1 downstream tasks scheduled from follow-on schedule check
[2023-04-04 15:26:57,046] {taskinstance.py:1159} INFO - Dependencies all met for <TaskInstance: dados_climaticos.cria_pasta scheduled__2023-01-16T00:00:00+00:00 [queued]>
[2023-04-04 15:26:57,059] {taskinstance.py:1159} INFO - Dependencies all met for <TaskInstance: dados_climaticos.cria_pasta scheduled__2023-01-16T00:00:00+00:00 [queued]>
[2023-04-04 15:26:57,059] {taskinstance.py:1356} INFO - 
--------------------------------------------------------------------------------
[2023-04-04 15:26:57,059] {taskinstance.py:1357} INFO - Starting attempt 1 of 1
[2023-04-04 15:26:57,060] {taskinstance.py:1358} INFO - 
--------------------------------------------------------------------------------
[2023-04-04 15:26:57,082] {taskinstance.py:1377} INFO - Executing <Task(BashOperator): cria_pasta> on 2023-01-16 00:00:00+00:00
[2023-04-04 15:26:57,084] {standard_task_runner.py:52} INFO - Started process 11201 to run task
[2023-04-04 15:26:57,087] {standard_task_runner.py:79} INFO - Running: ['airflow', 'tasks', 'run', 'dados_climaticos', 'cria_pasta', 'scheduled__2023-01-16T00:00:00+00:00', '--job-id', '71', '--raw', '--subdir', 'DAGS_FOLDER/dados_climaticos.py', '--cfg-path', '/tmp/tmptl_qi_xc', '--error-file', '/tmp/tmpxhgx8giw']
[2023-04-04 15:26:57,088] {standard_task_runner.py:80} INFO - Job 71: Subtask cria_pasta
[2023-04-04 15:26:57,141] {task_command.py:370} INFO - Running <TaskInstance: dados_climaticos.cria_pasta scheduled__2023-01-16T00:00:00+00:00 [running]> on host bruno-H610M-H-DDR4
[2023-04-04 15:26:57,189] {taskinstance.py:1569} INFO - Exporting the following env vars:
AIRFLOW_CTX_DAG_OWNER=airflow
AIRFLOW_CTX_DAG_ID=dados_climaticos
AIRFLOW_CTX_TASK_ID=cria_pasta
AIRFLOW_CTX_EXECUTION_DATE=2023-01-16T00:00:00+00:00
AIRFLOW_CTX_TRY_NUMBER=1
AIRFLOW_CTX_DAG_RUN_ID=scheduled__2023-01-16T00:00:00+00:00
[2023-04-04 15:26:57,189] {subprocess.py:62} INFO - Tmp dir root location: 
 /tmp
[2023-04-04 15:26:57,189] {subprocess.py:74} INFO - Running command: ['bash', '-c', 'mkdir -p "/home/bruno/Documents/airflow_alura/semana=2023-01-23"']
[2023-04-04 15:26:57,194] {subprocess.py:85} INFO - Output:
[2023-04-04 15:26:57,195] {subprocess.py:96} INFO - Command exited with return code 0
[2023-04-04 15:26:57,221] {taskinstance.py:1395} INFO - Marking task as SUCCESS. dag_id=dados_climaticos, task_id=cria_pasta, execution_date=20230116T000000, start_date=20230404T182657, end_date=20230404T182657
[2023-04-04 15:26:57,259] {local_task_job.py:156} INFO - Task exited with return code 0
[2023-04-04 15:26:57,287] {local_task_job.py:273} INFO - 1 downstream tasks scheduled from follow-on schedule check
