[2023-04-04 15:16:39,226] {taskinstance.py:1159} INFO - Dependencies all met for <TaskInstance: dados_climaticos.cria_pasta scheduled__2023-03-20T00:00:00+00:00 [queued]>
[2023-04-04 15:16:39,229] {taskinstance.py:1159} INFO - Dependencies all met for <TaskInstance: dados_climaticos.cria_pasta scheduled__2023-03-20T00:00:00+00:00 [queued]>
[2023-04-04 15:16:39,229] {taskinstance.py:1356} INFO - 
--------------------------------------------------------------------------------
[2023-04-04 15:16:39,229] {taskinstance.py:1357} INFO - Starting attempt 1 of 1
[2023-04-04 15:16:39,229] {taskinstance.py:1358} INFO - 
--------------------------------------------------------------------------------
[2023-04-04 15:16:39,255] {taskinstance.py:1377} INFO - Executing <Task(BashOperator): cria_pasta> on 2023-03-20 00:00:00+00:00
[2023-04-04 15:16:39,259] {standard_task_runner.py:52} INFO - Started process 9267 to run task
[2023-04-04 15:16:39,261] {standard_task_runner.py:79} INFO - Running: ['airflow', 'tasks', 'run', 'dados_climaticos', 'cria_pasta', 'scheduled__2023-03-20T00:00:00+00:00', '--job-id', '84', '--raw', '--subdir', 'DAGS_FOLDER/dados_climaticos.py', '--cfg-path', '/tmp/tmpdcl2z33t', '--error-file', '/tmp/tmpdi3pi59m']
[2023-04-04 15:16:39,261] {standard_task_runner.py:80} INFO - Job 84: Subtask cria_pasta
[2023-04-04 15:16:39,312] {task_command.py:370} INFO - Running <TaskInstance: dados_climaticos.cria_pasta scheduled__2023-03-20T00:00:00+00:00 [running]> on host bruno-H610M-H-DDR4
[2023-04-04 15:16:39,386] {taskinstance.py:1569} INFO - Exporting the following env vars:
AIRFLOW_CTX_DAG_OWNER=airflow
AIRFLOW_CTX_DAG_ID=dados_climaticos
AIRFLOW_CTX_TASK_ID=cria_pasta
AIRFLOW_CTX_EXECUTION_DATE=2023-03-20T00:00:00+00:00
AIRFLOW_CTX_TRY_NUMBER=1
AIRFLOW_CTX_DAG_RUN_ID=scheduled__2023-03-20T00:00:00+00:00
[2023-04-04 15:16:39,388] {subprocess.py:62} INFO - Tmp dir root location: 
 /tmp
[2023-04-04 15:16:39,389] {subprocess.py:74} INFO - Running command: ['bash', '-c', 'mkdir -p "/home/bruno/Documents/airflow_alura/semana=2023-03-27"']
[2023-04-04 15:16:39,399] {subprocess.py:85} INFO - Output:
[2023-04-04 15:16:39,402] {subprocess.py:96} INFO - Command exited with return code 0
[2023-04-04 15:16:39,445] {taskinstance.py:1395} INFO - Marking task as SUCCESS. dag_id=dados_climaticos, task_id=cria_pasta, execution_date=20230320T000000, start_date=20230404T181639, end_date=20230404T181639
[2023-04-04 15:16:39,473] {local_task_job.py:156} INFO - Task exited with return code 0
[2023-04-04 15:16:39,503] {local_task_job.py:273} INFO - 1 downstream tasks scheduled from follow-on schedule check
[2023-04-04 15:27:30,947] {taskinstance.py:1159} INFO - Dependencies all met for <TaskInstance: dados_climaticos.cria_pasta scheduled__2023-03-20T00:00:00+00:00 [queued]>
[2023-04-04 15:27:30,960] {taskinstance.py:1159} INFO - Dependencies all met for <TaskInstance: dados_climaticos.cria_pasta scheduled__2023-03-20T00:00:00+00:00 [queued]>
[2023-04-04 15:27:30,960] {taskinstance.py:1356} INFO - 
--------------------------------------------------------------------------------
[2023-04-04 15:27:30,960] {taskinstance.py:1357} INFO - Starting attempt 1 of 1
[2023-04-04 15:27:30,960] {taskinstance.py:1358} INFO - 
--------------------------------------------------------------------------------
[2023-04-04 15:27:30,982] {taskinstance.py:1377} INFO - Executing <Task(BashOperator): cria_pasta> on 2023-03-20 00:00:00+00:00
[2023-04-04 15:27:30,985] {standard_task_runner.py:52} INFO - Started process 11422 to run task
[2023-04-04 15:27:30,987] {standard_task_runner.py:79} INFO - Running: ['airflow', 'tasks', 'run', 'dados_climaticos', 'cria_pasta', 'scheduled__2023-03-20T00:00:00+00:00', '--job-id', '89', '--raw', '--subdir', 'DAGS_FOLDER/dados_climaticos.py', '--cfg-path', '/tmp/tmprqnb398o', '--error-file', '/tmp/tmpdx4b683y']
[2023-04-04 15:27:30,988] {standard_task_runner.py:80} INFO - Job 89: Subtask cria_pasta
[2023-04-04 15:27:31,029] {task_command.py:370} INFO - Running <TaskInstance: dados_climaticos.cria_pasta scheduled__2023-03-20T00:00:00+00:00 [running]> on host bruno-H610M-H-DDR4
[2023-04-04 15:27:31,113] {taskinstance.py:1569} INFO - Exporting the following env vars:
AIRFLOW_CTX_DAG_OWNER=airflow
AIRFLOW_CTX_DAG_ID=dados_climaticos
AIRFLOW_CTX_TASK_ID=cria_pasta
AIRFLOW_CTX_EXECUTION_DATE=2023-03-20T00:00:00+00:00
AIRFLOW_CTX_TRY_NUMBER=1
AIRFLOW_CTX_DAG_RUN_ID=scheduled__2023-03-20T00:00:00+00:00
[2023-04-04 15:27:31,115] {subprocess.py:62} INFO - Tmp dir root location: 
 /tmp
[2023-04-04 15:27:31,115] {subprocess.py:74} INFO - Running command: ['bash', '-c', 'mkdir -p "/home/bruno/Documents/airflow_alura/semana=2023-03-27"']
[2023-04-04 15:27:31,123] {subprocess.py:85} INFO - Output:
[2023-04-04 15:27:31,126] {subprocess.py:96} INFO - Command exited with return code 0
[2023-04-04 15:27:31,166] {taskinstance.py:1395} INFO - Marking task as SUCCESS. dag_id=dados_climaticos, task_id=cria_pasta, execution_date=20230320T000000, start_date=20230404T182730, end_date=20230404T182731
[2023-04-04 15:27:31,199] {local_task_job.py:156} INFO - Task exited with return code 0
[2023-04-04 15:27:31,237] {local_task_job.py:273} INFO - 1 downstream tasks scheduled from follow-on schedule check
