[2023-04-04 15:16:28,555] {taskinstance.py:1159} INFO - Dependencies all met for <TaskInstance: dados_climaticos.cria_pasta scheduled__2023-02-27T00:00:00+00:00 [queued]>
[2023-04-04 15:16:28,558] {taskinstance.py:1159} INFO - Dependencies all met for <TaskInstance: dados_climaticos.cria_pasta scheduled__2023-02-27T00:00:00+00:00 [queued]>
[2023-04-04 15:16:28,558] {taskinstance.py:1356} INFO - 
--------------------------------------------------------------------------------
[2023-04-04 15:16:28,558] {taskinstance.py:1357} INFO - Starting attempt 1 of 1
[2023-04-04 15:16:28,558] {taskinstance.py:1358} INFO - 
--------------------------------------------------------------------------------
[2023-04-04 15:16:28,579] {taskinstance.py:1377} INFO - Executing <Task(BashOperator): cria_pasta> on 2023-02-27 00:00:00+00:00
[2023-04-04 15:16:28,581] {standard_task_runner.py:52} INFO - Started process 9196 to run task
[2023-04-04 15:16:28,582] {standard_task_runner.py:79} INFO - Running: ['airflow', 'tasks', 'run', 'dados_climaticos', 'cria_pasta', 'scheduled__2023-02-27T00:00:00+00:00', '--job-id', '78', '--raw', '--subdir', 'DAGS_FOLDER/dados_climaticos.py', '--cfg-path', '/tmp/tmptxi_hfsb', '--error-file', '/tmp/tmp1e_ngujf']
[2023-04-04 15:16:28,583] {standard_task_runner.py:80} INFO - Job 78: Subtask cria_pasta
[2023-04-04 15:16:28,624] {task_command.py:370} INFO - Running <TaskInstance: dados_climaticos.cria_pasta scheduled__2023-02-27T00:00:00+00:00 [running]> on host bruno-H610M-H-DDR4
[2023-04-04 15:16:28,675] {taskinstance.py:1569} INFO - Exporting the following env vars:
AIRFLOW_CTX_DAG_OWNER=airflow
AIRFLOW_CTX_DAG_ID=dados_climaticos
AIRFLOW_CTX_TASK_ID=cria_pasta
AIRFLOW_CTX_EXECUTION_DATE=2023-02-27T00:00:00+00:00
AIRFLOW_CTX_TRY_NUMBER=1
AIRFLOW_CTX_DAG_RUN_ID=scheduled__2023-02-27T00:00:00+00:00
[2023-04-04 15:16:28,677] {subprocess.py:62} INFO - Tmp dir root location: 
 /tmp
[2023-04-04 15:16:28,677] {subprocess.py:74} INFO - Running command: ['bash', '-c', 'mkdir -p "/home/bruno/Documents/airflow_alura/semana=2023-03-06"']
[2023-04-04 15:16:28,686] {subprocess.py:85} INFO - Output:
[2023-04-04 15:16:28,688] {subprocess.py:96} INFO - Command exited with return code 0
[2023-04-04 15:16:28,724] {taskinstance.py:1395} INFO - Marking task as SUCCESS. dag_id=dados_climaticos, task_id=cria_pasta, execution_date=20230227T000000, start_date=20230404T181628, end_date=20230404T181628
[2023-04-04 15:16:28,754] {local_task_job.py:156} INFO - Task exited with return code 0
[2023-04-04 15:16:28,794] {local_task_job.py:273} INFO - 1 downstream tasks scheduled from follow-on schedule check
[2023-04-04 15:27:19,860] {taskinstance.py:1159} INFO - Dependencies all met for <TaskInstance: dados_climaticos.cria_pasta scheduled__2023-02-27T00:00:00+00:00 [queued]>
[2023-04-04 15:27:19,874] {taskinstance.py:1159} INFO - Dependencies all met for <TaskInstance: dados_climaticos.cria_pasta scheduled__2023-02-27T00:00:00+00:00 [queued]>
[2023-04-04 15:27:19,874] {taskinstance.py:1356} INFO - 
--------------------------------------------------------------------------------
[2023-04-04 15:27:19,874] {taskinstance.py:1357} INFO - Starting attempt 1 of 1
[2023-04-04 15:27:19,874] {taskinstance.py:1358} INFO - 
--------------------------------------------------------------------------------
[2023-04-04 15:27:19,895] {taskinstance.py:1377} INFO - Executing <Task(BashOperator): cria_pasta> on 2023-02-27 00:00:00+00:00
[2023-04-04 15:27:19,898] {standard_task_runner.py:52} INFO - Started process 11349 to run task
[2023-04-04 15:27:19,903] {standard_task_runner.py:79} INFO - Running: ['airflow', 'tasks', 'run', 'dados_climaticos', 'cria_pasta', 'scheduled__2023-02-27T00:00:00+00:00', '--job-id', '83', '--raw', '--subdir', 'DAGS_FOLDER/dados_climaticos.py', '--cfg-path', '/tmp/tmpqpb6w31h', '--error-file', '/tmp/tmpcso9sqxm']
[2023-04-04 15:27:19,904] {standard_task_runner.py:80} INFO - Job 83: Subtask cria_pasta
[2023-04-04 15:27:19,947] {task_command.py:370} INFO - Running <TaskInstance: dados_climaticos.cria_pasta scheduled__2023-02-27T00:00:00+00:00 [running]> on host bruno-H610M-H-DDR4
[2023-04-04 15:27:19,998] {taskinstance.py:1569} INFO - Exporting the following env vars:
AIRFLOW_CTX_DAG_OWNER=airflow
AIRFLOW_CTX_DAG_ID=dados_climaticos
AIRFLOW_CTX_TASK_ID=cria_pasta
AIRFLOW_CTX_EXECUTION_DATE=2023-02-27T00:00:00+00:00
AIRFLOW_CTX_TRY_NUMBER=1
AIRFLOW_CTX_DAG_RUN_ID=scheduled__2023-02-27T00:00:00+00:00
[2023-04-04 15:27:19,998] {subprocess.py:62} INFO - Tmp dir root location: 
 /tmp
[2023-04-04 15:27:19,999] {subprocess.py:74} INFO - Running command: ['bash', '-c', 'mkdir -p "/home/bruno/Documents/airflow_alura/semana=2023-03-06"']
[2023-04-04 15:27:20,002] {subprocess.py:85} INFO - Output:
[2023-04-04 15:27:20,003] {subprocess.py:96} INFO - Command exited with return code 0
[2023-04-04 15:27:20,033] {taskinstance.py:1395} INFO - Marking task as SUCCESS. dag_id=dados_climaticos, task_id=cria_pasta, execution_date=20230227T000000, start_date=20230404T182719, end_date=20230404T182720
[2023-04-04 15:27:20,115] {local_task_job.py:156} INFO - Task exited with return code 0
[2023-04-04 15:27:20,161] {local_task_job.py:273} INFO - 1 downstream tasks scheduled from follow-on schedule check
