[2023-04-04 15:15:39,644] {taskinstance.py:1159} INFO - Dependencies all met for <TaskInstance: dados_climaticos.cria_pasta scheduled__2022-11-21T00:00:00+00:00 [queued]>
[2023-04-04 15:15:39,647] {taskinstance.py:1159} INFO - Dependencies all met for <TaskInstance: dados_climaticos.cria_pasta scheduled__2022-11-21T00:00:00+00:00 [queued]>
[2023-04-04 15:15:39,650] {taskinstance.py:1356} INFO - 
--------------------------------------------------------------------------------
[2023-04-04 15:15:39,650] {taskinstance.py:1357} INFO - Starting attempt 1 of 1
[2023-04-04 15:15:39,650] {taskinstance.py:1358} INFO - 
--------------------------------------------------------------------------------
[2023-04-04 15:15:39,693] {taskinstance.py:1377} INFO - Executing <Task(BashOperator): cria_pasta> on 2022-11-21 00:00:00+00:00
[2023-04-04 15:15:39,697] {standard_task_runner.py:52} INFO - Started process 8875 to run task
[2023-04-04 15:15:39,700] {standard_task_runner.py:79} INFO - Running: ['airflow', 'tasks', 'run', 'dados_climaticos', 'cria_pasta', 'scheduled__2022-11-21T00:00:00+00:00', '--job-id', '51', '--raw', '--subdir', 'DAGS_FOLDER/dados_climaticos.py', '--cfg-path', '/tmp/tmpt2fhyju4', '--error-file', '/tmp/tmptlc6o4qq']
[2023-04-04 15:15:39,701] {standard_task_runner.py:80} INFO - Job 51: Subtask cria_pasta
[2023-04-04 15:15:39,758] {task_command.py:370} INFO - Running <TaskInstance: dados_climaticos.cria_pasta scheduled__2022-11-21T00:00:00+00:00 [running]> on host bruno-H610M-H-DDR4
[2023-04-04 15:15:39,802] {taskinstance.py:1569} INFO - Exporting the following env vars:
AIRFLOW_CTX_DAG_OWNER=airflow
AIRFLOW_CTX_DAG_ID=dados_climaticos
AIRFLOW_CTX_TASK_ID=cria_pasta
AIRFLOW_CTX_EXECUTION_DATE=2022-11-21T00:00:00+00:00
AIRFLOW_CTX_TRY_NUMBER=1
AIRFLOW_CTX_DAG_RUN_ID=scheduled__2022-11-21T00:00:00+00:00
[2023-04-04 15:15:39,802] {subprocess.py:62} INFO - Tmp dir root location: 
 /tmp
[2023-04-04 15:15:39,803] {subprocess.py:74} INFO - Running command: ['bash', '-c', 'mkdir -p "/home/bruno/Documents/airflow_alura/semana=2022-11-28"']
[2023-04-04 15:15:39,806] {subprocess.py:85} INFO - Output:
[2023-04-04 15:15:39,807] {subprocess.py:96} INFO - Command exited with return code 0
[2023-04-04 15:15:39,841] {taskinstance.py:1395} INFO - Marking task as SUCCESS. dag_id=dados_climaticos, task_id=cria_pasta, execution_date=20221121T000000, start_date=20230404T181539, end_date=20230404T181539
[2023-04-04 15:15:39,912] {local_task_job.py:156} INFO - Task exited with return code 0
[2023-04-04 15:15:39,949] {local_task_job.py:273} INFO - 1 downstream tasks scheduled from follow-on schedule check
[2023-04-04 15:26:23,585] {taskinstance.py:1159} INFO - Dependencies all met for <TaskInstance: dados_climaticos.cria_pasta scheduled__2022-11-21T00:00:00+00:00 [queued]>
[2023-04-04 15:26:23,598] {taskinstance.py:1159} INFO - Dependencies all met for <TaskInstance: dados_climaticos.cria_pasta scheduled__2022-11-21T00:00:00+00:00 [queued]>
[2023-04-04 15:26:23,598] {taskinstance.py:1356} INFO - 
--------------------------------------------------------------------------------
[2023-04-04 15:26:23,598] {taskinstance.py:1357} INFO - Starting attempt 1 of 1
[2023-04-04 15:26:23,598] {taskinstance.py:1358} INFO - 
--------------------------------------------------------------------------------
[2023-04-04 15:26:23,620] {taskinstance.py:1377} INFO - Executing <Task(BashOperator): cria_pasta> on 2022-11-21 00:00:00+00:00
[2023-04-04 15:26:23,622] {standard_task_runner.py:52} INFO - Started process 10957 to run task
[2023-04-04 15:26:23,624] {standard_task_runner.py:79} INFO - Running: ['airflow', 'tasks', 'run', 'dados_climaticos', 'cria_pasta', 'scheduled__2022-11-21T00:00:00+00:00', '--job-id', '54', '--raw', '--subdir', 'DAGS_FOLDER/dados_climaticos.py', '--cfg-path', '/tmp/tmp8gc_qubv', '--error-file', '/tmp/tmp96i8emzh']
[2023-04-04 15:26:23,625] {standard_task_runner.py:80} INFO - Job 54: Subtask cria_pasta
[2023-04-04 15:26:23,782] {task_command.py:370} INFO - Running <TaskInstance: dados_climaticos.cria_pasta scheduled__2022-11-21T00:00:00+00:00 [running]> on host bruno-H610M-H-DDR4
[2023-04-04 15:26:23,868] {taskinstance.py:1569} INFO - Exporting the following env vars:
AIRFLOW_CTX_DAG_OWNER=airflow
AIRFLOW_CTX_DAG_ID=dados_climaticos
AIRFLOW_CTX_TASK_ID=cria_pasta
AIRFLOW_CTX_EXECUTION_DATE=2022-11-21T00:00:00+00:00
AIRFLOW_CTX_TRY_NUMBER=1
AIRFLOW_CTX_DAG_RUN_ID=scheduled__2022-11-21T00:00:00+00:00
[2023-04-04 15:26:23,869] {subprocess.py:62} INFO - Tmp dir root location: 
 /tmp
[2023-04-04 15:26:23,869] {subprocess.py:74} INFO - Running command: ['bash', '-c', 'mkdir -p "/home/bruno/Documents/airflow_alura/semana=2022-11-28"']
[2023-04-04 15:26:23,873] {subprocess.py:85} INFO - Output:
[2023-04-04 15:26:23,874] {subprocess.py:96} INFO - Command exited with return code 0
[2023-04-04 15:26:23,913] {taskinstance.py:1395} INFO - Marking task as SUCCESS. dag_id=dados_climaticos, task_id=cria_pasta, execution_date=20221121T000000, start_date=20230404T182623, end_date=20230404T182623
[2023-04-04 15:26:23,957] {local_task_job.py:156} INFO - Task exited with return code 0
[2023-04-04 15:26:23,996] {local_task_job.py:273} INFO - 1 downstream tasks scheduled from follow-on schedule check
