[2023-04-04 14:49:47,884] {taskinstance.py:1159} INFO - Dependencies all met for <TaskInstance: dados_climaticos.cria_pasta scheduled__2022-09-05T00:00:00+00:00 [queued]>
[2023-04-04 14:49:47,887] {taskinstance.py:1159} INFO - Dependencies all met for <TaskInstance: dados_climaticos.cria_pasta scheduled__2022-09-05T00:00:00+00:00 [queued]>
[2023-04-04 14:49:47,887] {taskinstance.py:1356} INFO - 
--------------------------------------------------------------------------------
[2023-04-04 14:49:47,887] {taskinstance.py:1357} INFO - Starting attempt 1 of 1
[2023-04-04 14:49:47,887] {taskinstance.py:1358} INFO - 
--------------------------------------------------------------------------------
[2023-04-04 14:49:47,909] {taskinstance.py:1377} INFO - Executing <Task(BashOperator): cria_pasta> on 2022-09-05 00:00:00+00:00
[2023-04-04 14:49:47,911] {standard_task_runner.py:52} INFO - Started process 14696 to run task
[2023-04-04 14:49:47,914] {standard_task_runner.py:79} INFO - Running: ['airflow', 'tasks', 'run', 'dados_climaticos', 'cria_pasta', 'scheduled__2022-09-05T00:00:00+00:00', '--job-id', '30', '--raw', '--subdir', 'DAGS_FOLDER/dados_climaticos.py', '--cfg-path', '/tmp/tmpxlpokuvr', '--error-file', '/tmp/tmpydv5vewj']
[2023-04-04 14:49:47,914] {standard_task_runner.py:80} INFO - Job 30: Subtask cria_pasta
[2023-04-04 14:49:47,955] {task_command.py:370} INFO - Running <TaskInstance: dados_climaticos.cria_pasta scheduled__2022-09-05T00:00:00+00:00 [running]> on host bruno-H610M-H-DDR4
[2023-04-04 14:49:48,130] {taskinstance.py:1569} INFO - Exporting the following env vars:
AIRFLOW_CTX_DAG_OWNER=airflow
AIRFLOW_CTX_DAG_ID=dados_climaticos
AIRFLOW_CTX_TASK_ID=cria_pasta
AIRFLOW_CTX_EXECUTION_DATE=2022-09-05T00:00:00+00:00
AIRFLOW_CTX_TRY_NUMBER=1
AIRFLOW_CTX_DAG_RUN_ID=scheduled__2022-09-05T00:00:00+00:00
[2023-04-04 14:49:48,130] {subprocess.py:62} INFO - Tmp dir root location: 
 /tmp
[2023-04-04 14:49:48,131] {subprocess.py:74} INFO - Running command: ['bash', '-c', 'mkdir -p "/home/bruno/Documents/airflow_alura/semana=2022-09-12"']
[2023-04-04 14:49:48,134] {subprocess.py:85} INFO - Output:
[2023-04-04 14:49:48,135] {subprocess.py:96} INFO - Command exited with return code 0
[2023-04-04 14:49:48,162] {taskinstance.py:1395} INFO - Marking task as SUCCESS. dag_id=dados_climaticos, task_id=cria_pasta, execution_date=20220905T000000, start_date=20230404T174947, end_date=20230404T174948
[2023-04-04 14:49:48,206] {local_task_job.py:156} INFO - Task exited with return code 0
[2023-04-04 14:49:48,253] {local_task_job.py:273} INFO - 1 downstream tasks scheduled from follow-on schedule check
[2023-04-04 15:15:03,549] {taskinstance.py:1159} INFO - Dependencies all met for <TaskInstance: dados_climaticos.cria_pasta scheduled__2022-09-05T00:00:00+00:00 [queued]>
[2023-04-04 15:15:03,563] {taskinstance.py:1159} INFO - Dependencies all met for <TaskInstance: dados_climaticos.cria_pasta scheduled__2022-09-05T00:00:00+00:00 [queued]>
[2023-04-04 15:15:03,563] {taskinstance.py:1356} INFO - 
--------------------------------------------------------------------------------
[2023-04-04 15:15:03,563] {taskinstance.py:1357} INFO - Starting attempt 1 of 1
[2023-04-04 15:15:03,563] {taskinstance.py:1358} INFO - 
--------------------------------------------------------------------------------
[2023-04-04 15:15:03,584] {taskinstance.py:1377} INFO - Executing <Task(BashOperator): cria_pasta> on 2022-09-05 00:00:00+00:00
[2023-04-04 15:15:03,587] {standard_task_runner.py:52} INFO - Started process 8624 to run task
[2023-04-04 15:15:03,589] {standard_task_runner.py:79} INFO - Running: ['airflow', 'tasks', 'run', 'dados_climaticos', 'cria_pasta', 'scheduled__2022-09-05T00:00:00+00:00', '--job-id', '31', '--raw', '--subdir', 'DAGS_FOLDER/dados_climaticos.py', '--cfg-path', '/tmp/tmp3rmrk03u', '--error-file', '/tmp/tmppy8xe7og']
[2023-04-04 15:15:03,589] {standard_task_runner.py:80} INFO - Job 31: Subtask cria_pasta
[2023-04-04 15:15:03,625] {task_command.py:370} INFO - Running <TaskInstance: dados_climaticos.cria_pasta scheduled__2022-09-05T00:00:00+00:00 [running]> on host bruno-H610M-H-DDR4
[2023-04-04 15:15:03,680] {taskinstance.py:1569} INFO - Exporting the following env vars:
AIRFLOW_CTX_DAG_OWNER=airflow
AIRFLOW_CTX_DAG_ID=dados_climaticos
AIRFLOW_CTX_TASK_ID=cria_pasta
AIRFLOW_CTX_EXECUTION_DATE=2022-09-05T00:00:00+00:00
AIRFLOW_CTX_TRY_NUMBER=1
AIRFLOW_CTX_DAG_RUN_ID=scheduled__2022-09-05T00:00:00+00:00
[2023-04-04 15:15:03,681] {subprocess.py:62} INFO - Tmp dir root location: 
 /tmp
[2023-04-04 15:15:03,681] {subprocess.py:74} INFO - Running command: ['bash', '-c', 'mkdir -p "/home/millenagena/Documents/airflowalura/semana=2022-09-12"']
[2023-04-04 15:15:03,685] {subprocess.py:85} INFO - Output:
[2023-04-04 15:15:03,686] {subprocess.py:92} INFO - mkdir: cannot create directory ‘/home/millenagena’: Permission denied
[2023-04-04 15:15:03,686] {subprocess.py:96} INFO - Command exited with return code 1
[2023-04-04 15:15:03,690] {taskinstance.py:1889} ERROR - Task failed with exception
Traceback (most recent call last):
  File "/home/bruno/Documents/airflow_alura/venv/lib/python3.10/site-packages/airflow/operators/bash.py", line 194, in execute
    raise AirflowException(
airflow.exceptions.AirflowException: Bash command failed. The command returned a non-zero exit code 1.
[2023-04-04 15:15:03,691] {taskinstance.py:1395} INFO - Marking task as FAILED. dag_id=dados_climaticos, task_id=cria_pasta, execution_date=20220905T000000, start_date=20230404T181503, end_date=20230404T181503
[2023-04-04 15:15:03,708] {standard_task_runner.py:92} ERROR - Failed to execute job 31 for task cria_pasta (Bash command failed. The command returned a non-zero exit code 1.; 8624)
[2023-04-04 15:15:03,720] {local_task_job.py:156} INFO - Task exited with return code 1
[2023-04-04 15:15:03,754] {local_task_job.py:273} INFO - 0 downstream tasks scheduled from follow-on schedule check
[2023-04-04 15:18:25,753] {taskinstance.py:1159} INFO - Dependencies all met for <TaskInstance: dados_climaticos.cria_pasta scheduled__2022-09-05T00:00:00+00:00 [queued]>
[2023-04-04 15:18:25,766] {taskinstance.py:1159} INFO - Dependencies all met for <TaskInstance: dados_climaticos.cria_pasta scheduled__2022-09-05T00:00:00+00:00 [queued]>
[2023-04-04 15:18:25,766] {taskinstance.py:1356} INFO - 
--------------------------------------------------------------------------------
[2023-04-04 15:18:25,766] {taskinstance.py:1357} INFO - Starting attempt 1 of 1
[2023-04-04 15:18:25,766] {taskinstance.py:1358} INFO - 
--------------------------------------------------------------------------------
[2023-04-04 15:18:25,793] {taskinstance.py:1377} INFO - Executing <Task(BashOperator): cria_pasta> on 2022-09-05 00:00:00+00:00
[2023-04-04 15:18:25,797] {standard_task_runner.py:52} INFO - Started process 9545 to run task
[2023-04-04 15:18:25,800] {standard_task_runner.py:79} INFO - Running: ['airflow', 'tasks', 'run', 'dados_climaticos', 'cria_pasta', 'scheduled__2022-09-05T00:00:00+00:00', '--job-id', '32', '--raw', '--subdir', 'DAGS_FOLDER/dados_climaticos.py', '--cfg-path', '/tmp/tmpzh3jti6w', '--error-file', '/tmp/tmpm_f0zmza']
[2023-04-04 15:18:25,800] {standard_task_runner.py:80} INFO - Job 32: Subtask cria_pasta
[2023-04-04 15:18:25,842] {task_command.py:370} INFO - Running <TaskInstance: dados_climaticos.cria_pasta scheduled__2022-09-05T00:00:00+00:00 [running]> on host bruno-H610M-H-DDR4
[2023-04-04 15:18:25,888] {taskinstance.py:1569} INFO - Exporting the following env vars:
AIRFLOW_CTX_DAG_OWNER=airflow
AIRFLOW_CTX_DAG_ID=dados_climaticos
AIRFLOW_CTX_TASK_ID=cria_pasta
AIRFLOW_CTX_EXECUTION_DATE=2022-09-05T00:00:00+00:00
AIRFLOW_CTX_TRY_NUMBER=1
AIRFLOW_CTX_DAG_RUN_ID=scheduled__2022-09-05T00:00:00+00:00
[2023-04-04 15:18:25,888] {subprocess.py:62} INFO - Tmp dir root location: 
 /tmp
[2023-04-04 15:18:25,888] {subprocess.py:74} INFO - Running command: ['bash', '-c', 'mkdir -p "/home/bruno/Documents/airflow_alura/semana=2022-09-12"']
[2023-04-04 15:18:25,892] {subprocess.py:85} INFO - Output:
[2023-04-04 15:18:25,893] {subprocess.py:96} INFO - Command exited with return code 0
[2023-04-04 15:18:25,920] {taskinstance.py:1395} INFO - Marking task as SUCCESS. dag_id=dados_climaticos, task_id=cria_pasta, execution_date=20220905T000000, start_date=20230404T181825, end_date=20230404T181825
[2023-04-04 15:18:25,971] {local_task_job.py:156} INFO - Task exited with return code 0
[2023-04-04 15:18:26,001] {local_task_job.py:273} INFO - 1 downstream tasks scheduled from follow-on schedule check
[2023-04-04 15:20:41,455] {taskinstance.py:1159} INFO - Dependencies all met for <TaskInstance: dados_climaticos.cria_pasta scheduled__2022-09-05T00:00:00+00:00 [queued]>
[2023-04-04 15:20:41,469] {taskinstance.py:1159} INFO - Dependencies all met for <TaskInstance: dados_climaticos.cria_pasta scheduled__2022-09-05T00:00:00+00:00 [queued]>
[2023-04-04 15:20:41,469] {taskinstance.py:1356} INFO - 
--------------------------------------------------------------------------------
[2023-04-04 15:20:41,469] {taskinstance.py:1357} INFO - Starting attempt 1 of 1
[2023-04-04 15:20:41,469] {taskinstance.py:1358} INFO - 
--------------------------------------------------------------------------------
[2023-04-04 15:20:41,495] {taskinstance.py:1377} INFO - Executing <Task(BashOperator): cria_pasta> on 2022-09-05 00:00:00+00:00
[2023-04-04 15:20:41,498] {standard_task_runner.py:52} INFO - Started process 9944 to run task
[2023-04-04 15:20:41,502] {standard_task_runner.py:79} INFO - Running: ['airflow', 'tasks', 'run', 'dados_climaticos', 'cria_pasta', 'scheduled__2022-09-05T00:00:00+00:00', '--job-id', '32', '--raw', '--subdir', 'DAGS_FOLDER/dados_climaticos.py', '--cfg-path', '/tmp/tmpax7990td', '--error-file', '/tmp/tmpztyjaz3c']
[2023-04-04 15:20:41,503] {standard_task_runner.py:80} INFO - Job 32: Subtask cria_pasta
[2023-04-04 15:20:41,553] {task_command.py:370} INFO - Running <TaskInstance: dados_climaticos.cria_pasta scheduled__2022-09-05T00:00:00+00:00 [running]> on host bruno-H610M-H-DDR4
[2023-04-04 15:20:41,595] {taskinstance.py:1569} INFO - Exporting the following env vars:
AIRFLOW_CTX_DAG_OWNER=airflow
AIRFLOW_CTX_DAG_ID=dados_climaticos
AIRFLOW_CTX_TASK_ID=cria_pasta
AIRFLOW_CTX_EXECUTION_DATE=2022-09-05T00:00:00+00:00
AIRFLOW_CTX_TRY_NUMBER=1
AIRFLOW_CTX_DAG_RUN_ID=scheduled__2022-09-05T00:00:00+00:00
[2023-04-04 15:20:41,595] {subprocess.py:62} INFO - Tmp dir root location: 
 /tmp
[2023-04-04 15:20:41,595] {subprocess.py:74} INFO - Running command: ['bash', '-c', 'mkdir -p "/home/bruno/Documents/airflow_alura/semana=2022-09-12"']
[2023-04-04 15:20:41,599] {subprocess.py:85} INFO - Output:
[2023-04-04 15:20:41,600] {subprocess.py:96} INFO - Command exited with return code 0
[2023-04-04 15:20:41,632] {taskinstance.py:1395} INFO - Marking task as SUCCESS. dag_id=dados_climaticos, task_id=cria_pasta, execution_date=20220905T000000, start_date=20230404T182041, end_date=20230404T182041
[2023-04-04 15:20:41,674] {local_task_job.py:156} INFO - Task exited with return code 0
[2023-04-04 15:20:41,698] {local_task_job.py:273} INFO - 1 downstream tasks scheduled from follow-on schedule check
[2023-04-04 15:22:25,370] {taskinstance.py:1159} INFO - Dependencies all met for <TaskInstance: dados_climaticos.cria_pasta scheduled__2022-09-05T00:00:00+00:00 [queued]>
[2023-04-04 15:22:25,384] {taskinstance.py:1159} INFO - Dependencies all met for <TaskInstance: dados_climaticos.cria_pasta scheduled__2022-09-05T00:00:00+00:00 [queued]>
[2023-04-04 15:22:25,384] {taskinstance.py:1356} INFO - 
--------------------------------------------------------------------------------
[2023-04-04 15:22:25,384] {taskinstance.py:1357} INFO - Starting attempt 1 of 1
[2023-04-04 15:22:25,384] {taskinstance.py:1358} INFO - 
--------------------------------------------------------------------------------
[2023-04-04 15:22:25,405] {taskinstance.py:1377} INFO - Executing <Task(BashOperator): cria_pasta> on 2022-09-05 00:00:00+00:00
[2023-04-04 15:22:25,408] {standard_task_runner.py:52} INFO - Started process 10221 to run task
[2023-04-04 15:22:25,411] {standard_task_runner.py:79} INFO - Running: ['airflow', 'tasks', 'run', 'dados_climaticos', 'cria_pasta', 'scheduled__2022-09-05T00:00:00+00:00', '--job-id', '32', '--raw', '--subdir', 'DAGS_FOLDER/dados_climaticos.py', '--cfg-path', '/tmp/tmpdg7s2zja', '--error-file', '/tmp/tmpw9plnl0n']
[2023-04-04 15:22:25,411] {standard_task_runner.py:80} INFO - Job 32: Subtask cria_pasta
[2023-04-04 15:22:25,454] {task_command.py:370} INFO - Running <TaskInstance: dados_climaticos.cria_pasta scheduled__2022-09-05T00:00:00+00:00 [running]> on host bruno-H610M-H-DDR4
[2023-04-04 15:22:25,503] {taskinstance.py:1569} INFO - Exporting the following env vars:
AIRFLOW_CTX_DAG_OWNER=airflow
AIRFLOW_CTX_DAG_ID=dados_climaticos
AIRFLOW_CTX_TASK_ID=cria_pasta
AIRFLOW_CTX_EXECUTION_DATE=2022-09-05T00:00:00+00:00
AIRFLOW_CTX_TRY_NUMBER=1
AIRFLOW_CTX_DAG_RUN_ID=scheduled__2022-09-05T00:00:00+00:00
[2023-04-04 15:22:25,504] {subprocess.py:62} INFO - Tmp dir root location: 
 /tmp
[2023-04-04 15:22:25,505] {subprocess.py:74} INFO - Running command: ['bash', '-c', 'mkdir -p "/home/bruno/Documents/airflow_alura/semana=2022-09-12"']
[2023-04-04 15:22:25,512] {subprocess.py:85} INFO - Output:
[2023-04-04 15:22:25,514] {subprocess.py:96} INFO - Command exited with return code 0
[2023-04-04 15:22:25,551] {taskinstance.py:1395} INFO - Marking task as SUCCESS. dag_id=dados_climaticos, task_id=cria_pasta, execution_date=20220905T000000, start_date=20230404T182225, end_date=20230404T182225
[2023-04-04 15:22:25,623] {local_task_job.py:156} INFO - Task exited with return code 0
[2023-04-04 15:22:25,670] {local_task_job.py:273} INFO - 1 downstream tasks scheduled from follow-on schedule check
[2023-04-04 15:25:41,387] {taskinstance.py:1159} INFO - Dependencies all met for <TaskInstance: dados_climaticos.cria_pasta scheduled__2022-09-05T00:00:00+00:00 [queued]>
[2023-04-04 15:25:41,401] {taskinstance.py:1159} INFO - Dependencies all met for <TaskInstance: dados_climaticos.cria_pasta scheduled__2022-09-05T00:00:00+00:00 [queued]>
[2023-04-04 15:25:41,401] {taskinstance.py:1356} INFO - 
--------------------------------------------------------------------------------
[2023-04-04 15:25:41,401] {taskinstance.py:1357} INFO - Starting attempt 1 of 1
[2023-04-04 15:25:41,401] {taskinstance.py:1358} INFO - 
--------------------------------------------------------------------------------
[2023-04-04 15:25:41,422] {taskinstance.py:1377} INFO - Executing <Task(BashOperator): cria_pasta> on 2022-09-05 00:00:00+00:00
[2023-04-04 15:25:41,424] {standard_task_runner.py:52} INFO - Started process 10687 to run task
[2023-04-04 15:25:41,426] {standard_task_runner.py:79} INFO - Running: ['airflow', 'tasks', 'run', 'dados_climaticos', 'cria_pasta', 'scheduled__2022-09-05T00:00:00+00:00', '--job-id', '32', '--raw', '--subdir', 'DAGS_FOLDER/dados_climaticos.py', '--cfg-path', '/tmp/tmp_7wch9k7', '--error-file', '/tmp/tmppq0b31cz']
[2023-04-04 15:25:41,427] {standard_task_runner.py:80} INFO - Job 32: Subtask cria_pasta
[2023-04-04 15:25:41,465] {task_command.py:370} INFO - Running <TaskInstance: dados_climaticos.cria_pasta scheduled__2022-09-05T00:00:00+00:00 [running]> on host bruno-H610M-H-DDR4
[2023-04-04 15:25:41,523] {taskinstance.py:1569} INFO - Exporting the following env vars:
AIRFLOW_CTX_DAG_OWNER=airflow
AIRFLOW_CTX_DAG_ID=dados_climaticos
AIRFLOW_CTX_TASK_ID=cria_pasta
AIRFLOW_CTX_EXECUTION_DATE=2022-09-05T00:00:00+00:00
AIRFLOW_CTX_TRY_NUMBER=1
AIRFLOW_CTX_DAG_RUN_ID=scheduled__2022-09-05T00:00:00+00:00
[2023-04-04 15:25:41,523] {subprocess.py:62} INFO - Tmp dir root location: 
 /tmp
[2023-04-04 15:25:41,524] {subprocess.py:74} INFO - Running command: ['bash', '-c', 'mkdir -p "/home/bruno/Documents/airflow_alura/semana=2022-09-12"']
[2023-04-04 15:25:41,528] {subprocess.py:85} INFO - Output:
[2023-04-04 15:25:41,528] {subprocess.py:96} INFO - Command exited with return code 0
[2023-04-04 15:25:41,555] {taskinstance.py:1395} INFO - Marking task as SUCCESS. dag_id=dados_climaticos, task_id=cria_pasta, execution_date=20220905T000000, start_date=20230404T182541, end_date=20230404T182541
[2023-04-04 15:25:41,598] {local_task_job.py:156} INFO - Task exited with return code 0
[2023-04-04 15:25:41,637] {local_task_job.py:273} INFO - 1 downstream tasks scheduled from follow-on schedule check
