[2023-04-04 14:47:04,868] {taskinstance.py:1159} INFO - Dependencies all met for <TaskInstance: dados_climaticos.cria_pasta scheduled__2023-03-27T00:00:00+00:00 [queued]>
[2023-04-04 14:47:04,871] {taskinstance.py:1159} INFO - Dependencies all met for <TaskInstance: dados_climaticos.cria_pasta scheduled__2023-03-27T00:00:00+00:00 [queued]>
[2023-04-04 14:47:04,871] {taskinstance.py:1356} INFO - 
--------------------------------------------------------------------------------
[2023-04-04 14:47:04,871] {taskinstance.py:1357} INFO - Starting attempt 1 of 1
[2023-04-04 14:47:04,871] {taskinstance.py:1358} INFO - 
--------------------------------------------------------------------------------
[2023-04-04 14:47:04,891] {taskinstance.py:1377} INFO - Executing <Task(BashOperator): cria_pasta> on 2023-03-27 00:00:00+00:00
[2023-04-04 14:47:04,892] {standard_task_runner.py:52} INFO - Started process 14269 to run task
[2023-04-04 14:47:04,895] {standard_task_runner.py:79} INFO - Running: ['airflow', 'tasks', 'run', 'dados_climaticos', 'cria_pasta', 'scheduled__2023-03-27T00:00:00+00:00', '--job-id', '27', '--raw', '--subdir', 'DAGS_FOLDER/dados_climaticos.py', '--cfg-path', '/tmp/tmpgomjxuq8', '--error-file', '/tmp/tmpkn65x5ih']
[2023-04-04 14:47:04,895] {standard_task_runner.py:80} INFO - Job 27: Subtask cria_pasta
[2023-04-04 14:47:04,935] {task_command.py:370} INFO - Running <TaskInstance: dados_climaticos.cria_pasta scheduled__2023-03-27T00:00:00+00:00 [running]> on host bruno-H610M-H-DDR4
[2023-04-04 14:47:04,995] {taskinstance.py:1569} INFO - Exporting the following env vars:
AIRFLOW_CTX_DAG_OWNER=airflow
AIRFLOW_CTX_DAG_ID=dados_climaticos
AIRFLOW_CTX_TASK_ID=cria_pasta
AIRFLOW_CTX_EXECUTION_DATE=2023-03-27T00:00:00+00:00
AIRFLOW_CTX_TRY_NUMBER=1
AIRFLOW_CTX_DAG_RUN_ID=scheduled__2023-03-27T00:00:00+00:00
[2023-04-04 14:47:04,996] {subprocess.py:62} INFO - Tmp dir root location: 
 /tmp
[2023-04-04 14:47:04,996] {subprocess.py:74} INFO - Running command: ['bash', '-c', 'mkdir -p "/home/bruno/Documents/airflow_alura/pasta=2023-04-03T00:00:00+00:00"']
[2023-04-04 14:47:05,002] {subprocess.py:85} INFO - Output:
[2023-04-04 14:47:05,006] {subprocess.py:96} INFO - Command exited with return code 0
[2023-04-04 14:47:05,038] {taskinstance.py:1395} INFO - Marking task as SUCCESS. dag_id=dados_climaticos, task_id=cria_pasta, execution_date=20230327T000000, start_date=20230404T174704, end_date=20230404T174705
[2023-04-04 14:47:05,066] {local_task_job.py:156} INFO - Task exited with return code 0
[2023-04-04 14:47:05,095] {local_task_job.py:273} INFO - 1 downstream tasks scheduled from follow-on schedule check
[2023-04-04 15:16:45,630] {taskinstance.py:1159} INFO - Dependencies all met for <TaskInstance: dados_climaticos.cria_pasta scheduled__2023-03-27T00:00:00+00:00 [queued]>
[2023-04-04 15:16:45,644] {taskinstance.py:1159} INFO - Dependencies all met for <TaskInstance: dados_climaticos.cria_pasta scheduled__2023-03-27T00:00:00+00:00 [queued]>
[2023-04-04 15:16:45,644] {taskinstance.py:1356} INFO - 
--------------------------------------------------------------------------------
[2023-04-04 15:16:45,644] {taskinstance.py:1357} INFO - Starting attempt 1 of 1
[2023-04-04 15:16:45,644] {taskinstance.py:1358} INFO - 
--------------------------------------------------------------------------------
[2023-04-04 15:16:45,666] {taskinstance.py:1377} INFO - Executing <Task(BashOperator): cria_pasta> on 2023-03-27 00:00:00+00:00
[2023-04-04 15:16:45,668] {standard_task_runner.py:52} INFO - Started process 9308 to run task
[2023-04-04 15:16:45,671] {standard_task_runner.py:79} INFO - Running: ['airflow', 'tasks', 'run', 'dados_climaticos', 'cria_pasta', 'scheduled__2023-03-27T00:00:00+00:00', '--job-id', '87', '--raw', '--subdir', 'DAGS_FOLDER/dados_climaticos.py', '--cfg-path', '/tmp/tmppo0qlewj', '--error-file', '/tmp/tmpqz38qtct']
[2023-04-04 15:16:45,671] {standard_task_runner.py:80} INFO - Job 87: Subtask cria_pasta
[2023-04-04 15:16:45,712] {task_command.py:370} INFO - Running <TaskInstance: dados_climaticos.cria_pasta scheduled__2023-03-27T00:00:00+00:00 [running]> on host bruno-H610M-H-DDR4
[2023-04-04 15:16:45,785] {taskinstance.py:1569} INFO - Exporting the following env vars:
AIRFLOW_CTX_DAG_OWNER=airflow
AIRFLOW_CTX_DAG_ID=dados_climaticos
AIRFLOW_CTX_TASK_ID=cria_pasta
AIRFLOW_CTX_EXECUTION_DATE=2023-03-27T00:00:00+00:00
AIRFLOW_CTX_TRY_NUMBER=1
AIRFLOW_CTX_DAG_RUN_ID=scheduled__2023-03-27T00:00:00+00:00
[2023-04-04 15:16:45,786] {subprocess.py:62} INFO - Tmp dir root location: 
 /tmp
[2023-04-04 15:16:45,787] {subprocess.py:74} INFO - Running command: ['bash', '-c', 'mkdir -p "/home/bruno/Documents/airflow_alura/semana=2023-04-03"']
[2023-04-04 15:16:45,795] {subprocess.py:85} INFO - Output:
[2023-04-04 15:16:45,798] {subprocess.py:96} INFO - Command exited with return code 0
[2023-04-04 15:16:45,840] {taskinstance.py:1395} INFO - Marking task as SUCCESS. dag_id=dados_climaticos, task_id=cria_pasta, execution_date=20230327T000000, start_date=20230404T181645, end_date=20230404T181645
[2023-04-04 15:16:45,883] {local_task_job.py:156} INFO - Task exited with return code 0
[2023-04-04 15:16:45,924] {local_task_job.py:273} INFO - 1 downstream tasks scheduled from follow-on schedule check
[2023-04-04 15:27:32,412] {taskinstance.py:1159} INFO - Dependencies all met for <TaskInstance: dados_climaticos.cria_pasta scheduled__2023-03-27T00:00:00+00:00 [queued]>
[2023-04-04 15:27:32,426] {taskinstance.py:1159} INFO - Dependencies all met for <TaskInstance: dados_climaticos.cria_pasta scheduled__2023-03-27T00:00:00+00:00 [queued]>
[2023-04-04 15:27:32,426] {taskinstance.py:1356} INFO - 
--------------------------------------------------------------------------------
[2023-04-04 15:27:32,426] {taskinstance.py:1357} INFO - Starting attempt 1 of 1
[2023-04-04 15:27:32,426] {taskinstance.py:1358} INFO - 
--------------------------------------------------------------------------------
[2023-04-04 15:27:32,447] {taskinstance.py:1377} INFO - Executing <Task(BashOperator): cria_pasta> on 2023-03-27 00:00:00+00:00
[2023-04-04 15:27:32,449] {standard_task_runner.py:52} INFO - Started process 11434 to run task
[2023-04-04 15:27:32,451] {standard_task_runner.py:79} INFO - Running: ['airflow', 'tasks', 'run', 'dados_climaticos', 'cria_pasta', 'scheduled__2023-03-27T00:00:00+00:00', '--job-id', '90', '--raw', '--subdir', 'DAGS_FOLDER/dados_climaticos.py', '--cfg-path', '/tmp/tmpde4pf2d3', '--error-file', '/tmp/tmpb3qp4cnz']
[2023-04-04 15:27:32,451] {standard_task_runner.py:80} INFO - Job 90: Subtask cria_pasta
[2023-04-04 15:27:32,495] {task_command.py:370} INFO - Running <TaskInstance: dados_climaticos.cria_pasta scheduled__2023-03-27T00:00:00+00:00 [running]> on host bruno-H610M-H-DDR4
[2023-04-04 15:27:32,564] {taskinstance.py:1569} INFO - Exporting the following env vars:
AIRFLOW_CTX_DAG_OWNER=airflow
AIRFLOW_CTX_DAG_ID=dados_climaticos
AIRFLOW_CTX_TASK_ID=cria_pasta
AIRFLOW_CTX_EXECUTION_DATE=2023-03-27T00:00:00+00:00
AIRFLOW_CTX_TRY_NUMBER=1
AIRFLOW_CTX_DAG_RUN_ID=scheduled__2023-03-27T00:00:00+00:00
[2023-04-04 15:27:32,565] {subprocess.py:62} INFO - Tmp dir root location: 
 /tmp
[2023-04-04 15:27:32,566] {subprocess.py:74} INFO - Running command: ['bash', '-c', 'mkdir -p "/home/bruno/Documents/airflow_alura/semana=2023-04-03"']
[2023-04-04 15:27:32,574] {subprocess.py:85} INFO - Output:
[2023-04-04 15:27:32,577] {subprocess.py:96} INFO - Command exited with return code 0
[2023-04-04 15:27:32,616] {taskinstance.py:1395} INFO - Marking task as SUCCESS. dag_id=dados_climaticos, task_id=cria_pasta, execution_date=20230327T000000, start_date=20230404T182732, end_date=20230404T182732
[2023-04-04 15:27:32,663] {local_task_job.py:156} INFO - Task exited with return code 0
[2023-04-04 15:27:32,701] {local_task_job.py:273} INFO - 1 downstream tasks scheduled from follow-on schedule check
