[2023-04-04 15:16:02,710] {taskinstance.py:1159} INFO - Dependencies all met for <TaskInstance: dados_climaticos.cria_pasta scheduled__2023-01-09T00:00:00+00:00 [queued]>
[2023-04-04 15:16:02,713] {taskinstance.py:1159} INFO - Dependencies all met for <TaskInstance: dados_climaticos.cria_pasta scheduled__2023-01-09T00:00:00+00:00 [queued]>
[2023-04-04 15:16:02,713] {taskinstance.py:1356} INFO - 
--------------------------------------------------------------------------------
[2023-04-04 15:16:02,713] {taskinstance.py:1357} INFO - Starting attempt 1 of 1
[2023-04-04 15:16:02,713] {taskinstance.py:1358} INFO - 
--------------------------------------------------------------------------------
[2023-04-04 15:16:02,734] {taskinstance.py:1377} INFO - Executing <Task(BashOperator): cria_pasta> on 2023-01-09 00:00:00+00:00
[2023-04-04 15:16:02,736] {standard_task_runner.py:52} INFO - Started process 9032 to run task
[2023-04-04 15:16:02,739] {standard_task_runner.py:79} INFO - Running: ['airflow', 'tasks', 'run', 'dados_climaticos', 'cria_pasta', 'scheduled__2023-01-09T00:00:00+00:00', '--job-id', '64', '--raw', '--subdir', 'DAGS_FOLDER/dados_climaticos.py', '--cfg-path', '/tmp/tmpdiy05gqw', '--error-file', '/tmp/tmpol0d2dzo']
[2023-04-04 15:16:02,740] {standard_task_runner.py:80} INFO - Job 64: Subtask cria_pasta
[2023-04-04 15:16:02,781] {task_command.py:370} INFO - Running <TaskInstance: dados_climaticos.cria_pasta scheduled__2023-01-09T00:00:00+00:00 [running]> on host bruno-H610M-H-DDR4
[2023-04-04 15:16:02,858] {taskinstance.py:1569} INFO - Exporting the following env vars:
AIRFLOW_CTX_DAG_OWNER=airflow
AIRFLOW_CTX_DAG_ID=dados_climaticos
AIRFLOW_CTX_TASK_ID=cria_pasta
AIRFLOW_CTX_EXECUTION_DATE=2023-01-09T00:00:00+00:00
AIRFLOW_CTX_TRY_NUMBER=1
AIRFLOW_CTX_DAG_RUN_ID=scheduled__2023-01-09T00:00:00+00:00
[2023-04-04 15:16:02,859] {subprocess.py:62} INFO - Tmp dir root location: 
 /tmp
[2023-04-04 15:16:02,859] {subprocess.py:74} INFO - Running command: ['bash', '-c', 'mkdir -p "/home/bruno/Documents/airflow_alura/semana=2023-01-16"']
[2023-04-04 15:16:02,864] {subprocess.py:85} INFO - Output:
[2023-04-04 15:16:02,866] {subprocess.py:96} INFO - Command exited with return code 0
[2023-04-04 15:16:02,939] {taskinstance.py:1395} INFO - Marking task as SUCCESS. dag_id=dados_climaticos, task_id=cria_pasta, execution_date=20230109T000000, start_date=20230404T181602, end_date=20230404T181602
[2023-04-04 15:16:02,991] {local_task_job.py:156} INFO - Task exited with return code 0
[2023-04-04 15:16:03,037] {local_task_job.py:273} INFO - 1 downstream tasks scheduled from follow-on schedule check
[2023-04-04 15:26:50,184] {taskinstance.py:1159} INFO - Dependencies all met for <TaskInstance: dados_climaticos.cria_pasta scheduled__2023-01-09T00:00:00+00:00 [queued]>
[2023-04-04 15:26:50,198] {taskinstance.py:1159} INFO - Dependencies all met for <TaskInstance: dados_climaticos.cria_pasta scheduled__2023-01-09T00:00:00+00:00 [queued]>
[2023-04-04 15:26:50,198] {taskinstance.py:1356} INFO - 
--------------------------------------------------------------------------------
[2023-04-04 15:26:50,198] {taskinstance.py:1357} INFO - Starting attempt 1 of 1
[2023-04-04 15:26:50,198] {taskinstance.py:1358} INFO - 
--------------------------------------------------------------------------------
[2023-04-04 15:26:50,220] {taskinstance.py:1377} INFO - Executing <Task(BashOperator): cria_pasta> on 2023-01-09 00:00:00+00:00
[2023-04-04 15:26:50,224] {standard_task_runner.py:52} INFO - Started process 11162 to run task
[2023-04-04 15:26:50,225] {standard_task_runner.py:79} INFO - Running: ['airflow', 'tasks', 'run', 'dados_climaticos', 'cria_pasta', 'scheduled__2023-01-09T00:00:00+00:00', '--job-id', '68', '--raw', '--subdir', 'DAGS_FOLDER/dados_climaticos.py', '--cfg-path', '/tmp/tmp5x2j711y', '--error-file', '/tmp/tmp6reii46v']
[2023-04-04 15:26:50,226] {standard_task_runner.py:80} INFO - Job 68: Subtask cria_pasta
[2023-04-04 15:26:50,260] {task_command.py:370} INFO - Running <TaskInstance: dados_climaticos.cria_pasta scheduled__2023-01-09T00:00:00+00:00 [running]> on host bruno-H610M-H-DDR4
[2023-04-04 15:26:50,310] {taskinstance.py:1569} INFO - Exporting the following env vars:
AIRFLOW_CTX_DAG_OWNER=airflow
AIRFLOW_CTX_DAG_ID=dados_climaticos
AIRFLOW_CTX_TASK_ID=cria_pasta
AIRFLOW_CTX_EXECUTION_DATE=2023-01-09T00:00:00+00:00
AIRFLOW_CTX_TRY_NUMBER=1
AIRFLOW_CTX_DAG_RUN_ID=scheduled__2023-01-09T00:00:00+00:00
[2023-04-04 15:26:50,311] {subprocess.py:62} INFO - Tmp dir root location: 
 /tmp
[2023-04-04 15:26:50,311] {subprocess.py:74} INFO - Running command: ['bash', '-c', 'mkdir -p "/home/bruno/Documents/airflow_alura/semana=2023-01-16"']
[2023-04-04 15:26:50,315] {subprocess.py:85} INFO - Output:
[2023-04-04 15:26:50,316] {subprocess.py:96} INFO - Command exited with return code 0
[2023-04-04 15:26:50,346] {taskinstance.py:1395} INFO - Marking task as SUCCESS. dag_id=dados_climaticos, task_id=cria_pasta, execution_date=20230109T000000, start_date=20230404T182650, end_date=20230404T182650
[2023-04-04 15:26:50,397] {local_task_job.py:156} INFO - Task exited with return code 0
[2023-04-04 15:26:50,439] {local_task_job.py:273} INFO - 1 downstream tasks scheduled from follow-on schedule check
