[2023-04-04 15:16:25,417] {taskinstance.py:1159} INFO - Dependencies all met for <TaskInstance: dados_climaticos.cria_pasta scheduled__2023-02-20T00:00:00+00:00 [queued]>
[2023-04-04 15:16:25,419] {taskinstance.py:1159} INFO - Dependencies all met for <TaskInstance: dados_climaticos.cria_pasta scheduled__2023-02-20T00:00:00+00:00 [queued]>
[2023-04-04 15:16:25,419] {taskinstance.py:1356} INFO - 
--------------------------------------------------------------------------------
[2023-04-04 15:16:25,419] {taskinstance.py:1357} INFO - Starting attempt 1 of 1
[2023-04-04 15:16:25,419] {taskinstance.py:1358} INFO - 
--------------------------------------------------------------------------------
[2023-04-04 15:16:25,451] {taskinstance.py:1377} INFO - Executing <Task(BashOperator): cria_pasta> on 2023-02-20 00:00:00+00:00
[2023-04-04 15:16:25,456] {standard_task_runner.py:52} INFO - Started process 9175 to run task
[2023-04-04 15:16:25,459] {standard_task_runner.py:79} INFO - Running: ['airflow', 'tasks', 'run', 'dados_climaticos', 'cria_pasta', 'scheduled__2023-02-20T00:00:00+00:00', '--job-id', '76', '--raw', '--subdir', 'DAGS_FOLDER/dados_climaticos.py', '--cfg-path', '/tmp/tmpsmrye7u0', '--error-file', '/tmp/tmp3p5ee9kn']
[2023-04-04 15:16:25,460] {standard_task_runner.py:80} INFO - Job 76: Subtask cria_pasta
[2023-04-04 15:16:25,535] {task_command.py:370} INFO - Running <TaskInstance: dados_climaticos.cria_pasta scheduled__2023-02-20T00:00:00+00:00 [running]> on host bruno-H610M-H-DDR4
[2023-04-04 15:16:25,586] {taskinstance.py:1569} INFO - Exporting the following env vars:
AIRFLOW_CTX_DAG_OWNER=airflow
AIRFLOW_CTX_DAG_ID=dados_climaticos
AIRFLOW_CTX_TASK_ID=cria_pasta
AIRFLOW_CTX_EXECUTION_DATE=2023-02-20T00:00:00+00:00
AIRFLOW_CTX_TRY_NUMBER=1
AIRFLOW_CTX_DAG_RUN_ID=scheduled__2023-02-20T00:00:00+00:00
[2023-04-04 15:16:25,586] {subprocess.py:62} INFO - Tmp dir root location: 
 /tmp
[2023-04-04 15:16:25,587] {subprocess.py:74} INFO - Running command: ['bash', '-c', 'mkdir -p "/home/bruno/Documents/airflow_alura/semana=2023-02-27"']
[2023-04-04 15:16:25,590] {subprocess.py:85} INFO - Output:
[2023-04-04 15:16:25,591] {subprocess.py:96} INFO - Command exited with return code 0
[2023-04-04 15:16:25,632] {taskinstance.py:1395} INFO - Marking task as SUCCESS. dag_id=dados_climaticos, task_id=cria_pasta, execution_date=20230220T000000, start_date=20230404T181625, end_date=20230404T181625
[2023-04-04 15:16:25,670] {local_task_job.py:156} INFO - Task exited with return code 0
[2023-04-04 15:16:25,717] {local_task_job.py:273} INFO - 1 downstream tasks scheduled from follow-on schedule check
[2023-04-04 15:27:13,486] {taskinstance.py:1159} INFO - Dependencies all met for <TaskInstance: dados_climaticos.cria_pasta scheduled__2023-02-20T00:00:00+00:00 [queued]>
[2023-04-04 15:27:13,500] {taskinstance.py:1159} INFO - Dependencies all met for <TaskInstance: dados_climaticos.cria_pasta scheduled__2023-02-20T00:00:00+00:00 [queued]>
[2023-04-04 15:27:13,500] {taskinstance.py:1356} INFO - 
--------------------------------------------------------------------------------
[2023-04-04 15:27:13,500] {taskinstance.py:1357} INFO - Starting attempt 1 of 1
[2023-04-04 15:27:13,500] {taskinstance.py:1358} INFO - 
--------------------------------------------------------------------------------
[2023-04-04 15:27:13,521] {taskinstance.py:1377} INFO - Executing <Task(BashOperator): cria_pasta> on 2023-02-20 00:00:00+00:00
[2023-04-04 15:27:13,523] {standard_task_runner.py:52} INFO - Started process 11308 to run task
[2023-04-04 15:27:13,527] {standard_task_runner.py:79} INFO - Running: ['airflow', 'tasks', 'run', 'dados_climaticos', 'cria_pasta', 'scheduled__2023-02-20T00:00:00+00:00', '--job-id', '80', '--raw', '--subdir', 'DAGS_FOLDER/dados_climaticos.py', '--cfg-path', '/tmp/tmpqqe1tpym', '--error-file', '/tmp/tmpv68fs40z']
[2023-04-04 15:27:13,527] {standard_task_runner.py:80} INFO - Job 80: Subtask cria_pasta
[2023-04-04 15:27:13,577] {task_command.py:370} INFO - Running <TaskInstance: dados_climaticos.cria_pasta scheduled__2023-02-20T00:00:00+00:00 [running]> on host bruno-H610M-H-DDR4
[2023-04-04 15:27:13,627] {taskinstance.py:1569} INFO - Exporting the following env vars:
AIRFLOW_CTX_DAG_OWNER=airflow
AIRFLOW_CTX_DAG_ID=dados_climaticos
AIRFLOW_CTX_TASK_ID=cria_pasta
AIRFLOW_CTX_EXECUTION_DATE=2023-02-20T00:00:00+00:00
AIRFLOW_CTX_TRY_NUMBER=1
AIRFLOW_CTX_DAG_RUN_ID=scheduled__2023-02-20T00:00:00+00:00
[2023-04-04 15:27:13,627] {subprocess.py:62} INFO - Tmp dir root location: 
 /tmp
[2023-04-04 15:27:13,628] {subprocess.py:74} INFO - Running command: ['bash', '-c', 'mkdir -p "/home/bruno/Documents/airflow_alura/semana=2023-02-27"']
[2023-04-04 15:27:13,631] {subprocess.py:85} INFO - Output:
[2023-04-04 15:27:13,632] {subprocess.py:96} INFO - Command exited with return code 0
[2023-04-04 15:27:13,667] {taskinstance.py:1395} INFO - Marking task as SUCCESS. dag_id=dados_climaticos, task_id=cria_pasta, execution_date=20230220T000000, start_date=20230404T182713, end_date=20230404T182713
[2023-04-04 15:27:13,698] {local_task_job.py:156} INFO - Task exited with return code 0
[2023-04-04 15:27:13,732] {local_task_job.py:273} INFO - 1 downstream tasks scheduled from follow-on schedule check
