[2023-04-04 09:09:13,702] {taskinstance.py:1159} INFO - Dependencies all met for <TaskInstance: example_weekday_branch_operator.make_choice scheduled__2023-04-03T00:00:00+00:00 [queued]>
[2023-04-04 09:09:13,705] {taskinstance.py:1159} INFO - Dependencies all met for <TaskInstance: example_weekday_branch_operator.make_choice scheduled__2023-04-03T00:00:00+00:00 [queued]>
[2023-04-04 09:09:13,705] {taskinstance.py:1356} INFO - 
--------------------------------------------------------------------------------
[2023-04-04 09:09:13,705] {taskinstance.py:1357} INFO - Starting attempt 1 of 1
[2023-04-04 09:09:13,705] {taskinstance.py:1358} INFO - 
--------------------------------------------------------------------------------
[2023-04-04 09:09:13,726] {taskinstance.py:1377} INFO - Executing <Task(BranchDayOfWeekOperator): make_choice> on 2023-04-03 00:00:00+00:00
[2023-04-04 09:09:13,728] {standard_task_runner.py:52} INFO - Started process 22344 to run task
[2023-04-04 09:09:13,730] {standard_task_runner.py:79} INFO - Running: ['airflow', 'tasks', 'run', 'example_weekday_branch_operator', 'make_choice', 'scheduled__2023-04-03T00:00:00+00:00', '--job-id', '4', '--raw', '--subdir', '/home/bruno/Documents/airflow_alura/venv/lib/python3.10/site-packages/airflow/example_dags/example_branch_day_of_week_operator.py', '--cfg-path', '/tmp/tmpdv8_1c2q', '--error-file', '/tmp/tmppa_hrhi8']
[2023-04-04 09:09:13,730] {standard_task_runner.py:80} INFO - Job 4: Subtask make_choice
[2023-04-04 09:09:13,767] {task_command.py:370} INFO - Running <TaskInstance: example_weekday_branch_operator.make_choice scheduled__2023-04-03T00:00:00+00:00 [running]> on host bruno-H610M-H-DDR4
[2023-04-04 09:09:13,816] {taskinstance.py:1569} INFO - Exporting the following env vars:
AIRFLOW_CTX_DAG_OWNER=airflow
AIRFLOW_CTX_DAG_ID=example_weekday_branch_operator
AIRFLOW_CTX_TASK_ID=make_choice
AIRFLOW_CTX_EXECUTION_DATE=2023-04-03T00:00:00+00:00
AIRFLOW_CTX_TRY_NUMBER=1
AIRFLOW_CTX_DAG_RUN_ID=scheduled__2023-04-03T00:00:00+00:00
[2023-04-04 09:09:13,817] {skipmixin.py:140} INFO - Following branch branch_false
[2023-04-04 09:09:13,817] {skipmixin.py:175} INFO - Skipping tasks ['branch_true']
[2023-04-04 09:09:13,886] {taskinstance.py:1395} INFO - Marking task as SUCCESS. dag_id=example_weekday_branch_operator, task_id=make_choice, execution_date=20230403T000000, start_date=20230404T120913, end_date=20230404T120913
[2023-04-04 09:09:13,941] {local_task_job.py:156} INFO - Task exited with return code 0
[2023-04-04 09:09:13,984] {local_task_job.py:273} INFO - 1 downstream tasks scheduled from follow-on schedule check
