[2023-04-04 14:49:43,311] {taskinstance.py:1159} INFO - Dependencies all met for <TaskInstance: dados_climaticos.cria_pasta scheduled__2022-08-22T00:00:00+00:00 [queued]>
[2023-04-04 14:49:43,314] {taskinstance.py:1159} INFO - Dependencies all met for <TaskInstance: dados_climaticos.cria_pasta scheduled__2022-08-22T00:00:00+00:00 [queued]>
[2023-04-04 14:49:43,314] {taskinstance.py:1356} INFO - 
--------------------------------------------------------------------------------
[2023-04-04 14:49:43,314] {taskinstance.py:1357} INFO - Starting attempt 1 of 1
[2023-04-04 14:49:43,314] {taskinstance.py:1358} INFO - 
--------------------------------------------------------------------------------
[2023-04-04 14:49:43,342] {taskinstance.py:1377} INFO - Executing <Task(BashOperator): cria_pasta> on 2022-08-22 00:00:00+00:00
[2023-04-04 14:49:43,345] {standard_task_runner.py:52} INFO - Started process 14663 to run task
[2023-04-04 14:49:43,347] {standard_task_runner.py:79} INFO - Running: ['airflow', 'tasks', 'run', 'dados_climaticos', 'cria_pasta', 'scheduled__2022-08-22T00:00:00+00:00', '--job-id', '27', '--raw', '--subdir', 'DAGS_FOLDER/dados_climaticos.py', '--cfg-path', '/tmp/tmpg0o17fu6', '--error-file', '/tmp/tmpwbr4i3f0']
[2023-04-04 14:49:43,348] {standard_task_runner.py:80} INFO - Job 27: Subtask cria_pasta
[2023-04-04 14:49:43,388] {task_command.py:370} INFO - Running <TaskInstance: dados_climaticos.cria_pasta scheduled__2022-08-22T00:00:00+00:00 [running]> on host bruno-H610M-H-DDR4
[2023-04-04 14:49:43,443] {taskinstance.py:1569} INFO - Exporting the following env vars:
AIRFLOW_CTX_DAG_OWNER=airflow
AIRFLOW_CTX_DAG_ID=dados_climaticos
AIRFLOW_CTX_TASK_ID=cria_pasta
AIRFLOW_CTX_EXECUTION_DATE=2022-08-22T00:00:00+00:00
AIRFLOW_CTX_TRY_NUMBER=1
AIRFLOW_CTX_DAG_RUN_ID=scheduled__2022-08-22T00:00:00+00:00
[2023-04-04 14:49:43,444] {subprocess.py:62} INFO - Tmp dir root location: 
 /tmp
[2023-04-04 14:49:43,445] {subprocess.py:74} INFO - Running command: ['bash', '-c', 'mkdir -p "/home/bruno/Documents/airflow_alura/semana=2022-08-29"']
[2023-04-04 14:49:43,449] {subprocess.py:85} INFO - Output:
[2023-04-04 14:49:43,450] {subprocess.py:96} INFO - Command exited with return code 0
[2023-04-04 14:49:43,482] {taskinstance.py:1395} INFO - Marking task as SUCCESS. dag_id=dados_climaticos, task_id=cria_pasta, execution_date=20220822T000000, start_date=20230404T174943, end_date=20230404T174943
[2023-04-04 14:49:43,519] {local_task_job.py:156} INFO - Task exited with return code 0
[2023-04-04 14:49:43,546] {local_task_job.py:273} INFO - 1 downstream tasks scheduled from follow-on schedule check
[2023-04-04 15:14:59,799] {taskinstance.py:1159} INFO - Dependencies all met for <TaskInstance: dados_climaticos.cria_pasta scheduled__2022-08-22T00:00:00+00:00 [queued]>
[2023-04-04 15:14:59,812] {taskinstance.py:1159} INFO - Dependencies all met for <TaskInstance: dados_climaticos.cria_pasta scheduled__2022-08-22T00:00:00+00:00 [queued]>
[2023-04-04 15:14:59,812] {taskinstance.py:1356} INFO - 
--------------------------------------------------------------------------------
[2023-04-04 15:14:59,812] {taskinstance.py:1357} INFO - Starting attempt 1 of 1
[2023-04-04 15:14:59,812] {taskinstance.py:1358} INFO - 
--------------------------------------------------------------------------------
[2023-04-04 15:14:59,833] {taskinstance.py:1377} INFO - Executing <Task(BashOperator): cria_pasta> on 2022-08-22 00:00:00+00:00
[2023-04-04 15:14:59,836] {standard_task_runner.py:52} INFO - Started process 8598 to run task
[2023-04-04 15:14:59,837] {standard_task_runner.py:79} INFO - Running: ['airflow', 'tasks', 'run', 'dados_climaticos', 'cria_pasta', 'scheduled__2022-08-22T00:00:00+00:00', '--job-id', '29', '--raw', '--subdir', 'DAGS_FOLDER/dados_climaticos.py', '--cfg-path', '/tmp/tmp6fl69sga', '--error-file', '/tmp/tmpf14ixgtn']
[2023-04-04 15:14:59,838] {standard_task_runner.py:80} INFO - Job 29: Subtask cria_pasta
[2023-04-04 15:14:59,878] {task_command.py:370} INFO - Running <TaskInstance: dados_climaticos.cria_pasta scheduled__2022-08-22T00:00:00+00:00 [running]> on host bruno-H610M-H-DDR4
[2023-04-04 15:14:59,931] {taskinstance.py:1569} INFO - Exporting the following env vars:
AIRFLOW_CTX_DAG_OWNER=airflow
AIRFLOW_CTX_DAG_ID=dados_climaticos
AIRFLOW_CTX_TASK_ID=cria_pasta
AIRFLOW_CTX_EXECUTION_DATE=2022-08-22T00:00:00+00:00
AIRFLOW_CTX_TRY_NUMBER=1
AIRFLOW_CTX_DAG_RUN_ID=scheduled__2022-08-22T00:00:00+00:00
[2023-04-04 15:14:59,932] {subprocess.py:62} INFO - Tmp dir root location: 
 /tmp
[2023-04-04 15:14:59,932] {subprocess.py:74} INFO - Running command: ['bash', '-c', 'mkdir -p "/home/millenagena/Documents/airflowalura/semana=2022-08-29"']
[2023-04-04 15:14:59,936] {subprocess.py:85} INFO - Output:
[2023-04-04 15:14:59,937] {subprocess.py:92} INFO - mkdir: cannot create directory ‘/home/millenagena’: Permission denied
[2023-04-04 15:14:59,937] {subprocess.py:96} INFO - Command exited with return code 1
[2023-04-04 15:14:59,941] {taskinstance.py:1889} ERROR - Task failed with exception
Traceback (most recent call last):
  File "/home/bruno/Documents/airflow_alura/venv/lib/python3.10/site-packages/airflow/operators/bash.py", line 194, in execute
    raise AirflowException(
airflow.exceptions.AirflowException: Bash command failed. The command returned a non-zero exit code 1.
[2023-04-04 15:14:59,942] {taskinstance.py:1395} INFO - Marking task as FAILED. dag_id=dados_climaticos, task_id=cria_pasta, execution_date=20220822T000000, start_date=20230404T181459, end_date=20230404T181459
[2023-04-04 15:14:59,959] {standard_task_runner.py:92} ERROR - Failed to execute job 29 for task cria_pasta (Bash command failed. The command returned a non-zero exit code 1.; 8598)
[2023-04-04 15:14:59,969] {local_task_job.py:156} INFO - Task exited with return code 1
[2023-04-04 15:15:00,004] {local_task_job.py:273} INFO - 0 downstream tasks scheduled from follow-on schedule check
[2023-04-04 15:18:21,089] {taskinstance.py:1159} INFO - Dependencies all met for <TaskInstance: dados_climaticos.cria_pasta scheduled__2022-08-22T00:00:00+00:00 [queued]>
[2023-04-04 15:18:21,103] {taskinstance.py:1159} INFO - Dependencies all met for <TaskInstance: dados_climaticos.cria_pasta scheduled__2022-08-22T00:00:00+00:00 [queued]>
[2023-04-04 15:18:21,103] {taskinstance.py:1356} INFO - 
--------------------------------------------------------------------------------
[2023-04-04 15:18:21,103] {taskinstance.py:1357} INFO - Starting attempt 1 of 1
[2023-04-04 15:18:21,103] {taskinstance.py:1358} INFO - 
--------------------------------------------------------------------------------
[2023-04-04 15:18:21,125] {taskinstance.py:1377} INFO - Executing <Task(BashOperator): cria_pasta> on 2022-08-22 00:00:00+00:00
[2023-04-04 15:18:21,128] {standard_task_runner.py:52} INFO - Started process 9508 to run task
[2023-04-04 15:18:21,130] {standard_task_runner.py:79} INFO - Running: ['airflow', 'tasks', 'run', 'dados_climaticos', 'cria_pasta', 'scheduled__2022-08-22T00:00:00+00:00', '--job-id', '29', '--raw', '--subdir', 'DAGS_FOLDER/dados_climaticos.py', '--cfg-path', '/tmp/tmpc6dm6fdb', '--error-file', '/tmp/tmpk9q8nndl']
[2023-04-04 15:18:21,131] {standard_task_runner.py:80} INFO - Job 29: Subtask cria_pasta
[2023-04-04 15:18:21,180] {task_command.py:370} INFO - Running <TaskInstance: dados_climaticos.cria_pasta scheduled__2022-08-22T00:00:00+00:00 [running]> on host bruno-H610M-H-DDR4
[2023-04-04 15:18:21,229] {taskinstance.py:1569} INFO - Exporting the following env vars:
AIRFLOW_CTX_DAG_OWNER=airflow
AIRFLOW_CTX_DAG_ID=dados_climaticos
AIRFLOW_CTX_TASK_ID=cria_pasta
AIRFLOW_CTX_EXECUTION_DATE=2022-08-22T00:00:00+00:00
AIRFLOW_CTX_TRY_NUMBER=1
AIRFLOW_CTX_DAG_RUN_ID=scheduled__2022-08-22T00:00:00+00:00
[2023-04-04 15:18:21,230] {subprocess.py:62} INFO - Tmp dir root location: 
 /tmp
[2023-04-04 15:18:21,230] {subprocess.py:74} INFO - Running command: ['bash', '-c', 'mkdir -p "/home/bruno/Documents/airflow_alura/semana=2022-08-29"']
[2023-04-04 15:18:21,235] {subprocess.py:85} INFO - Output:
[2023-04-04 15:18:21,236] {subprocess.py:96} INFO - Command exited with return code 0
[2023-04-04 15:18:21,267] {taskinstance.py:1395} INFO - Marking task as SUCCESS. dag_id=dados_climaticos, task_id=cria_pasta, execution_date=20220822T000000, start_date=20230404T181821, end_date=20230404T181821
[2023-04-04 15:18:21,302] {local_task_job.py:156} INFO - Task exited with return code 0
[2023-04-04 15:18:21,326] {local_task_job.py:273} INFO - 1 downstream tasks scheduled from follow-on schedule check
[2023-04-04 15:20:36,769] {taskinstance.py:1159} INFO - Dependencies all met for <TaskInstance: dados_climaticos.cria_pasta scheduled__2022-08-22T00:00:00+00:00 [queued]>
[2023-04-04 15:20:36,784] {taskinstance.py:1159} INFO - Dependencies all met for <TaskInstance: dados_climaticos.cria_pasta scheduled__2022-08-22T00:00:00+00:00 [queued]>
[2023-04-04 15:20:36,784] {taskinstance.py:1356} INFO - 
--------------------------------------------------------------------------------
[2023-04-04 15:20:36,784] {taskinstance.py:1357} INFO - Starting attempt 1 of 1
[2023-04-04 15:20:36,784] {taskinstance.py:1358} INFO - 
--------------------------------------------------------------------------------
[2023-04-04 15:20:36,811] {taskinstance.py:1377} INFO - Executing <Task(BashOperator): cria_pasta> on 2022-08-22 00:00:00+00:00
[2023-04-04 15:20:36,817] {standard_task_runner.py:52} INFO - Started process 9908 to run task
[2023-04-04 15:20:36,824] {standard_task_runner.py:79} INFO - Running: ['airflow', 'tasks', 'run', 'dados_climaticos', 'cria_pasta', 'scheduled__2022-08-22T00:00:00+00:00', '--job-id', '29', '--raw', '--subdir', 'DAGS_FOLDER/dados_climaticos.py', '--cfg-path', '/tmp/tmptl0ex9g0', '--error-file', '/tmp/tmpkzupeoms']
[2023-04-04 15:20:36,825] {standard_task_runner.py:80} INFO - Job 29: Subtask cria_pasta
[2023-04-04 15:20:36,881] {task_command.py:370} INFO - Running <TaskInstance: dados_climaticos.cria_pasta scheduled__2022-08-22T00:00:00+00:00 [running]> on host bruno-H610M-H-DDR4
[2023-04-04 15:20:36,934] {taskinstance.py:1569} INFO - Exporting the following env vars:
AIRFLOW_CTX_DAG_OWNER=airflow
AIRFLOW_CTX_DAG_ID=dados_climaticos
AIRFLOW_CTX_TASK_ID=cria_pasta
AIRFLOW_CTX_EXECUTION_DATE=2022-08-22T00:00:00+00:00
AIRFLOW_CTX_TRY_NUMBER=1
AIRFLOW_CTX_DAG_RUN_ID=scheduled__2022-08-22T00:00:00+00:00
[2023-04-04 15:20:36,935] {subprocess.py:62} INFO - Tmp dir root location: 
 /tmp
[2023-04-04 15:20:36,936] {subprocess.py:74} INFO - Running command: ['bash', '-c', 'mkdir -p "/home/bruno/Documents/airflow_alura/semana=2022-08-29"']
[2023-04-04 15:20:36,940] {subprocess.py:85} INFO - Output:
[2023-04-04 15:20:36,941] {subprocess.py:96} INFO - Command exited with return code 0
[2023-04-04 15:20:36,977] {taskinstance.py:1395} INFO - Marking task as SUCCESS. dag_id=dados_climaticos, task_id=cria_pasta, execution_date=20220822T000000, start_date=20230404T182036, end_date=20230404T182036
[2023-04-04 15:20:37,034] {local_task_job.py:156} INFO - Task exited with return code 0
[2023-04-04 15:20:37,075] {local_task_job.py:273} INFO - 1 downstream tasks scheduled from follow-on schedule check
[2023-04-04 15:22:20,428] {taskinstance.py:1159} INFO - Dependencies all met for <TaskInstance: dados_climaticos.cria_pasta scheduled__2022-08-22T00:00:00+00:00 [queued]>
[2023-04-04 15:22:20,441] {taskinstance.py:1159} INFO - Dependencies all met for <TaskInstance: dados_climaticos.cria_pasta scheduled__2022-08-22T00:00:00+00:00 [queued]>
[2023-04-04 15:22:20,441] {taskinstance.py:1356} INFO - 
--------------------------------------------------------------------------------
[2023-04-04 15:22:20,441] {taskinstance.py:1357} INFO - Starting attempt 1 of 1
[2023-04-04 15:22:20,441] {taskinstance.py:1358} INFO - 
--------------------------------------------------------------------------------
[2023-04-04 15:22:20,462] {taskinstance.py:1377} INFO - Executing <Task(BashOperator): cria_pasta> on 2022-08-22 00:00:00+00:00
[2023-04-04 15:22:20,464] {standard_task_runner.py:52} INFO - Started process 10188 to run task
[2023-04-04 15:22:20,466] {standard_task_runner.py:79} INFO - Running: ['airflow', 'tasks', 'run', 'dados_climaticos', 'cria_pasta', 'scheduled__2022-08-22T00:00:00+00:00', '--job-id', '29', '--raw', '--subdir', 'DAGS_FOLDER/dados_climaticos.py', '--cfg-path', '/tmp/tmpzzxnw7nj', '--error-file', '/tmp/tmpq5_z33z7']
[2023-04-04 15:22:20,466] {standard_task_runner.py:80} INFO - Job 29: Subtask cria_pasta
[2023-04-04 15:22:20,506] {task_command.py:370} INFO - Running <TaskInstance: dados_climaticos.cria_pasta scheduled__2022-08-22T00:00:00+00:00 [running]> on host bruno-H610M-H-DDR4
[2023-04-04 15:22:20,561] {taskinstance.py:1569} INFO - Exporting the following env vars:
AIRFLOW_CTX_DAG_OWNER=airflow
AIRFLOW_CTX_DAG_ID=dados_climaticos
AIRFLOW_CTX_TASK_ID=cria_pasta
AIRFLOW_CTX_EXECUTION_DATE=2022-08-22T00:00:00+00:00
AIRFLOW_CTX_TRY_NUMBER=1
AIRFLOW_CTX_DAG_RUN_ID=scheduled__2022-08-22T00:00:00+00:00
[2023-04-04 15:22:20,561] {subprocess.py:62} INFO - Tmp dir root location: 
 /tmp
[2023-04-04 15:22:20,562] {subprocess.py:74} INFO - Running command: ['bash', '-c', 'mkdir -p "/home/bruno/Documents/airflow_alura/semana=2022-08-29"']
[2023-04-04 15:22:20,566] {subprocess.py:85} INFO - Output:
[2023-04-04 15:22:20,567] {subprocess.py:96} INFO - Command exited with return code 0
[2023-04-04 15:22:20,597] {taskinstance.py:1395} INFO - Marking task as SUCCESS. dag_id=dados_climaticos, task_id=cria_pasta, execution_date=20220822T000000, start_date=20230404T182220, end_date=20230404T182220
[2023-04-04 15:22:20,638] {local_task_job.py:156} INFO - Task exited with return code 0
[2023-04-04 15:22:20,673] {local_task_job.py:273} INFO - 1 downstream tasks scheduled from follow-on schedule check
[2023-04-04 15:25:36,649] {taskinstance.py:1159} INFO - Dependencies all met for <TaskInstance: dados_climaticos.cria_pasta scheduled__2022-08-22T00:00:00+00:00 [queued]>
[2023-04-04 15:25:36,663] {taskinstance.py:1159} INFO - Dependencies all met for <TaskInstance: dados_climaticos.cria_pasta scheduled__2022-08-22T00:00:00+00:00 [queued]>
[2023-04-04 15:25:36,663] {taskinstance.py:1356} INFO - 
--------------------------------------------------------------------------------
[2023-04-04 15:25:36,663] {taskinstance.py:1357} INFO - Starting attempt 1 of 1
[2023-04-04 15:25:36,663] {taskinstance.py:1358} INFO - 
--------------------------------------------------------------------------------
[2023-04-04 15:25:36,685] {taskinstance.py:1377} INFO - Executing <Task(BashOperator): cria_pasta> on 2022-08-22 00:00:00+00:00
[2023-04-04 15:25:36,688] {standard_task_runner.py:52} INFO - Started process 10648 to run task
[2023-04-04 15:25:36,691] {standard_task_runner.py:79} INFO - Running: ['airflow', 'tasks', 'run', 'dados_climaticos', 'cria_pasta', 'scheduled__2022-08-22T00:00:00+00:00', '--job-id', '29', '--raw', '--subdir', 'DAGS_FOLDER/dados_climaticos.py', '--cfg-path', '/tmp/tmp_yzhat1p', '--error-file', '/tmp/tmpg77pwrle']
[2023-04-04 15:25:36,691] {standard_task_runner.py:80} INFO - Job 29: Subtask cria_pasta
[2023-04-04 15:25:36,735] {task_command.py:370} INFO - Running <TaskInstance: dados_climaticos.cria_pasta scheduled__2022-08-22T00:00:00+00:00 [running]> on host bruno-H610M-H-DDR4
[2023-04-04 15:25:36,783] {taskinstance.py:1569} INFO - Exporting the following env vars:
AIRFLOW_CTX_DAG_OWNER=airflow
AIRFLOW_CTX_DAG_ID=dados_climaticos
AIRFLOW_CTX_TASK_ID=cria_pasta
AIRFLOW_CTX_EXECUTION_DATE=2022-08-22T00:00:00+00:00
AIRFLOW_CTX_TRY_NUMBER=1
AIRFLOW_CTX_DAG_RUN_ID=scheduled__2022-08-22T00:00:00+00:00
[2023-04-04 15:25:36,784] {subprocess.py:62} INFO - Tmp dir root location: 
 /tmp
[2023-04-04 15:25:36,784] {subprocess.py:74} INFO - Running command: ['bash', '-c', 'mkdir -p "/home/bruno/Documents/airflow_alura/semana=2022-08-29"']
[2023-04-04 15:25:36,788] {subprocess.py:85} INFO - Output:
[2023-04-04 15:25:36,789] {subprocess.py:96} INFO - Command exited with return code 0
[2023-04-04 15:25:36,817] {taskinstance.py:1395} INFO - Marking task as SUCCESS. dag_id=dados_climaticos, task_id=cria_pasta, execution_date=20220822T000000, start_date=20230404T182536, end_date=20230404T182536
[2023-04-04 15:25:36,863] {local_task_job.py:156} INFO - Task exited with return code 0
[2023-04-04 15:25:36,901] {local_task_job.py:273} INFO - 1 downstream tasks scheduled from follow-on schedule check
