[2023-04-04 15:16:23,681] {taskinstance.py:1159} INFO - Dependencies all met for <TaskInstance: dados_climaticos.cria_pasta scheduled__2023-02-13T00:00:00+00:00 [queued]>
[2023-04-04 15:16:23,684] {taskinstance.py:1159} INFO - Dependencies all met for <TaskInstance: dados_climaticos.cria_pasta scheduled__2023-02-13T00:00:00+00:00 [queued]>
[2023-04-04 15:16:23,684] {taskinstance.py:1356} INFO - 
--------------------------------------------------------------------------------
[2023-04-04 15:16:23,684] {taskinstance.py:1357} INFO - Starting attempt 1 of 1
[2023-04-04 15:16:23,684] {taskinstance.py:1358} INFO - 
--------------------------------------------------------------------------------
[2023-04-04 15:16:23,777] {taskinstance.py:1377} INFO - Executing <Task(BashOperator): cria_pasta> on 2023-02-13 00:00:00+00:00
[2023-04-04 15:16:23,785] {standard_task_runner.py:52} INFO - Started process 9163 to run task
[2023-04-04 15:16:23,791] {standard_task_runner.py:79} INFO - Running: ['airflow', 'tasks', 'run', 'dados_climaticos', 'cria_pasta', 'scheduled__2023-02-13T00:00:00+00:00', '--job-id', '75', '--raw', '--subdir', 'DAGS_FOLDER/dados_climaticos.py', '--cfg-path', '/tmp/tmprl9vqckk', '--error-file', '/tmp/tmp63xovqgb']
[2023-04-04 15:16:23,792] {standard_task_runner.py:80} INFO - Job 75: Subtask cria_pasta
[2023-04-04 15:16:23,848] {task_command.py:370} INFO - Running <TaskInstance: dados_climaticos.cria_pasta scheduled__2023-02-13T00:00:00+00:00 [running]> on host bruno-H610M-H-DDR4
[2023-04-04 15:16:23,945] {taskinstance.py:1569} INFO - Exporting the following env vars:
AIRFLOW_CTX_DAG_OWNER=airflow
AIRFLOW_CTX_DAG_ID=dados_climaticos
AIRFLOW_CTX_TASK_ID=cria_pasta
AIRFLOW_CTX_EXECUTION_DATE=2023-02-13T00:00:00+00:00
AIRFLOW_CTX_TRY_NUMBER=1
AIRFLOW_CTX_DAG_RUN_ID=scheduled__2023-02-13T00:00:00+00:00
[2023-04-04 15:16:23,946] {subprocess.py:62} INFO - Tmp dir root location: 
 /tmp
[2023-04-04 15:16:23,946] {subprocess.py:74} INFO - Running command: ['bash', '-c', 'mkdir -p "/home/bruno/Documents/airflow_alura/semana=2023-02-20"']
[2023-04-04 15:16:23,951] {subprocess.py:85} INFO - Output:
[2023-04-04 15:16:23,952] {subprocess.py:96} INFO - Command exited with return code 0
[2023-04-04 15:16:23,997] {taskinstance.py:1395} INFO - Marking task as SUCCESS. dag_id=dados_climaticos, task_id=cria_pasta, execution_date=20230213T000000, start_date=20230404T181623, end_date=20230404T181623
[2023-04-04 15:16:24,083] {local_task_job.py:156} INFO - Task exited with return code 0
[2023-04-04 15:16:24,138] {local_task_job.py:273} INFO - 1 downstream tasks scheduled from follow-on schedule check
[2023-04-04 15:27:10,145] {taskinstance.py:1159} INFO - Dependencies all met for <TaskInstance: dados_climaticos.cria_pasta scheduled__2023-02-13T00:00:00+00:00 [queued]>
[2023-04-04 15:27:10,159] {taskinstance.py:1159} INFO - Dependencies all met for <TaskInstance: dados_climaticos.cria_pasta scheduled__2023-02-13T00:00:00+00:00 [queued]>
[2023-04-04 15:27:10,159] {taskinstance.py:1356} INFO - 
--------------------------------------------------------------------------------
[2023-04-04 15:27:10,159] {taskinstance.py:1357} INFO - Starting attempt 1 of 1
[2023-04-04 15:27:10,159] {taskinstance.py:1358} INFO - 
--------------------------------------------------------------------------------
[2023-04-04 15:27:10,182] {taskinstance.py:1377} INFO - Executing <Task(BashOperator): cria_pasta> on 2023-02-13 00:00:00+00:00
[2023-04-04 15:27:10,185] {standard_task_runner.py:52} INFO - Started process 11287 to run task
[2023-04-04 15:27:10,188] {standard_task_runner.py:79} INFO - Running: ['airflow', 'tasks', 'run', 'dados_climaticos', 'cria_pasta', 'scheduled__2023-02-13T00:00:00+00:00', '--job-id', '78', '--raw', '--subdir', 'DAGS_FOLDER/dados_climaticos.py', '--cfg-path', '/tmp/tmpoav8loho', '--error-file', '/tmp/tmpjtawb8n_']
[2023-04-04 15:27:10,188] {standard_task_runner.py:80} INFO - Job 78: Subtask cria_pasta
[2023-04-04 15:27:10,239] {task_command.py:370} INFO - Running <TaskInstance: dados_climaticos.cria_pasta scheduled__2023-02-13T00:00:00+00:00 [running]> on host bruno-H610M-H-DDR4
[2023-04-04 15:27:10,302] {taskinstance.py:1569} INFO - Exporting the following env vars:
AIRFLOW_CTX_DAG_OWNER=airflow
AIRFLOW_CTX_DAG_ID=dados_climaticos
AIRFLOW_CTX_TASK_ID=cria_pasta
AIRFLOW_CTX_EXECUTION_DATE=2023-02-13T00:00:00+00:00
AIRFLOW_CTX_TRY_NUMBER=1
AIRFLOW_CTX_DAG_RUN_ID=scheduled__2023-02-13T00:00:00+00:00
[2023-04-04 15:27:10,303] {subprocess.py:62} INFO - Tmp dir root location: 
 /tmp
[2023-04-04 15:27:10,303] {subprocess.py:74} INFO - Running command: ['bash', '-c', 'mkdir -p "/home/bruno/Documents/airflow_alura/semana=2023-02-20"']
[2023-04-04 15:27:10,307] {subprocess.py:85} INFO - Output:
[2023-04-04 15:27:10,308] {subprocess.py:96} INFO - Command exited with return code 0
[2023-04-04 15:27:10,347] {taskinstance.py:1395} INFO - Marking task as SUCCESS. dag_id=dados_climaticos, task_id=cria_pasta, execution_date=20230213T000000, start_date=20230404T182710, end_date=20230404T182710
[2023-04-04 15:27:10,400] {local_task_job.py:156} INFO - Task exited with return code 0
[2023-04-04 15:27:10,441] {local_task_job.py:273} INFO - 1 downstream tasks scheduled from follow-on schedule check
