[2023-04-04 14:49:44,673] {taskinstance.py:1159} INFO - Dependencies all met for <TaskInstance: dados_climaticos.cria_pasta scheduled__2022-08-29T00:00:00+00:00 [queued]>
[2023-04-04 14:49:44,675] {taskinstance.py:1159} INFO - Dependencies all met for <TaskInstance: dados_climaticos.cria_pasta scheduled__2022-08-29T00:00:00+00:00 [queued]>
[2023-04-04 14:49:44,676] {taskinstance.py:1356} INFO - 
--------------------------------------------------------------------------------
[2023-04-04 14:49:44,676] {taskinstance.py:1357} INFO - Starting attempt 1 of 1
[2023-04-04 14:49:44,676] {taskinstance.py:1358} INFO - 
--------------------------------------------------------------------------------
[2023-04-04 14:49:44,699] {taskinstance.py:1377} INFO - Executing <Task(BashOperator): cria_pasta> on 2022-08-29 00:00:00+00:00
[2023-04-04 14:49:44,701] {standard_task_runner.py:52} INFO - Started process 14674 to run task
[2023-04-04 14:49:44,704] {standard_task_runner.py:79} INFO - Running: ['airflow', 'tasks', 'run', 'dados_climaticos', 'cria_pasta', 'scheduled__2022-08-29T00:00:00+00:00', '--job-id', '28', '--raw', '--subdir', 'DAGS_FOLDER/dados_climaticos.py', '--cfg-path', '/tmp/tmpyi5cq7vx', '--error-file', '/tmp/tmpbnek9043']
[2023-04-04 14:49:44,705] {standard_task_runner.py:80} INFO - Job 28: Subtask cria_pasta
[2023-04-04 14:49:44,744] {task_command.py:370} INFO - Running <TaskInstance: dados_climaticos.cria_pasta scheduled__2022-08-29T00:00:00+00:00 [running]> on host bruno-H610M-H-DDR4
[2023-04-04 14:49:44,803] {taskinstance.py:1569} INFO - Exporting the following env vars:
AIRFLOW_CTX_DAG_OWNER=airflow
AIRFLOW_CTX_DAG_ID=dados_climaticos
AIRFLOW_CTX_TASK_ID=cria_pasta
AIRFLOW_CTX_EXECUTION_DATE=2022-08-29T00:00:00+00:00
AIRFLOW_CTX_TRY_NUMBER=1
AIRFLOW_CTX_DAG_RUN_ID=scheduled__2022-08-29T00:00:00+00:00
[2023-04-04 14:49:44,804] {subprocess.py:62} INFO - Tmp dir root location: 
 /tmp
[2023-04-04 14:49:44,804] {subprocess.py:74} INFO - Running command: ['bash', '-c', 'mkdir -p "/home/bruno/Documents/airflow_alura/semana=2022-09-05"']
[2023-04-04 14:49:44,808] {subprocess.py:85} INFO - Output:
[2023-04-04 14:49:44,809] {subprocess.py:96} INFO - Command exited with return code 0
[2023-04-04 14:49:44,840] {taskinstance.py:1395} INFO - Marking task as SUCCESS. dag_id=dados_climaticos, task_id=cria_pasta, execution_date=20220829T000000, start_date=20230404T174944, end_date=20230404T174944
[2023-04-04 14:49:44,875] {local_task_job.py:156} INFO - Task exited with return code 0
[2023-04-04 14:49:44,907] {local_task_job.py:273} INFO - 1 downstream tasks scheduled from follow-on schedule check
[2023-04-04 15:15:01,088] {taskinstance.py:1159} INFO - Dependencies all met for <TaskInstance: dados_climaticos.cria_pasta scheduled__2022-08-29T00:00:00+00:00 [queued]>
[2023-04-04 15:15:01,102] {taskinstance.py:1159} INFO - Dependencies all met for <TaskInstance: dados_climaticos.cria_pasta scheduled__2022-08-29T00:00:00+00:00 [queued]>
[2023-04-04 15:15:01,102] {taskinstance.py:1356} INFO - 
--------------------------------------------------------------------------------
[2023-04-04 15:15:01,102] {taskinstance.py:1357} INFO - Starting attempt 1 of 1
[2023-04-04 15:15:01,102] {taskinstance.py:1358} INFO - 
--------------------------------------------------------------------------------
[2023-04-04 15:15:01,123] {taskinstance.py:1377} INFO - Executing <Task(BashOperator): cria_pasta> on 2022-08-29 00:00:00+00:00
[2023-04-04 15:15:01,125] {standard_task_runner.py:52} INFO - Started process 8610 to run task
[2023-04-04 15:15:01,129] {standard_task_runner.py:79} INFO - Running: ['airflow', 'tasks', 'run', 'dados_climaticos', 'cria_pasta', 'scheduled__2022-08-29T00:00:00+00:00', '--job-id', '30', '--raw', '--subdir', 'DAGS_FOLDER/dados_climaticos.py', '--cfg-path', '/tmp/tmp_2pooa79', '--error-file', '/tmp/tmp9hdj30db']
[2023-04-04 15:15:01,129] {standard_task_runner.py:80} INFO - Job 30: Subtask cria_pasta
[2023-04-04 15:15:01,172] {task_command.py:370} INFO - Running <TaskInstance: dados_climaticos.cria_pasta scheduled__2022-08-29T00:00:00+00:00 [running]> on host bruno-H610M-H-DDR4
[2023-04-04 15:15:01,219] {taskinstance.py:1569} INFO - Exporting the following env vars:
AIRFLOW_CTX_DAG_OWNER=airflow
AIRFLOW_CTX_DAG_ID=dados_climaticos
AIRFLOW_CTX_TASK_ID=cria_pasta
AIRFLOW_CTX_EXECUTION_DATE=2022-08-29T00:00:00+00:00
AIRFLOW_CTX_TRY_NUMBER=1
AIRFLOW_CTX_DAG_RUN_ID=scheduled__2022-08-29T00:00:00+00:00
[2023-04-04 15:15:01,220] {subprocess.py:62} INFO - Tmp dir root location: 
 /tmp
[2023-04-04 15:15:01,220] {subprocess.py:74} INFO - Running command: ['bash', '-c', 'mkdir -p "/home/millenagena/Documents/airflowalura/semana=2022-09-05"']
[2023-04-04 15:15:01,224] {subprocess.py:85} INFO - Output:
[2023-04-04 15:15:01,225] {subprocess.py:92} INFO - mkdir: cannot create directory ‘/home/millenagena’: Permission denied
[2023-04-04 15:15:01,225] {subprocess.py:96} INFO - Command exited with return code 1
[2023-04-04 15:15:01,229] {taskinstance.py:1889} ERROR - Task failed with exception
Traceback (most recent call last):
  File "/home/bruno/Documents/airflow_alura/venv/lib/python3.10/site-packages/airflow/operators/bash.py", line 194, in execute
    raise AirflowException(
airflow.exceptions.AirflowException: Bash command failed. The command returned a non-zero exit code 1.
[2023-04-04 15:15:01,230] {taskinstance.py:1395} INFO - Marking task as FAILED. dag_id=dados_climaticos, task_id=cria_pasta, execution_date=20220829T000000, start_date=20230404T181501, end_date=20230404T181501
[2023-04-04 15:15:01,247] {standard_task_runner.py:92} ERROR - Failed to execute job 30 for task cria_pasta (Bash command failed. The command returned a non-zero exit code 1.; 8610)
[2023-04-04 15:15:01,260] {local_task_job.py:156} INFO - Task exited with return code 1
[2023-04-04 15:15:01,295] {local_task_job.py:273} INFO - 0 downstream tasks scheduled from follow-on schedule check
[2023-04-04 15:18:22,393] {taskinstance.py:1159} INFO - Dependencies all met for <TaskInstance: dados_climaticos.cria_pasta scheduled__2022-08-29T00:00:00+00:00 [queued]>
[2023-04-04 15:18:22,408] {taskinstance.py:1159} INFO - Dependencies all met for <TaskInstance: dados_climaticos.cria_pasta scheduled__2022-08-29T00:00:00+00:00 [queued]>
[2023-04-04 15:18:22,408] {taskinstance.py:1356} INFO - 
--------------------------------------------------------------------------------
[2023-04-04 15:18:22,408] {taskinstance.py:1357} INFO - Starting attempt 1 of 1
[2023-04-04 15:18:22,408] {taskinstance.py:1358} INFO - 
--------------------------------------------------------------------------------
[2023-04-04 15:18:22,433] {taskinstance.py:1377} INFO - Executing <Task(BashOperator): cria_pasta> on 2022-08-29 00:00:00+00:00
[2023-04-04 15:18:22,436] {standard_task_runner.py:52} INFO - Started process 9524 to run task
[2023-04-04 15:18:22,441] {standard_task_runner.py:79} INFO - Running: ['airflow', 'tasks', 'run', 'dados_climaticos', 'cria_pasta', 'scheduled__2022-08-29T00:00:00+00:00', '--job-id', '30', '--raw', '--subdir', 'DAGS_FOLDER/dados_climaticos.py', '--cfg-path', '/tmp/tmp2o6rzsk5', '--error-file', '/tmp/tmpngl5kjw0']
[2023-04-04 15:18:22,443] {standard_task_runner.py:80} INFO - Job 30: Subtask cria_pasta
[2023-04-04 15:18:22,496] {task_command.py:370} INFO - Running <TaskInstance: dados_climaticos.cria_pasta scheduled__2022-08-29T00:00:00+00:00 [running]> on host bruno-H610M-H-DDR4
[2023-04-04 15:18:22,559] {taskinstance.py:1569} INFO - Exporting the following env vars:
AIRFLOW_CTX_DAG_OWNER=airflow
AIRFLOW_CTX_DAG_ID=dados_climaticos
AIRFLOW_CTX_TASK_ID=cria_pasta
AIRFLOW_CTX_EXECUTION_DATE=2022-08-29T00:00:00+00:00
AIRFLOW_CTX_TRY_NUMBER=1
AIRFLOW_CTX_DAG_RUN_ID=scheduled__2022-08-29T00:00:00+00:00
[2023-04-04 15:18:22,560] {subprocess.py:62} INFO - Tmp dir root location: 
 /tmp
[2023-04-04 15:18:22,560] {subprocess.py:74} INFO - Running command: ['bash', '-c', 'mkdir -p "/home/bruno/Documents/airflow_alura/semana=2022-09-05"']
[2023-04-04 15:18:22,565] {subprocess.py:85} INFO - Output:
[2023-04-04 15:18:22,567] {subprocess.py:96} INFO - Command exited with return code 0
[2023-04-04 15:18:22,604] {taskinstance.py:1395} INFO - Marking task as SUCCESS. dag_id=dados_climaticos, task_id=cria_pasta, execution_date=20220829T000000, start_date=20230404T181822, end_date=20230404T181822
[2023-04-04 15:18:22,653] {local_task_job.py:156} INFO - Task exited with return code 0
[2023-04-04 15:18:22,693] {local_task_job.py:273} INFO - 1 downstream tasks scheduled from follow-on schedule check
[2023-04-04 15:20:38,179] {taskinstance.py:1159} INFO - Dependencies all met for <TaskInstance: dados_climaticos.cria_pasta scheduled__2022-08-29T00:00:00+00:00 [queued]>
[2023-04-04 15:20:38,193] {taskinstance.py:1159} INFO - Dependencies all met for <TaskInstance: dados_climaticos.cria_pasta scheduled__2022-08-29T00:00:00+00:00 [queued]>
[2023-04-04 15:20:38,193] {taskinstance.py:1356} INFO - 
--------------------------------------------------------------------------------
[2023-04-04 15:20:38,193] {taskinstance.py:1357} INFO - Starting attempt 1 of 1
[2023-04-04 15:20:38,193] {taskinstance.py:1358} INFO - 
--------------------------------------------------------------------------------
[2023-04-04 15:20:38,216] {taskinstance.py:1377} INFO - Executing <Task(BashOperator): cria_pasta> on 2022-08-29 00:00:00+00:00
[2023-04-04 15:20:38,220] {standard_task_runner.py:52} INFO - Started process 9919 to run task
[2023-04-04 15:20:38,224] {standard_task_runner.py:79} INFO - Running: ['airflow', 'tasks', 'run', 'dados_climaticos', 'cria_pasta', 'scheduled__2022-08-29T00:00:00+00:00', '--job-id', '30', '--raw', '--subdir', 'DAGS_FOLDER/dados_climaticos.py', '--cfg-path', '/tmp/tmpb81ixkrz', '--error-file', '/tmp/tmp92008s_x']
[2023-04-04 15:20:38,225] {standard_task_runner.py:80} INFO - Job 30: Subtask cria_pasta
[2023-04-04 15:20:38,280] {task_command.py:370} INFO - Running <TaskInstance: dados_climaticos.cria_pasta scheduled__2022-08-29T00:00:00+00:00 [running]> on host bruno-H610M-H-DDR4
[2023-04-04 15:20:38,339] {taskinstance.py:1569} INFO - Exporting the following env vars:
AIRFLOW_CTX_DAG_OWNER=airflow
AIRFLOW_CTX_DAG_ID=dados_climaticos
AIRFLOW_CTX_TASK_ID=cria_pasta
AIRFLOW_CTX_EXECUTION_DATE=2022-08-29T00:00:00+00:00
AIRFLOW_CTX_TRY_NUMBER=1
AIRFLOW_CTX_DAG_RUN_ID=scheduled__2022-08-29T00:00:00+00:00
[2023-04-04 15:20:38,340] {subprocess.py:62} INFO - Tmp dir root location: 
 /tmp
[2023-04-04 15:20:38,340] {subprocess.py:74} INFO - Running command: ['bash', '-c', 'mkdir -p "/home/bruno/Documents/airflow_alura/semana=2022-09-05"']
[2023-04-04 15:20:38,345] {subprocess.py:85} INFO - Output:
[2023-04-04 15:20:38,346] {subprocess.py:96} INFO - Command exited with return code 0
[2023-04-04 15:20:38,380] {taskinstance.py:1395} INFO - Marking task as SUCCESS. dag_id=dados_climaticos, task_id=cria_pasta, execution_date=20220829T000000, start_date=20230404T182038, end_date=20230404T182038
[2023-04-04 15:20:38,436] {local_task_job.py:156} INFO - Task exited with return code 0
[2023-04-04 15:20:38,468] {local_task_job.py:273} INFO - 1 downstream tasks scheduled from follow-on schedule check
[2023-04-04 15:22:21,778] {taskinstance.py:1159} INFO - Dependencies all met for <TaskInstance: dados_climaticos.cria_pasta scheduled__2022-08-29T00:00:00+00:00 [queued]>
[2023-04-04 15:22:21,823] {taskinstance.py:1159} INFO - Dependencies all met for <TaskInstance: dados_climaticos.cria_pasta scheduled__2022-08-29T00:00:00+00:00 [queued]>
[2023-04-04 15:22:21,823] {taskinstance.py:1356} INFO - 
--------------------------------------------------------------------------------
[2023-04-04 15:22:21,823] {taskinstance.py:1357} INFO - Starting attempt 1 of 1
[2023-04-04 15:22:21,823] {taskinstance.py:1358} INFO - 
--------------------------------------------------------------------------------
[2023-04-04 15:22:21,864] {taskinstance.py:1377} INFO - Executing <Task(BashOperator): cria_pasta> on 2022-08-29 00:00:00+00:00
[2023-04-04 15:22:21,870] {standard_task_runner.py:52} INFO - Started process 10200 to run task
[2023-04-04 15:22:21,877] {standard_task_runner.py:79} INFO - Running: ['airflow', 'tasks', 'run', 'dados_climaticos', 'cria_pasta', 'scheduled__2022-08-29T00:00:00+00:00', '--job-id', '30', '--raw', '--subdir', 'DAGS_FOLDER/dados_climaticos.py', '--cfg-path', '/tmp/tmppvhe1cft', '--error-file', '/tmp/tmp_64lq81z']
[2023-04-04 15:22:21,878] {standard_task_runner.py:80} INFO - Job 30: Subtask cria_pasta
[2023-04-04 15:22:21,944] {task_command.py:370} INFO - Running <TaskInstance: dados_climaticos.cria_pasta scheduled__2022-08-29T00:00:00+00:00 [running]> on host bruno-H610M-H-DDR4
[2023-04-04 15:22:22,046] {taskinstance.py:1569} INFO - Exporting the following env vars:
AIRFLOW_CTX_DAG_OWNER=airflow
AIRFLOW_CTX_DAG_ID=dados_climaticos
AIRFLOW_CTX_TASK_ID=cria_pasta
AIRFLOW_CTX_EXECUTION_DATE=2022-08-29T00:00:00+00:00
AIRFLOW_CTX_TRY_NUMBER=1
AIRFLOW_CTX_DAG_RUN_ID=scheduled__2022-08-29T00:00:00+00:00
[2023-04-04 15:22:22,047] {subprocess.py:62} INFO - Tmp dir root location: 
 /tmp
[2023-04-04 15:22:22,048] {subprocess.py:74} INFO - Running command: ['bash', '-c', 'mkdir -p "/home/bruno/Documents/airflow_alura/semana=2022-09-05"']
[2023-04-04 15:22:22,054] {subprocess.py:85} INFO - Output:
[2023-04-04 15:22:22,055] {subprocess.py:96} INFO - Command exited with return code 0
[2023-04-04 15:22:22,104] {taskinstance.py:1395} INFO - Marking task as SUCCESS. dag_id=dados_climaticos, task_id=cria_pasta, execution_date=20220829T000000, start_date=20230404T182221, end_date=20230404T182222
[2023-04-04 15:22:22,168] {local_task_job.py:156} INFO - Task exited with return code 0
[2023-04-04 15:22:22,209] {local_task_job.py:273} INFO - 1 downstream tasks scheduled from follow-on schedule check
[2023-04-04 15:25:38,116] {taskinstance.py:1159} INFO - Dependencies all met for <TaskInstance: dados_climaticos.cria_pasta scheduled__2022-08-29T00:00:00+00:00 [queued]>
[2023-04-04 15:25:38,130] {taskinstance.py:1159} INFO - Dependencies all met for <TaskInstance: dados_climaticos.cria_pasta scheduled__2022-08-29T00:00:00+00:00 [queued]>
[2023-04-04 15:25:38,130] {taskinstance.py:1356} INFO - 
--------------------------------------------------------------------------------
[2023-04-04 15:25:38,130] {taskinstance.py:1357} INFO - Starting attempt 1 of 1
[2023-04-04 15:25:38,130] {taskinstance.py:1358} INFO - 
--------------------------------------------------------------------------------
[2023-04-04 15:25:38,152] {taskinstance.py:1377} INFO - Executing <Task(BashOperator): cria_pasta> on 2022-08-29 00:00:00+00:00
[2023-04-04 15:25:38,154] {standard_task_runner.py:52} INFO - Started process 10659 to run task
[2023-04-04 15:25:38,157] {standard_task_runner.py:79} INFO - Running: ['airflow', 'tasks', 'run', 'dados_climaticos', 'cria_pasta', 'scheduled__2022-08-29T00:00:00+00:00', '--job-id', '30', '--raw', '--subdir', 'DAGS_FOLDER/dados_climaticos.py', '--cfg-path', '/tmp/tmpbxkqqz5o', '--error-file', '/tmp/tmpvid0c5s_']
[2023-04-04 15:25:38,157] {standard_task_runner.py:80} INFO - Job 30: Subtask cria_pasta
[2023-04-04 15:25:38,199] {task_command.py:370} INFO - Running <TaskInstance: dados_climaticos.cria_pasta scheduled__2022-08-29T00:00:00+00:00 [running]> on host bruno-H610M-H-DDR4
[2023-04-04 15:25:38,250] {taskinstance.py:1569} INFO - Exporting the following env vars:
AIRFLOW_CTX_DAG_OWNER=airflow
AIRFLOW_CTX_DAG_ID=dados_climaticos
AIRFLOW_CTX_TASK_ID=cria_pasta
AIRFLOW_CTX_EXECUTION_DATE=2022-08-29T00:00:00+00:00
AIRFLOW_CTX_TRY_NUMBER=1
AIRFLOW_CTX_DAG_RUN_ID=scheduled__2022-08-29T00:00:00+00:00
[2023-04-04 15:25:38,251] {subprocess.py:62} INFO - Tmp dir root location: 
 /tmp
[2023-04-04 15:25:38,251] {subprocess.py:74} INFO - Running command: ['bash', '-c', 'mkdir -p "/home/bruno/Documents/airflow_alura/semana=2022-09-05"']
[2023-04-04 15:25:38,257] {subprocess.py:85} INFO - Output:
[2023-04-04 15:25:38,259] {subprocess.py:96} INFO - Command exited with return code 0
[2023-04-04 15:25:38,287] {taskinstance.py:1395} INFO - Marking task as SUCCESS. dag_id=dados_climaticos, task_id=cria_pasta, execution_date=20220829T000000, start_date=20230404T182538, end_date=20230404T182538
[2023-04-04 15:25:38,328] {local_task_job.py:156} INFO - Task exited with return code 0
[2023-04-04 15:25:38,368] {local_task_job.py:273} INFO - 1 downstream tasks scheduled from follow-on schedule check
