[2023-04-04 15:15:28,379] {taskinstance.py:1159} INFO - Dependencies all met for <TaskInstance: dados_climaticos.cria_pasta scheduled__2022-10-31T00:00:00+00:00 [queued]>
[2023-04-04 15:15:28,390] {taskinstance.py:1159} INFO - Dependencies all met for <TaskInstance: dados_climaticos.cria_pasta scheduled__2022-10-31T00:00:00+00:00 [queued]>
[2023-04-04 15:15:28,390] {taskinstance.py:1356} INFO - 
--------------------------------------------------------------------------------
[2023-04-04 15:15:28,390] {taskinstance.py:1357} INFO - Starting attempt 1 of 1
[2023-04-04 15:15:28,390] {taskinstance.py:1358} INFO - 
--------------------------------------------------------------------------------
[2023-04-04 15:15:28,419] {taskinstance.py:1377} INFO - Executing <Task(BashOperator): cria_pasta> on 2022-10-31 00:00:00+00:00
[2023-04-04 15:15:28,422] {standard_task_runner.py:52} INFO - Started process 8800 to run task
[2023-04-04 15:15:28,424] {standard_task_runner.py:79} INFO - Running: ['airflow', 'tasks', 'run', 'dados_climaticos', 'cria_pasta', 'scheduled__2022-10-31T00:00:00+00:00', '--job-id', '45', '--raw', '--subdir', 'DAGS_FOLDER/dados_climaticos.py', '--cfg-path', '/tmp/tmp4waapts6', '--error-file', '/tmp/tmppraoy9ob']
[2023-04-04 15:15:28,425] {standard_task_runner.py:80} INFO - Job 45: Subtask cria_pasta
[2023-04-04 15:15:28,466] {task_command.py:370} INFO - Running <TaskInstance: dados_climaticos.cria_pasta scheduled__2022-10-31T00:00:00+00:00 [running]> on host bruno-H610M-H-DDR4
[2023-04-04 15:15:28,509] {taskinstance.py:1569} INFO - Exporting the following env vars:
AIRFLOW_CTX_DAG_OWNER=airflow
AIRFLOW_CTX_DAG_ID=dados_climaticos
AIRFLOW_CTX_TASK_ID=cria_pasta
AIRFLOW_CTX_EXECUTION_DATE=2022-10-31T00:00:00+00:00
AIRFLOW_CTX_TRY_NUMBER=1
AIRFLOW_CTX_DAG_RUN_ID=scheduled__2022-10-31T00:00:00+00:00
[2023-04-04 15:15:28,509] {subprocess.py:62} INFO - Tmp dir root location: 
 /tmp
[2023-04-04 15:15:28,509] {subprocess.py:74} INFO - Running command: ['bash', '-c', 'mkdir -p "/home/bruno/Documents/airflow_alura/semana=2022-11-07"']
[2023-04-04 15:15:28,513] {subprocess.py:85} INFO - Output:
[2023-04-04 15:15:28,514] {subprocess.py:96} INFO - Command exited with return code 0
[2023-04-04 15:15:28,539] {taskinstance.py:1395} INFO - Marking task as SUCCESS. dag_id=dados_climaticos, task_id=cria_pasta, execution_date=20221031T000000, start_date=20230404T181528, end_date=20230404T181528
[2023-04-04 15:15:28,596] {local_task_job.py:156} INFO - Task exited with return code 0
[2023-04-04 15:15:28,632] {local_task_job.py:273} INFO - 1 downstream tasks scheduled from follow-on schedule check
[2023-04-04 15:26:12,354] {taskinstance.py:1159} INFO - Dependencies all met for <TaskInstance: dados_climaticos.cria_pasta scheduled__2022-10-31T00:00:00+00:00 [queued]>
[2023-04-04 15:26:12,367] {taskinstance.py:1159} INFO - Dependencies all met for <TaskInstance: dados_climaticos.cria_pasta scheduled__2022-10-31T00:00:00+00:00 [queued]>
[2023-04-04 15:26:12,367] {taskinstance.py:1356} INFO - 
--------------------------------------------------------------------------------
[2023-04-04 15:26:12,367] {taskinstance.py:1357} INFO - Starting attempt 1 of 1
[2023-04-04 15:26:12,367] {taskinstance.py:1358} INFO - 
--------------------------------------------------------------------------------
[2023-04-04 15:26:12,388] {taskinstance.py:1377} INFO - Executing <Task(BashOperator): cria_pasta> on 2022-10-31 00:00:00+00:00
[2023-04-04 15:26:12,391] {standard_task_runner.py:52} INFO - Started process 10879 to run task
[2023-04-04 15:26:12,393] {standard_task_runner.py:79} INFO - Running: ['airflow', 'tasks', 'run', 'dados_climaticos', 'cria_pasta', 'scheduled__2022-10-31T00:00:00+00:00', '--job-id', '48', '--raw', '--subdir', 'DAGS_FOLDER/dados_climaticos.py', '--cfg-path', '/tmp/tmpdvbpkvaz', '--error-file', '/tmp/tmpk1huwgtq']
[2023-04-04 15:26:12,393] {standard_task_runner.py:80} INFO - Job 48: Subtask cria_pasta
[2023-04-04 15:26:12,435] {task_command.py:370} INFO - Running <TaskInstance: dados_climaticos.cria_pasta scheduled__2022-10-31T00:00:00+00:00 [running]> on host bruno-H610M-H-DDR4
[2023-04-04 15:26:12,537] {taskinstance.py:1569} INFO - Exporting the following env vars:
AIRFLOW_CTX_DAG_OWNER=airflow
AIRFLOW_CTX_DAG_ID=dados_climaticos
AIRFLOW_CTX_TASK_ID=cria_pasta
AIRFLOW_CTX_EXECUTION_DATE=2022-10-31T00:00:00+00:00
AIRFLOW_CTX_TRY_NUMBER=1
AIRFLOW_CTX_DAG_RUN_ID=scheduled__2022-10-31T00:00:00+00:00
[2023-04-04 15:26:12,538] {subprocess.py:62} INFO - Tmp dir root location: 
 /tmp
[2023-04-04 15:26:12,539] {subprocess.py:74} INFO - Running command: ['bash', '-c', 'mkdir -p "/home/bruno/Documents/airflow_alura/semana=2022-11-07"']
[2023-04-04 15:26:12,544] {subprocess.py:85} INFO - Output:
[2023-04-04 15:26:12,545] {subprocess.py:96} INFO - Command exited with return code 0
[2023-04-04 15:26:12,566] {taskinstance.py:1395} INFO - Marking task as SUCCESS. dag_id=dados_climaticos, task_id=cria_pasta, execution_date=20221031T000000, start_date=20230404T182612, end_date=20230404T182612
[2023-04-04 15:26:12,605] {local_task_job.py:156} INFO - Task exited with return code 0
[2023-04-04 15:26:12,670] {local_task_job.py:273} INFO - 1 downstream tasks scheduled from follow-on schedule check
