[2023-04-04 14:50:05,179] {taskinstance.py:1159} INFO - Dependencies all met for <TaskInstance: dados_climaticos.cria_pasta scheduled__2022-10-03T00:00:00+00:00 [queued]>
[2023-04-04 14:50:05,182] {taskinstance.py:1159} INFO - Dependencies all met for <TaskInstance: dados_climaticos.cria_pasta scheduled__2022-10-03T00:00:00+00:00 [queued]>
[2023-04-04 14:50:05,182] {taskinstance.py:1356} INFO - 
--------------------------------------------------------------------------------
[2023-04-04 14:50:05,182] {taskinstance.py:1357} INFO - Starting attempt 1 of 1
[2023-04-04 14:50:05,182] {taskinstance.py:1358} INFO - 
--------------------------------------------------------------------------------
[2023-04-04 14:50:05,204] {taskinstance.py:1377} INFO - Executing <Task(BashOperator): cria_pasta> on 2022-10-03 00:00:00+00:00
[2023-04-04 14:50:05,208] {standard_task_runner.py:52} INFO - Started process 14814 to run task
[2023-04-04 14:50:05,211] {standard_task_runner.py:79} INFO - Running: ['airflow', 'tasks', 'run', 'dados_climaticos', 'cria_pasta', 'scheduled__2022-10-03T00:00:00+00:00', '--job-id', '39', '--raw', '--subdir', 'DAGS_FOLDER/dados_climaticos.py', '--cfg-path', '/tmp/tmp6k2yt03n', '--error-file', '/tmp/tmp_rtv4m51']
[2023-04-04 14:50:05,212] {standard_task_runner.py:80} INFO - Job 39: Subtask cria_pasta
[2023-04-04 14:50:05,246] {task_command.py:370} INFO - Running <TaskInstance: dados_climaticos.cria_pasta scheduled__2022-10-03T00:00:00+00:00 [running]> on host bruno-H610M-H-DDR4
[2023-04-04 14:50:05,289] {taskinstance.py:1569} INFO - Exporting the following env vars:
AIRFLOW_CTX_DAG_OWNER=airflow
AIRFLOW_CTX_DAG_ID=dados_climaticos
AIRFLOW_CTX_TASK_ID=cria_pasta
AIRFLOW_CTX_EXECUTION_DATE=2022-10-03T00:00:00+00:00
AIRFLOW_CTX_TRY_NUMBER=1
AIRFLOW_CTX_DAG_RUN_ID=scheduled__2022-10-03T00:00:00+00:00
[2023-04-04 14:50:05,289] {subprocess.py:62} INFO - Tmp dir root location: 
 /tmp
[2023-04-04 14:50:05,289] {subprocess.py:74} INFO - Running command: ['bash', '-c', 'mkdir -p "/home/bruno/Documents/airflow_alura/semana=2022-10-10"']
[2023-04-04 14:50:05,293] {subprocess.py:85} INFO - Output:
[2023-04-04 14:50:05,294] {subprocess.py:96} INFO - Command exited with return code 0
[2023-04-04 14:50:05,323] {taskinstance.py:1395} INFO - Marking task as SUCCESS. dag_id=dados_climaticos, task_id=cria_pasta, execution_date=20221003T000000, start_date=20230404T175005, end_date=20230404T175005
[2023-04-04 14:50:05,382] {local_task_job.py:156} INFO - Task exited with return code 0
[2023-04-04 14:50:05,412] {local_task_job.py:273} INFO - 1 downstream tasks scheduled from follow-on schedule check
[2023-04-04 15:15:11,570] {taskinstance.py:1159} INFO - Dependencies all met for <TaskInstance: dados_climaticos.cria_pasta scheduled__2022-10-03T00:00:00+00:00 [queued]>
[2023-04-04 15:15:11,583] {taskinstance.py:1159} INFO - Dependencies all met for <TaskInstance: dados_climaticos.cria_pasta scheduled__2022-10-03T00:00:00+00:00 [queued]>
[2023-04-04 15:15:11,584] {taskinstance.py:1356} INFO - 
--------------------------------------------------------------------------------
[2023-04-04 15:15:11,584] {taskinstance.py:1357} INFO - Starting attempt 1 of 1
[2023-04-04 15:15:11,584] {taskinstance.py:1358} INFO - 
--------------------------------------------------------------------------------
[2023-04-04 15:15:11,606] {taskinstance.py:1377} INFO - Executing <Task(BashOperator): cria_pasta> on 2022-10-03 00:00:00+00:00
[2023-04-04 15:15:11,609] {standard_task_runner.py:52} INFO - Started process 8689 to run task
[2023-04-04 15:15:11,611] {standard_task_runner.py:79} INFO - Running: ['airflow', 'tasks', 'run', 'dados_climaticos', 'cria_pasta', 'scheduled__2022-10-03T00:00:00+00:00', '--job-id', '36', '--raw', '--subdir', 'DAGS_FOLDER/dados_climaticos.py', '--cfg-path', '/tmp/tmpv0t3ih80', '--error-file', '/tmp/tmp7bnyoycq']
[2023-04-04 15:15:11,612] {standard_task_runner.py:80} INFO - Job 36: Subtask cria_pasta
[2023-04-04 15:15:11,653] {task_command.py:370} INFO - Running <TaskInstance: dados_climaticos.cria_pasta scheduled__2022-10-03T00:00:00+00:00 [running]> on host bruno-H610M-H-DDR4
[2023-04-04 15:15:11,701] {taskinstance.py:1569} INFO - Exporting the following env vars:
AIRFLOW_CTX_DAG_OWNER=airflow
AIRFLOW_CTX_DAG_ID=dados_climaticos
AIRFLOW_CTX_TASK_ID=cria_pasta
AIRFLOW_CTX_EXECUTION_DATE=2022-10-03T00:00:00+00:00
AIRFLOW_CTX_TRY_NUMBER=1
AIRFLOW_CTX_DAG_RUN_ID=scheduled__2022-10-03T00:00:00+00:00
[2023-04-04 15:15:11,702] {subprocess.py:62} INFO - Tmp dir root location: 
 /tmp
[2023-04-04 15:15:11,702] {subprocess.py:74} INFO - Running command: ['bash', '-c', 'mkdir -p "/home/bruno/Documents/airflow_alura/semana=2022-10-10"']
[2023-04-04 15:15:11,705] {subprocess.py:85} INFO - Output:
[2023-04-04 15:15:11,706] {subprocess.py:96} INFO - Command exited with return code 0
[2023-04-04 15:15:11,742] {taskinstance.py:1395} INFO - Marking task as SUCCESS. dag_id=dados_climaticos, task_id=cria_pasta, execution_date=20221003T000000, start_date=20230404T181511, end_date=20230404T181511
[2023-04-04 15:15:11,783] {local_task_job.py:156} INFO - Task exited with return code 0
[2023-04-04 15:15:11,830] {local_task_job.py:273} INFO - 1 downstream tasks scheduled from follow-on schedule check
[2023-04-04 15:18:43,795] {taskinstance.py:1159} INFO - Dependencies all met for <TaskInstance: dados_climaticos.cria_pasta scheduled__2022-10-03T00:00:00+00:00 [queued]>
[2023-04-04 15:18:43,809] {taskinstance.py:1159} INFO - Dependencies all met for <TaskInstance: dados_climaticos.cria_pasta scheduled__2022-10-03T00:00:00+00:00 [queued]>
[2023-04-04 15:18:43,809] {taskinstance.py:1356} INFO - 
--------------------------------------------------------------------------------
[2023-04-04 15:18:43,809] {taskinstance.py:1357} INFO - Starting attempt 1 of 1
[2023-04-04 15:18:43,809] {taskinstance.py:1358} INFO - 
--------------------------------------------------------------------------------
[2023-04-04 15:18:43,830] {taskinstance.py:1377} INFO - Executing <Task(BashOperator): cria_pasta> on 2022-10-03 00:00:00+00:00
[2023-04-04 15:18:43,833] {standard_task_runner.py:52} INFO - Started process 9655 to run task
[2023-04-04 15:18:43,835] {standard_task_runner.py:79} INFO - Running: ['airflow', 'tasks', 'run', 'dados_climaticos', 'cria_pasta', 'scheduled__2022-10-03T00:00:00+00:00', '--job-id', '41', '--raw', '--subdir', 'DAGS_FOLDER/dados_climaticos.py', '--cfg-path', '/tmp/tmpil83lh1q', '--error-file', '/tmp/tmpeftphx43']
[2023-04-04 15:18:43,836] {standard_task_runner.py:80} INFO - Job 41: Subtask cria_pasta
[2023-04-04 15:18:43,884] {task_command.py:370} INFO - Running <TaskInstance: dados_climaticos.cria_pasta scheduled__2022-10-03T00:00:00+00:00 [running]> on host bruno-H610M-H-DDR4
[2023-04-04 15:18:43,929] {taskinstance.py:1569} INFO - Exporting the following env vars:
AIRFLOW_CTX_DAG_OWNER=airflow
AIRFLOW_CTX_DAG_ID=dados_climaticos
AIRFLOW_CTX_TASK_ID=cria_pasta
AIRFLOW_CTX_EXECUTION_DATE=2022-10-03T00:00:00+00:00
AIRFLOW_CTX_TRY_NUMBER=1
AIRFLOW_CTX_DAG_RUN_ID=scheduled__2022-10-03T00:00:00+00:00
[2023-04-04 15:18:43,930] {subprocess.py:62} INFO - Tmp dir root location: 
 /tmp
[2023-04-04 15:18:43,930] {subprocess.py:74} INFO - Running command: ['bash', '-c', 'mkdir -p "/home/bruno/Documents/airflow_alura/semana=2022-10-10"']
[2023-04-04 15:18:43,933] {subprocess.py:85} INFO - Output:
[2023-04-04 15:18:43,934] {subprocess.py:96} INFO - Command exited with return code 0
[2023-04-04 15:18:43,960] {taskinstance.py:1395} INFO - Marking task as SUCCESS. dag_id=dados_climaticos, task_id=cria_pasta, execution_date=20221003T000000, start_date=20230404T181843, end_date=20230404T181843
[2023-04-04 15:18:44,007] {local_task_job.py:156} INFO - Task exited with return code 0
[2023-04-04 15:18:44,048] {local_task_job.py:273} INFO - 1 downstream tasks scheduled from follow-on schedule check
[2023-04-04 15:25:59,543] {taskinstance.py:1159} INFO - Dependencies all met for <TaskInstance: dados_climaticos.cria_pasta scheduled__2022-10-03T00:00:00+00:00 [queued]>
[2023-04-04 15:25:59,557] {taskinstance.py:1159} INFO - Dependencies all met for <TaskInstance: dados_climaticos.cria_pasta scheduled__2022-10-03T00:00:00+00:00 [queued]>
[2023-04-04 15:25:59,557] {taskinstance.py:1356} INFO - 
--------------------------------------------------------------------------------
[2023-04-04 15:25:59,557] {taskinstance.py:1357} INFO - Starting attempt 1 of 1
[2023-04-04 15:25:59,557] {taskinstance.py:1358} INFO - 
--------------------------------------------------------------------------------
[2023-04-04 15:25:59,577] {taskinstance.py:1377} INFO - Executing <Task(BashOperator): cria_pasta> on 2022-10-03 00:00:00+00:00
[2023-04-04 15:25:59,580] {standard_task_runner.py:52} INFO - Started process 10798 to run task
[2023-04-04 15:25:59,582] {standard_task_runner.py:79} INFO - Running: ['airflow', 'tasks', 'run', 'dados_climaticos', 'cria_pasta', 'scheduled__2022-10-03T00:00:00+00:00', '--job-id', '41', '--raw', '--subdir', 'DAGS_FOLDER/dados_climaticos.py', '--cfg-path', '/tmp/tmp6v4oyzk2', '--error-file', '/tmp/tmpuc02r9ac']
[2023-04-04 15:25:59,582] {standard_task_runner.py:80} INFO - Job 41: Subtask cria_pasta
[2023-04-04 15:25:59,627] {task_command.py:370} INFO - Running <TaskInstance: dados_climaticos.cria_pasta scheduled__2022-10-03T00:00:00+00:00 [running]> on host bruno-H610M-H-DDR4
[2023-04-04 15:25:59,686] {taskinstance.py:1569} INFO - Exporting the following env vars:
AIRFLOW_CTX_DAG_OWNER=airflow
AIRFLOW_CTX_DAG_ID=dados_climaticos
AIRFLOW_CTX_TASK_ID=cria_pasta
AIRFLOW_CTX_EXECUTION_DATE=2022-10-03T00:00:00+00:00
AIRFLOW_CTX_TRY_NUMBER=1
AIRFLOW_CTX_DAG_RUN_ID=scheduled__2022-10-03T00:00:00+00:00
[2023-04-04 15:25:59,687] {subprocess.py:62} INFO - Tmp dir root location: 
 /tmp
[2023-04-04 15:25:59,687] {subprocess.py:74} INFO - Running command: ['bash', '-c', 'mkdir -p "/home/bruno/Documents/airflow_alura/semana=2022-10-10"']
[2023-04-04 15:25:59,693] {subprocess.py:85} INFO - Output:
[2023-04-04 15:25:59,694] {subprocess.py:96} INFO - Command exited with return code 0
[2023-04-04 15:25:59,725] {taskinstance.py:1395} INFO - Marking task as SUCCESS. dag_id=dados_climaticos, task_id=cria_pasta, execution_date=20221003T000000, start_date=20230404T182559, end_date=20230404T182559
[2023-04-04 15:25:59,794] {local_task_job.py:156} INFO - Task exited with return code 0
[2023-04-04 15:25:59,830] {local_task_job.py:273} INFO - 1 downstream tasks scheduled from follow-on schedule check
