[2023-04-04 15:15:50,383] {taskinstance.py:1159} INFO - Dependencies all met for <TaskInstance: dados_climaticos.cria_pasta scheduled__2022-12-12T00:00:00+00:00 [queued]>
[2023-04-04 15:15:50,385] {taskinstance.py:1159} INFO - Dependencies all met for <TaskInstance: dados_climaticos.cria_pasta scheduled__2022-12-12T00:00:00+00:00 [queued]>
[2023-04-04 15:15:50,385] {taskinstance.py:1356} INFO - 
--------------------------------------------------------------------------------
[2023-04-04 15:15:50,385] {taskinstance.py:1357} INFO - Starting attempt 1 of 1
[2023-04-04 15:15:50,385] {taskinstance.py:1358} INFO - 
--------------------------------------------------------------------------------
[2023-04-04 15:15:50,406] {taskinstance.py:1377} INFO - Executing <Task(BashOperator): cria_pasta> on 2022-12-12 00:00:00+00:00
[2023-04-04 15:15:50,408] {standard_task_runner.py:52} INFO - Started process 8947 to run task
[2023-04-04 15:15:50,410] {standard_task_runner.py:79} INFO - Running: ['airflow', 'tasks', 'run', 'dados_climaticos', 'cria_pasta', 'scheduled__2022-12-12T00:00:00+00:00', '--job-id', '57', '--raw', '--subdir', 'DAGS_FOLDER/dados_climaticos.py', '--cfg-path', '/tmp/tmptzuwh4d3', '--error-file', '/tmp/tmpye671lz8']
[2023-04-04 15:15:50,410] {standard_task_runner.py:80} INFO - Job 57: Subtask cria_pasta
[2023-04-04 15:15:50,450] {task_command.py:370} INFO - Running <TaskInstance: dados_climaticos.cria_pasta scheduled__2022-12-12T00:00:00+00:00 [running]> on host bruno-H610M-H-DDR4
[2023-04-04 15:15:50,505] {taskinstance.py:1569} INFO - Exporting the following env vars:
AIRFLOW_CTX_DAG_OWNER=airflow
AIRFLOW_CTX_DAG_ID=dados_climaticos
AIRFLOW_CTX_TASK_ID=cria_pasta
AIRFLOW_CTX_EXECUTION_DATE=2022-12-12T00:00:00+00:00
AIRFLOW_CTX_TRY_NUMBER=1
AIRFLOW_CTX_DAG_RUN_ID=scheduled__2022-12-12T00:00:00+00:00
[2023-04-04 15:15:50,506] {subprocess.py:62} INFO - Tmp dir root location: 
 /tmp
[2023-04-04 15:15:50,506] {subprocess.py:74} INFO - Running command: ['bash', '-c', 'mkdir -p "/home/bruno/Documents/airflow_alura/semana=2022-12-19"']
[2023-04-04 15:15:50,510] {subprocess.py:85} INFO - Output:
[2023-04-04 15:15:50,511] {subprocess.py:96} INFO - Command exited with return code 0
[2023-04-04 15:15:50,541] {taskinstance.py:1395} INFO - Marking task as SUCCESS. dag_id=dados_climaticos, task_id=cria_pasta, execution_date=20221212T000000, start_date=20230404T181550, end_date=20230404T181550
[2023-04-04 15:15:50,582] {local_task_job.py:156} INFO - Task exited with return code 0
[2023-04-04 15:15:50,722] {local_task_job.py:273} INFO - 1 downstream tasks scheduled from follow-on schedule check
[2023-04-04 15:26:34,944] {taskinstance.py:1159} INFO - Dependencies all met for <TaskInstance: dados_climaticos.cria_pasta scheduled__2022-12-12T00:00:00+00:00 [queued]>
[2023-04-04 15:26:34,958] {taskinstance.py:1159} INFO - Dependencies all met for <TaskInstance: dados_climaticos.cria_pasta scheduled__2022-12-12T00:00:00+00:00 [queued]>
[2023-04-04 15:26:34,958] {taskinstance.py:1356} INFO - 
--------------------------------------------------------------------------------
[2023-04-04 15:26:34,958] {taskinstance.py:1357} INFO - Starting attempt 1 of 1
[2023-04-04 15:26:34,958] {taskinstance.py:1358} INFO - 
--------------------------------------------------------------------------------
[2023-04-04 15:26:34,980] {taskinstance.py:1377} INFO - Executing <Task(BashOperator): cria_pasta> on 2022-12-12 00:00:00+00:00
[2023-04-04 15:26:34,983] {standard_task_runner.py:52} INFO - Started process 11043 to run task
[2023-04-04 15:26:34,984] {standard_task_runner.py:79} INFO - Running: ['airflow', 'tasks', 'run', 'dados_climaticos', 'cria_pasta', 'scheduled__2022-12-12T00:00:00+00:00', '--job-id', '60', '--raw', '--subdir', 'DAGS_FOLDER/dados_climaticos.py', '--cfg-path', '/tmp/tmpze2qmu0n', '--error-file', '/tmp/tmpaizk9sft']
[2023-04-04 15:26:34,985] {standard_task_runner.py:80} INFO - Job 60: Subtask cria_pasta
[2023-04-04 15:26:35,052] {task_command.py:370} INFO - Running <TaskInstance: dados_climaticos.cria_pasta scheduled__2022-12-12T00:00:00+00:00 [running]> on host bruno-H610M-H-DDR4
[2023-04-04 15:26:35,113] {taskinstance.py:1569} INFO - Exporting the following env vars:
AIRFLOW_CTX_DAG_OWNER=airflow
AIRFLOW_CTX_DAG_ID=dados_climaticos
AIRFLOW_CTX_TASK_ID=cria_pasta
AIRFLOW_CTX_EXECUTION_DATE=2022-12-12T00:00:00+00:00
AIRFLOW_CTX_TRY_NUMBER=1
AIRFLOW_CTX_DAG_RUN_ID=scheduled__2022-12-12T00:00:00+00:00
[2023-04-04 15:26:35,114] {subprocess.py:62} INFO - Tmp dir root location: 
 /tmp
[2023-04-04 15:26:35,114] {subprocess.py:74} INFO - Running command: ['bash', '-c', 'mkdir -p "/home/bruno/Documents/airflow_alura/semana=2022-12-19"']
[2023-04-04 15:26:35,119] {subprocess.py:85} INFO - Output:
[2023-04-04 15:26:35,120] {subprocess.py:96} INFO - Command exited with return code 0
[2023-04-04 15:26:35,151] {taskinstance.py:1395} INFO - Marking task as SUCCESS. dag_id=dados_climaticos, task_id=cria_pasta, execution_date=20221212T000000, start_date=20230404T182634, end_date=20230404T182635
[2023-04-04 15:26:35,196] {local_task_job.py:156} INFO - Task exited with return code 0
[2023-04-04 15:26:35,350] {local_task_job.py:273} INFO - 1 downstream tasks scheduled from follow-on schedule check
