[2023-04-04 15:15:32,791] {taskinstance.py:1159} INFO - Dependencies all met for <TaskInstance: dados_climaticos.cria_pasta scheduled__2022-11-14T00:00:00+00:00 [queued]>
[2023-04-04 15:15:32,793] {taskinstance.py:1159} INFO - Dependencies all met for <TaskInstance: dados_climaticos.cria_pasta scheduled__2022-11-14T00:00:00+00:00 [queued]>
[2023-04-04 15:15:32,793] {taskinstance.py:1356} INFO - 
--------------------------------------------------------------------------------
[2023-04-04 15:15:32,793] {taskinstance.py:1357} INFO - Starting attempt 1 of 1
[2023-04-04 15:15:32,793] {taskinstance.py:1358} INFO - 
--------------------------------------------------------------------------------
[2023-04-04 15:15:32,817] {taskinstance.py:1377} INFO - Executing <Task(BashOperator): cria_pasta> on 2022-11-14 00:00:00+00:00
[2023-04-04 15:15:32,820] {standard_task_runner.py:52} INFO - Started process 8832 to run task
[2023-04-04 15:15:32,822] {standard_task_runner.py:79} INFO - Running: ['airflow', 'tasks', 'run', 'dados_climaticos', 'cria_pasta', 'scheduled__2022-11-14T00:00:00+00:00', '--job-id', '48', '--raw', '--subdir', 'DAGS_FOLDER/dados_climaticos.py', '--cfg-path', '/tmp/tmpiv7bgfz0', '--error-file', '/tmp/tmpjzkv8jmz']
[2023-04-04 15:15:32,822] {standard_task_runner.py:80} INFO - Job 48: Subtask cria_pasta
[2023-04-04 15:15:32,864] {task_command.py:370} INFO - Running <TaskInstance: dados_climaticos.cria_pasta scheduled__2022-11-14T00:00:00+00:00 [running]> on host bruno-H610M-H-DDR4
[2023-04-04 15:15:33,075] {taskinstance.py:1569} INFO - Exporting the following env vars:
AIRFLOW_CTX_DAG_OWNER=airflow
AIRFLOW_CTX_DAG_ID=dados_climaticos
AIRFLOW_CTX_TASK_ID=cria_pasta
AIRFLOW_CTX_EXECUTION_DATE=2022-11-14T00:00:00+00:00
AIRFLOW_CTX_TRY_NUMBER=1
AIRFLOW_CTX_DAG_RUN_ID=scheduled__2022-11-14T00:00:00+00:00
[2023-04-04 15:15:33,076] {subprocess.py:62} INFO - Tmp dir root location: 
 /tmp
[2023-04-04 15:15:33,076] {subprocess.py:74} INFO - Running command: ['bash', '-c', 'mkdir -p "/home/bruno/Documents/airflow_alura/semana=2022-11-21"']
[2023-04-04 15:15:33,089] {subprocess.py:85} INFO - Output:
[2023-04-04 15:15:33,093] {subprocess.py:96} INFO - Command exited with return code 0
[2023-04-04 15:15:33,171] {taskinstance.py:1395} INFO - Marking task as SUCCESS. dag_id=dados_climaticos, task_id=cria_pasta, execution_date=20221114T000000, start_date=20230404T181532, end_date=20230404T181533
[2023-04-04 15:15:33,234] {local_task_job.py:156} INFO - Task exited with return code 0
[2023-04-04 15:15:33,291] {local_task_job.py:273} INFO - 1 downstream tasks scheduled from follow-on schedule check
[2023-04-04 15:26:22,196] {taskinstance.py:1159} INFO - Dependencies all met for <TaskInstance: dados_climaticos.cria_pasta scheduled__2022-11-14T00:00:00+00:00 [queued]>
[2023-04-04 15:26:22,210] {taskinstance.py:1159} INFO - Dependencies all met for <TaskInstance: dados_climaticos.cria_pasta scheduled__2022-11-14T00:00:00+00:00 [queued]>
[2023-04-04 15:26:22,210] {taskinstance.py:1356} INFO - 
--------------------------------------------------------------------------------
[2023-04-04 15:26:22,210] {taskinstance.py:1357} INFO - Starting attempt 1 of 1
[2023-04-04 15:26:22,210] {taskinstance.py:1358} INFO - 
--------------------------------------------------------------------------------
[2023-04-04 15:26:22,235] {taskinstance.py:1377} INFO - Executing <Task(BashOperator): cria_pasta> on 2022-11-14 00:00:00+00:00
[2023-04-04 15:26:22,239] {standard_task_runner.py:52} INFO - Started process 10941 to run task
[2023-04-04 15:26:22,241] {standard_task_runner.py:79} INFO - Running: ['airflow', 'tasks', 'run', 'dados_climaticos', 'cria_pasta', 'scheduled__2022-11-14T00:00:00+00:00', '--job-id', '53', '--raw', '--subdir', 'DAGS_FOLDER/dados_climaticos.py', '--cfg-path', '/tmp/tmpgohbvm_a', '--error-file', '/tmp/tmpubisbaoy']
[2023-04-04 15:26:22,242] {standard_task_runner.py:80} INFO - Job 53: Subtask cria_pasta
[2023-04-04 15:26:22,283] {task_command.py:370} INFO - Running <TaskInstance: dados_climaticos.cria_pasta scheduled__2022-11-14T00:00:00+00:00 [running]> on host bruno-H610M-H-DDR4
[2023-04-04 15:26:22,339] {taskinstance.py:1569} INFO - Exporting the following env vars:
AIRFLOW_CTX_DAG_OWNER=airflow
AIRFLOW_CTX_DAG_ID=dados_climaticos
AIRFLOW_CTX_TASK_ID=cria_pasta
AIRFLOW_CTX_EXECUTION_DATE=2022-11-14T00:00:00+00:00
AIRFLOW_CTX_TRY_NUMBER=1
AIRFLOW_CTX_DAG_RUN_ID=scheduled__2022-11-14T00:00:00+00:00
[2023-04-04 15:26:22,340] {subprocess.py:62} INFO - Tmp dir root location: 
 /tmp
[2023-04-04 15:26:22,340] {subprocess.py:74} INFO - Running command: ['bash', '-c', 'mkdir -p "/home/bruno/Documents/airflow_alura/semana=2022-11-21"']
[2023-04-04 15:26:22,346] {subprocess.py:85} INFO - Output:
[2023-04-04 15:26:22,347] {subprocess.py:96} INFO - Command exited with return code 0
[2023-04-04 15:26:22,377] {taskinstance.py:1395} INFO - Marking task as SUCCESS. dag_id=dados_climaticos, task_id=cria_pasta, execution_date=20221114T000000, start_date=20230404T182622, end_date=20230404T182622
[2023-04-04 15:26:22,454] {local_task_job.py:156} INFO - Task exited with return code 0
[2023-04-04 15:26:22,494] {local_task_job.py:273} INFO - 1 downstream tasks scheduled from follow-on schedule check
