[2023-04-04 15:16:36,105] {taskinstance.py:1159} INFO - Dependencies all met for <TaskInstance: dados_climaticos.cria_pasta scheduled__2023-03-13T00:00:00+00:00 [queued]>
[2023-04-04 15:16:36,108] {taskinstance.py:1159} INFO - Dependencies all met for <TaskInstance: dados_climaticos.cria_pasta scheduled__2023-03-13T00:00:00+00:00 [queued]>
[2023-04-04 15:16:36,108] {taskinstance.py:1356} INFO - 
--------------------------------------------------------------------------------
[2023-04-04 15:16:36,108] {taskinstance.py:1357} INFO - Starting attempt 1 of 1
[2023-04-04 15:16:36,108] {taskinstance.py:1358} INFO - 
--------------------------------------------------------------------------------
[2023-04-04 15:16:36,132] {taskinstance.py:1377} INFO - Executing <Task(BashOperator): cria_pasta> on 2023-03-13 00:00:00+00:00
[2023-04-04 15:16:36,140] {standard_task_runner.py:52} INFO - Started process 9246 to run task
[2023-04-04 15:16:36,146] {standard_task_runner.py:79} INFO - Running: ['airflow', 'tasks', 'run', 'dados_climaticos', 'cria_pasta', 'scheduled__2023-03-13T00:00:00+00:00', '--job-id', '82', '--raw', '--subdir', 'DAGS_FOLDER/dados_climaticos.py', '--cfg-path', '/tmp/tmpbhhtcjm2', '--error-file', '/tmp/tmpf4kw21q0']
[2023-04-04 15:16:36,146] {standard_task_runner.py:80} INFO - Job 82: Subtask cria_pasta
[2023-04-04 15:16:36,212] {task_command.py:370} INFO - Running <TaskInstance: dados_climaticos.cria_pasta scheduled__2023-03-13T00:00:00+00:00 [running]> on host bruno-H610M-H-DDR4
[2023-04-04 15:16:36,254] {taskinstance.py:1569} INFO - Exporting the following env vars:
AIRFLOW_CTX_DAG_OWNER=airflow
AIRFLOW_CTX_DAG_ID=dados_climaticos
AIRFLOW_CTX_TASK_ID=cria_pasta
AIRFLOW_CTX_EXECUTION_DATE=2023-03-13T00:00:00+00:00
AIRFLOW_CTX_TRY_NUMBER=1
AIRFLOW_CTX_DAG_RUN_ID=scheduled__2023-03-13T00:00:00+00:00
[2023-04-04 15:16:36,255] {subprocess.py:62} INFO - Tmp dir root location: 
 /tmp
[2023-04-04 15:16:36,255] {subprocess.py:74} INFO - Running command: ['bash', '-c', 'mkdir -p "/home/bruno/Documents/airflow_alura/semana=2023-03-20"']
[2023-04-04 15:16:36,258] {subprocess.py:85} INFO - Output:
[2023-04-04 15:16:36,259] {subprocess.py:96} INFO - Command exited with return code 0
[2023-04-04 15:16:36,286] {taskinstance.py:1395} INFO - Marking task as SUCCESS. dag_id=dados_climaticos, task_id=cria_pasta, execution_date=20230313T000000, start_date=20230404T181636, end_date=20230404T181636
[2023-04-04 15:16:36,358] {local_task_job.py:156} INFO - Task exited with return code 0
[2023-04-04 15:16:36,413] {local_task_job.py:273} INFO - 1 downstream tasks scheduled from follow-on schedule check
[2023-04-04 15:27:24,494] {taskinstance.py:1159} INFO - Dependencies all met for <TaskInstance: dados_climaticos.cria_pasta scheduled__2023-03-13T00:00:00+00:00 [queued]>
[2023-04-04 15:27:24,508] {taskinstance.py:1159} INFO - Dependencies all met for <TaskInstance: dados_climaticos.cria_pasta scheduled__2023-03-13T00:00:00+00:00 [queued]>
[2023-04-04 15:27:24,508] {taskinstance.py:1356} INFO - 
--------------------------------------------------------------------------------
[2023-04-04 15:27:24,508] {taskinstance.py:1357} INFO - Starting attempt 1 of 1
[2023-04-04 15:27:24,508] {taskinstance.py:1358} INFO - 
--------------------------------------------------------------------------------
[2023-04-04 15:27:24,529] {taskinstance.py:1377} INFO - Executing <Task(BashOperator): cria_pasta> on 2023-03-13 00:00:00+00:00
[2023-04-04 15:27:24,532] {standard_task_runner.py:52} INFO - Started process 11382 to run task
[2023-04-04 15:27:24,534] {standard_task_runner.py:79} INFO - Running: ['airflow', 'tasks', 'run', 'dados_climaticos', 'cria_pasta', 'scheduled__2023-03-13T00:00:00+00:00', '--job-id', '86', '--raw', '--subdir', 'DAGS_FOLDER/dados_climaticos.py', '--cfg-path', '/tmp/tmpb6_h8wqr', '--error-file', '/tmp/tmpqya4r0xz']
[2023-04-04 15:27:24,535] {standard_task_runner.py:80} INFO - Job 86: Subtask cria_pasta
[2023-04-04 15:27:24,576] {task_command.py:370} INFO - Running <TaskInstance: dados_climaticos.cria_pasta scheduled__2023-03-13T00:00:00+00:00 [running]> on host bruno-H610M-H-DDR4
[2023-04-04 15:27:24,636] {taskinstance.py:1569} INFO - Exporting the following env vars:
AIRFLOW_CTX_DAG_OWNER=airflow
AIRFLOW_CTX_DAG_ID=dados_climaticos
AIRFLOW_CTX_TASK_ID=cria_pasta
AIRFLOW_CTX_EXECUTION_DATE=2023-03-13T00:00:00+00:00
AIRFLOW_CTX_TRY_NUMBER=1
AIRFLOW_CTX_DAG_RUN_ID=scheduled__2023-03-13T00:00:00+00:00
[2023-04-04 15:27:24,637] {subprocess.py:62} INFO - Tmp dir root location: 
 /tmp
[2023-04-04 15:27:24,637] {subprocess.py:74} INFO - Running command: ['bash', '-c', 'mkdir -p "/home/bruno/Documents/airflow_alura/semana=2023-03-20"']
[2023-04-04 15:27:24,641] {subprocess.py:85} INFO - Output:
[2023-04-04 15:27:24,642] {subprocess.py:96} INFO - Command exited with return code 0
[2023-04-04 15:27:24,669] {taskinstance.py:1395} INFO - Marking task as SUCCESS. dag_id=dados_climaticos, task_id=cria_pasta, execution_date=20230313T000000, start_date=20230404T182724, end_date=20230404T182724
[2023-04-04 15:27:24,746] {local_task_job.py:156} INFO - Task exited with return code 0
[2023-04-04 15:27:24,787] {local_task_job.py:273} INFO - 1 downstream tasks scheduled from follow-on schedule check
