[2023-04-04 15:15:44,228] {taskinstance.py:1159} INFO - Dependencies all met for <TaskInstance: dados_climaticos.cria_pasta scheduled__2022-12-05T00:00:00+00:00 [queued]>
[2023-04-04 15:15:44,231] {taskinstance.py:1159} INFO - Dependencies all met for <TaskInstance: dados_climaticos.cria_pasta scheduled__2022-12-05T00:00:00+00:00 [queued]>
[2023-04-04 15:15:44,231] {taskinstance.py:1356} INFO - 
--------------------------------------------------------------------------------
[2023-04-04 15:15:44,231] {taskinstance.py:1357} INFO - Starting attempt 1 of 1
[2023-04-04 15:15:44,231] {taskinstance.py:1358} INFO - 
--------------------------------------------------------------------------------
[2023-04-04 15:15:44,253] {taskinstance.py:1377} INFO - Executing <Task(BashOperator): cria_pasta> on 2022-12-05 00:00:00+00:00
[2023-04-04 15:15:44,255] {standard_task_runner.py:52} INFO - Started process 8908 to run task
[2023-04-04 15:15:44,257] {standard_task_runner.py:79} INFO - Running: ['airflow', 'tasks', 'run', 'dados_climaticos', 'cria_pasta', 'scheduled__2022-12-05T00:00:00+00:00', '--job-id', '54', '--raw', '--subdir', 'DAGS_FOLDER/dados_climaticos.py', '--cfg-path', '/tmp/tmp1gz6ogbs', '--error-file', '/tmp/tmpve0ryg39']
[2023-04-04 15:15:44,257] {standard_task_runner.py:80} INFO - Job 54: Subtask cria_pasta
[2023-04-04 15:15:44,299] {task_command.py:370} INFO - Running <TaskInstance: dados_climaticos.cria_pasta scheduled__2022-12-05T00:00:00+00:00 [running]> on host bruno-H610M-H-DDR4
[2023-04-04 15:15:44,356] {taskinstance.py:1569} INFO - Exporting the following env vars:
AIRFLOW_CTX_DAG_OWNER=airflow
AIRFLOW_CTX_DAG_ID=dados_climaticos
AIRFLOW_CTX_TASK_ID=cria_pasta
AIRFLOW_CTX_EXECUTION_DATE=2022-12-05T00:00:00+00:00
AIRFLOW_CTX_TRY_NUMBER=1
AIRFLOW_CTX_DAG_RUN_ID=scheduled__2022-12-05T00:00:00+00:00
[2023-04-04 15:15:44,356] {subprocess.py:62} INFO - Tmp dir root location: 
 /tmp
[2023-04-04 15:15:44,356] {subprocess.py:74} INFO - Running command: ['bash', '-c', 'mkdir -p "/home/bruno/Documents/airflow_alura/semana=2022-12-12"']
[2023-04-04 15:15:44,360] {subprocess.py:85} INFO - Output:
[2023-04-04 15:15:44,361] {subprocess.py:96} INFO - Command exited with return code 0
[2023-04-04 15:15:44,389] {taskinstance.py:1395} INFO - Marking task as SUCCESS. dag_id=dados_climaticos, task_id=cria_pasta, execution_date=20221205T000000, start_date=20230404T181544, end_date=20230404T181544
[2023-04-04 15:15:44,428] {local_task_job.py:156} INFO - Task exited with return code 0
[2023-04-04 15:15:44,465] {local_task_job.py:273} INFO - 1 downstream tasks scheduled from follow-on schedule check
[2023-04-04 15:26:33,574] {taskinstance.py:1159} INFO - Dependencies all met for <TaskInstance: dados_climaticos.cria_pasta scheduled__2022-12-05T00:00:00+00:00 [queued]>
[2023-04-04 15:26:33,588] {taskinstance.py:1159} INFO - Dependencies all met for <TaskInstance: dados_climaticos.cria_pasta scheduled__2022-12-05T00:00:00+00:00 [queued]>
[2023-04-04 15:26:33,588] {taskinstance.py:1356} INFO - 
--------------------------------------------------------------------------------
[2023-04-04 15:26:33,588] {taskinstance.py:1357} INFO - Starting attempt 1 of 1
[2023-04-04 15:26:33,588] {taskinstance.py:1358} INFO - 
--------------------------------------------------------------------------------
[2023-04-04 15:26:33,609] {taskinstance.py:1377} INFO - Executing <Task(BashOperator): cria_pasta> on 2022-12-05 00:00:00+00:00
[2023-04-04 15:26:33,612] {standard_task_runner.py:52} INFO - Started process 11023 to run task
[2023-04-04 15:26:33,615] {standard_task_runner.py:79} INFO - Running: ['airflow', 'tasks', 'run', 'dados_climaticos', 'cria_pasta', 'scheduled__2022-12-05T00:00:00+00:00', '--job-id', '59', '--raw', '--subdir', 'DAGS_FOLDER/dados_climaticos.py', '--cfg-path', '/tmp/tmpwoj5eces', '--error-file', '/tmp/tmpforx0tuq']
[2023-04-04 15:26:33,616] {standard_task_runner.py:80} INFO - Job 59: Subtask cria_pasta
[2023-04-04 15:26:33,655] {task_command.py:370} INFO - Running <TaskInstance: dados_climaticos.cria_pasta scheduled__2022-12-05T00:00:00+00:00 [running]> on host bruno-H610M-H-DDR4
[2023-04-04 15:26:33,706] {taskinstance.py:1569} INFO - Exporting the following env vars:
AIRFLOW_CTX_DAG_OWNER=airflow
AIRFLOW_CTX_DAG_ID=dados_climaticos
AIRFLOW_CTX_TASK_ID=cria_pasta
AIRFLOW_CTX_EXECUTION_DATE=2022-12-05T00:00:00+00:00
AIRFLOW_CTX_TRY_NUMBER=1
AIRFLOW_CTX_DAG_RUN_ID=scheduled__2022-12-05T00:00:00+00:00
[2023-04-04 15:26:33,707] {subprocess.py:62} INFO - Tmp dir root location: 
 /tmp
[2023-04-04 15:26:33,707] {subprocess.py:74} INFO - Running command: ['bash', '-c', 'mkdir -p "/home/bruno/Documents/airflow_alura/semana=2022-12-12"']
[2023-04-04 15:26:33,711] {subprocess.py:85} INFO - Output:
[2023-04-04 15:26:33,712] {subprocess.py:96} INFO - Command exited with return code 0
[2023-04-04 15:26:33,739] {taskinstance.py:1395} INFO - Marking task as SUCCESS. dag_id=dados_climaticos, task_id=cria_pasta, execution_date=20221205T000000, start_date=20230404T182633, end_date=20230404T182633
[2023-04-04 15:26:33,787] {local_task_job.py:156} INFO - Task exited with return code 0
[2023-04-04 15:26:33,823] {local_task_job.py:273} INFO - 1 downstream tasks scheduled from follow-on schedule check
