[2023-04-04 14:50:09,861] {taskinstance.py:1159} INFO - Dependencies all met for <TaskInstance: dados_climaticos.cria_pasta scheduled__2022-10-17T00:00:00+00:00 [queued]>
[2023-04-04 14:50:09,864] {taskinstance.py:1159} INFO - Dependencies all met for <TaskInstance: dados_climaticos.cria_pasta scheduled__2022-10-17T00:00:00+00:00 [queued]>
[2023-04-04 14:50:09,864] {taskinstance.py:1356} INFO - 
--------------------------------------------------------------------------------
[2023-04-04 14:50:09,864] {taskinstance.py:1357} INFO - Starting attempt 1 of 1
[2023-04-04 14:50:09,864] {taskinstance.py:1358} INFO - 
--------------------------------------------------------------------------------
[2023-04-04 14:50:09,886] {taskinstance.py:1377} INFO - Executing <Task(BashOperator): cria_pasta> on 2022-10-17 00:00:00+00:00
[2023-04-04 14:50:09,889] {standard_task_runner.py:52} INFO - Started process 14848 to run task
[2023-04-04 14:50:09,896] {standard_task_runner.py:79} INFO - Running: ['airflow', 'tasks', 'run', 'dados_climaticos', 'cria_pasta', 'scheduled__2022-10-17T00:00:00+00:00', '--job-id', '42', '--raw', '--subdir', 'DAGS_FOLDER/dados_climaticos.py', '--cfg-path', '/tmp/tmp88f_ot0k', '--error-file', '/tmp/tmpvdkwj76s']
[2023-04-04 14:50:09,898] {standard_task_runner.py:80} INFO - Job 42: Subtask cria_pasta
[2023-04-04 14:50:09,941] {task_command.py:370} INFO - Running <TaskInstance: dados_climaticos.cria_pasta scheduled__2022-10-17T00:00:00+00:00 [running]> on host bruno-H610M-H-DDR4
[2023-04-04 14:50:09,993] {taskinstance.py:1569} INFO - Exporting the following env vars:
AIRFLOW_CTX_DAG_OWNER=airflow
AIRFLOW_CTX_DAG_ID=dados_climaticos
AIRFLOW_CTX_TASK_ID=cria_pasta
AIRFLOW_CTX_EXECUTION_DATE=2022-10-17T00:00:00+00:00
AIRFLOW_CTX_TRY_NUMBER=1
AIRFLOW_CTX_DAG_RUN_ID=scheduled__2022-10-17T00:00:00+00:00
[2023-04-04 14:50:09,994] {subprocess.py:62} INFO - Tmp dir root location: 
 /tmp
[2023-04-04 14:50:09,994] {subprocess.py:74} INFO - Running command: ['bash', '-c', 'mkdir -p "/home/bruno/Documents/airflow_alura/semana=2022-10-24"']
[2023-04-04 14:50:10,001] {subprocess.py:85} INFO - Output:
[2023-04-04 14:50:10,002] {subprocess.py:96} INFO - Command exited with return code 0
[2023-04-04 14:50:10,034] {taskinstance.py:1395} INFO - Marking task as SUCCESS. dag_id=dados_climaticos, task_id=cria_pasta, execution_date=20221017T000000, start_date=20230404T175009, end_date=20230404T175010
[2023-04-04 14:50:10,106] {local_task_job.py:156} INFO - Task exited with return code 0
[2023-04-04 14:50:10,162] {local_task_job.py:273} INFO - 1 downstream tasks scheduled from follow-on schedule check
[2023-04-04 15:15:18,995] {taskinstance.py:1159} INFO - Dependencies all met for <TaskInstance: dados_climaticos.cria_pasta scheduled__2022-10-17T00:00:00+00:00 [queued]>
[2023-04-04 15:15:19,009] {taskinstance.py:1159} INFO - Dependencies all met for <TaskInstance: dados_climaticos.cria_pasta scheduled__2022-10-17T00:00:00+00:00 [queued]>
[2023-04-04 15:15:19,009] {taskinstance.py:1356} INFO - 
--------------------------------------------------------------------------------
[2023-04-04 15:15:19,009] {taskinstance.py:1357} INFO - Starting attempt 1 of 1
[2023-04-04 15:15:19,009] {taskinstance.py:1358} INFO - 
--------------------------------------------------------------------------------
[2023-04-04 15:15:19,031] {taskinstance.py:1377} INFO - Executing <Task(BashOperator): cria_pasta> on 2022-10-17 00:00:00+00:00
[2023-04-04 15:15:19,033] {standard_task_runner.py:52} INFO - Started process 8739 to run task
[2023-04-04 15:15:19,036] {standard_task_runner.py:79} INFO - Running: ['airflow', 'tasks', 'run', 'dados_climaticos', 'cria_pasta', 'scheduled__2022-10-17T00:00:00+00:00', '--job-id', '40', '--raw', '--subdir', 'DAGS_FOLDER/dados_climaticos.py', '--cfg-path', '/tmp/tmpre98snxf', '--error-file', '/tmp/tmpogyrmlzr']
[2023-04-04 15:15:19,037] {standard_task_runner.py:80} INFO - Job 40: Subtask cria_pasta
[2023-04-04 15:15:19,077] {task_command.py:370} INFO - Running <TaskInstance: dados_climaticos.cria_pasta scheduled__2022-10-17T00:00:00+00:00 [running]> on host bruno-H610M-H-DDR4
[2023-04-04 15:15:19,151] {taskinstance.py:1569} INFO - Exporting the following env vars:
AIRFLOW_CTX_DAG_OWNER=airflow
AIRFLOW_CTX_DAG_ID=dados_climaticos
AIRFLOW_CTX_TASK_ID=cria_pasta
AIRFLOW_CTX_EXECUTION_DATE=2022-10-17T00:00:00+00:00
AIRFLOW_CTX_TRY_NUMBER=1
AIRFLOW_CTX_DAG_RUN_ID=scheduled__2022-10-17T00:00:00+00:00
[2023-04-04 15:15:19,152] {subprocess.py:62} INFO - Tmp dir root location: 
 /tmp
[2023-04-04 15:15:19,152] {subprocess.py:74} INFO - Running command: ['bash', '-c', 'mkdir -p "/home/bruno/Documents/airflow_alura/semana=2022-10-24"']
[2023-04-04 15:15:19,158] {subprocess.py:85} INFO - Output:
[2023-04-04 15:15:19,159] {subprocess.py:96} INFO - Command exited with return code 0
[2023-04-04 15:15:19,196] {taskinstance.py:1395} INFO - Marking task as SUCCESS. dag_id=dados_climaticos, task_id=cria_pasta, execution_date=20221017T000000, start_date=20230404T181519, end_date=20230404T181519
[2023-04-04 15:15:19,248] {local_task_job.py:156} INFO - Task exited with return code 0
[2023-04-04 15:15:19,287] {local_task_job.py:273} INFO - 1 downstream tasks scheduled from follow-on schedule check
[2023-04-04 15:18:48,344] {taskinstance.py:1159} INFO - Dependencies all met for <TaskInstance: dados_climaticos.cria_pasta scheduled__2022-10-17T00:00:00+00:00 [queued]>
[2023-04-04 15:18:48,358] {taskinstance.py:1159} INFO - Dependencies all met for <TaskInstance: dados_climaticos.cria_pasta scheduled__2022-10-17T00:00:00+00:00 [queued]>
[2023-04-04 15:18:48,358] {taskinstance.py:1356} INFO - 
--------------------------------------------------------------------------------
[2023-04-04 15:18:48,358] {taskinstance.py:1357} INFO - Starting attempt 1 of 1
[2023-04-04 15:18:48,358] {taskinstance.py:1358} INFO - 
--------------------------------------------------------------------------------
[2023-04-04 15:18:48,380] {taskinstance.py:1377} INFO - Executing <Task(BashOperator): cria_pasta> on 2022-10-17 00:00:00+00:00
[2023-04-04 15:18:48,383] {standard_task_runner.py:52} INFO - Started process 9688 to run task
[2023-04-04 15:18:48,388] {standard_task_runner.py:79} INFO - Running: ['airflow', 'tasks', 'run', 'dados_climaticos', 'cria_pasta', 'scheduled__2022-10-17T00:00:00+00:00', '--job-id', '44', '--raw', '--subdir', 'DAGS_FOLDER/dados_climaticos.py', '--cfg-path', '/tmp/tmphwq91qd_', '--error-file', '/tmp/tmp2_7if_4t']
[2023-04-04 15:18:48,388] {standard_task_runner.py:80} INFO - Job 44: Subtask cria_pasta
[2023-04-04 15:18:48,433] {task_command.py:370} INFO - Running <TaskInstance: dados_climaticos.cria_pasta scheduled__2022-10-17T00:00:00+00:00 [running]> on host bruno-H610M-H-DDR4
[2023-04-04 15:18:48,487] {taskinstance.py:1569} INFO - Exporting the following env vars:
AIRFLOW_CTX_DAG_OWNER=airflow
AIRFLOW_CTX_DAG_ID=dados_climaticos
AIRFLOW_CTX_TASK_ID=cria_pasta
AIRFLOW_CTX_EXECUTION_DATE=2022-10-17T00:00:00+00:00
AIRFLOW_CTX_TRY_NUMBER=1
AIRFLOW_CTX_DAG_RUN_ID=scheduled__2022-10-17T00:00:00+00:00
[2023-04-04 15:18:48,487] {subprocess.py:62} INFO - Tmp dir root location: 
 /tmp
[2023-04-04 15:18:48,487] {subprocess.py:74} INFO - Running command: ['bash', '-c', 'mkdir -p "/home/bruno/Documents/airflow_alura/semana=2022-10-24"']
[2023-04-04 15:18:48,491] {subprocess.py:85} INFO - Output:
[2023-04-04 15:18:48,492] {subprocess.py:96} INFO - Command exited with return code 0
[2023-04-04 15:18:48,519] {taskinstance.py:1395} INFO - Marking task as SUCCESS. dag_id=dados_climaticos, task_id=cria_pasta, execution_date=20221017T000000, start_date=20230404T181848, end_date=20230404T181848
[2023-04-04 15:18:48,559] {local_task_job.py:156} INFO - Task exited with return code 0
[2023-04-04 15:18:48,590] {local_task_job.py:273} INFO - 1 downstream tasks scheduled from follow-on schedule check
[2023-04-04 15:26:04,190] {taskinstance.py:1159} INFO - Dependencies all met for <TaskInstance: dados_climaticos.cria_pasta scheduled__2022-10-17T00:00:00+00:00 [queued]>
[2023-04-04 15:26:04,204] {taskinstance.py:1159} INFO - Dependencies all met for <TaskInstance: dados_climaticos.cria_pasta scheduled__2022-10-17T00:00:00+00:00 [queued]>
[2023-04-04 15:26:04,204] {taskinstance.py:1356} INFO - 
--------------------------------------------------------------------------------
[2023-04-04 15:26:04,204] {taskinstance.py:1357} INFO - Starting attempt 1 of 1
[2023-04-04 15:26:04,204] {taskinstance.py:1358} INFO - 
--------------------------------------------------------------------------------
[2023-04-04 15:26:04,236] {taskinstance.py:1377} INFO - Executing <Task(BashOperator): cria_pasta> on 2022-10-17 00:00:00+00:00
[2023-04-04 15:26:04,241] {standard_task_runner.py:52} INFO - Started process 10834 to run task
[2023-04-04 15:26:04,244] {standard_task_runner.py:79} INFO - Running: ['airflow', 'tasks', 'run', 'dados_climaticos', 'cria_pasta', 'scheduled__2022-10-17T00:00:00+00:00', '--job-id', '44', '--raw', '--subdir', 'DAGS_FOLDER/dados_climaticos.py', '--cfg-path', '/tmp/tmpz7e6hds_', '--error-file', '/tmp/tmpeux76wkw']
[2023-04-04 15:26:04,245] {standard_task_runner.py:80} INFO - Job 44: Subtask cria_pasta
[2023-04-04 15:26:04,292] {task_command.py:370} INFO - Running <TaskInstance: dados_climaticos.cria_pasta scheduled__2022-10-17T00:00:00+00:00 [running]> on host bruno-H610M-H-DDR4
[2023-04-04 15:26:04,331] {taskinstance.py:1569} INFO - Exporting the following env vars:
AIRFLOW_CTX_DAG_OWNER=airflow
AIRFLOW_CTX_DAG_ID=dados_climaticos
AIRFLOW_CTX_TASK_ID=cria_pasta
AIRFLOW_CTX_EXECUTION_DATE=2022-10-17T00:00:00+00:00
AIRFLOW_CTX_TRY_NUMBER=1
AIRFLOW_CTX_DAG_RUN_ID=scheduled__2022-10-17T00:00:00+00:00
[2023-04-04 15:26:04,331] {subprocess.py:62} INFO - Tmp dir root location: 
 /tmp
[2023-04-04 15:26:04,331] {subprocess.py:74} INFO - Running command: ['bash', '-c', 'mkdir -p "/home/bruno/Documents/airflow_alura/semana=2022-10-24"']
[2023-04-04 15:26:04,335] {subprocess.py:85} INFO - Output:
[2023-04-04 15:26:04,336] {subprocess.py:96} INFO - Command exited with return code 0
[2023-04-04 15:26:04,363] {taskinstance.py:1395} INFO - Marking task as SUCCESS. dag_id=dados_climaticos, task_id=cria_pasta, execution_date=20221017T000000, start_date=20230404T182604, end_date=20230404T182604
[2023-04-04 15:26:04,416] {local_task_job.py:156} INFO - Task exited with return code 0
[2023-04-04 15:26:04,451] {local_task_job.py:273} INFO - 1 downstream tasks scheduled from follow-on schedule check
