[2023-04-04 14:49:58,865] {taskinstance.py:1159} INFO - Dependencies all met for <TaskInstance: dados_climaticos.cria_pasta scheduled__2022-09-26T00:00:00+00:00 [queued]>
[2023-04-04 14:49:58,871] {taskinstance.py:1159} INFO - Dependencies all met for <TaskInstance: dados_climaticos.cria_pasta scheduled__2022-09-26T00:00:00+00:00 [queued]>
[2023-04-04 14:49:58,871] {taskinstance.py:1356} INFO - 
--------------------------------------------------------------------------------
[2023-04-04 14:49:58,872] {taskinstance.py:1357} INFO - Starting attempt 1 of 1
[2023-04-04 14:49:58,872] {taskinstance.py:1358} INFO - 
--------------------------------------------------------------------------------
[2023-04-04 14:49:58,894] {taskinstance.py:1377} INFO - Executing <Task(BashOperator): cria_pasta> on 2022-09-26 00:00:00+00:00
[2023-04-04 14:49:58,896] {standard_task_runner.py:52} INFO - Started process 14774 to run task
[2023-04-04 14:49:58,898] {standard_task_runner.py:79} INFO - Running: ['airflow', 'tasks', 'run', 'dados_climaticos', 'cria_pasta', 'scheduled__2022-09-26T00:00:00+00:00', '--job-id', '36', '--raw', '--subdir', 'DAGS_FOLDER/dados_climaticos.py', '--cfg-path', '/tmp/tmpg1zomqbu', '--error-file', '/tmp/tmp7nkc4k3s']
[2023-04-04 14:49:58,898] {standard_task_runner.py:80} INFO - Job 36: Subtask cria_pasta
[2023-04-04 14:49:58,933] {task_command.py:370} INFO - Running <TaskInstance: dados_climaticos.cria_pasta scheduled__2022-09-26T00:00:00+00:00 [running]> on host bruno-H610M-H-DDR4
[2023-04-04 14:49:59,000] {taskinstance.py:1569} INFO - Exporting the following env vars:
AIRFLOW_CTX_DAG_OWNER=airflow
AIRFLOW_CTX_DAG_ID=dados_climaticos
AIRFLOW_CTX_TASK_ID=cria_pasta
AIRFLOW_CTX_EXECUTION_DATE=2022-09-26T00:00:00+00:00
AIRFLOW_CTX_TRY_NUMBER=1
AIRFLOW_CTX_DAG_RUN_ID=scheduled__2022-09-26T00:00:00+00:00
[2023-04-04 14:49:59,000] {subprocess.py:62} INFO - Tmp dir root location: 
 /tmp
[2023-04-04 14:49:59,000] {subprocess.py:74} INFO - Running command: ['bash', '-c', 'mkdir -p "/home/bruno/Documents/airflow_alura/semana=2022-10-03"']
[2023-04-04 14:49:59,005] {subprocess.py:85} INFO - Output:
[2023-04-04 14:49:59,006] {subprocess.py:96} INFO - Command exited with return code 0
[2023-04-04 14:49:59,041] {taskinstance.py:1395} INFO - Marking task as SUCCESS. dag_id=dados_climaticos, task_id=cria_pasta, execution_date=20220926T000000, start_date=20230404T174958, end_date=20230404T174959
[2023-04-04 14:49:59,069] {local_task_job.py:156} INFO - Task exited with return code 0
[2023-04-04 14:49:59,095] {local_task_job.py:273} INFO - 1 downstream tasks scheduled from follow-on schedule check
[2023-04-04 15:15:08,380] {taskinstance.py:1159} INFO - Dependencies all met for <TaskInstance: dados_climaticos.cria_pasta scheduled__2022-09-26T00:00:00+00:00 [queued]>
[2023-04-04 15:15:08,393] {taskinstance.py:1159} INFO - Dependencies all met for <TaskInstance: dados_climaticos.cria_pasta scheduled__2022-09-26T00:00:00+00:00 [queued]>
[2023-04-04 15:15:08,393] {taskinstance.py:1356} INFO - 
--------------------------------------------------------------------------------
[2023-04-04 15:15:08,393] {taskinstance.py:1357} INFO - Starting attempt 1 of 1
[2023-04-04 15:15:08,393] {taskinstance.py:1358} INFO - 
--------------------------------------------------------------------------------
[2023-04-04 15:15:08,415] {taskinstance.py:1377} INFO - Executing <Task(BashOperator): cria_pasta> on 2022-09-26 00:00:00+00:00
[2023-04-04 15:15:08,417] {standard_task_runner.py:52} INFO - Started process 8668 to run task
[2023-04-04 15:15:08,419] {standard_task_runner.py:79} INFO - Running: ['airflow', 'tasks', 'run', 'dados_climaticos', 'cria_pasta', 'scheduled__2022-09-26T00:00:00+00:00', '--job-id', '34', '--raw', '--subdir', 'DAGS_FOLDER/dados_climaticos.py', '--cfg-path', '/tmp/tmpn8uu2jr_', '--error-file', '/tmp/tmplu5xh9f1']
[2023-04-04 15:15:08,419] {standard_task_runner.py:80} INFO - Job 34: Subtask cria_pasta
[2023-04-04 15:15:08,460] {task_command.py:370} INFO - Running <TaskInstance: dados_climaticos.cria_pasta scheduled__2022-09-26T00:00:00+00:00 [running]> on host bruno-H610M-H-DDR4
[2023-04-04 15:15:08,508] {taskinstance.py:1569} INFO - Exporting the following env vars:
AIRFLOW_CTX_DAG_OWNER=airflow
AIRFLOW_CTX_DAG_ID=dados_climaticos
AIRFLOW_CTX_TASK_ID=cria_pasta
AIRFLOW_CTX_EXECUTION_DATE=2022-09-26T00:00:00+00:00
AIRFLOW_CTX_TRY_NUMBER=1
AIRFLOW_CTX_DAG_RUN_ID=scheduled__2022-09-26T00:00:00+00:00
[2023-04-04 15:15:08,509] {subprocess.py:62} INFO - Tmp dir root location: 
 /tmp
[2023-04-04 15:15:08,509] {subprocess.py:74} INFO - Running command: ['bash', '-c', 'mkdir -p "/home/bruno/Documents/airflow_alura/semana=2022-10-03"']
[2023-04-04 15:15:08,513] {subprocess.py:85} INFO - Output:
[2023-04-04 15:15:08,514] {subprocess.py:96} INFO - Command exited with return code 0
[2023-04-04 15:15:08,541] {taskinstance.py:1395} INFO - Marking task as SUCCESS. dag_id=dados_climaticos, task_id=cria_pasta, execution_date=20220926T000000, start_date=20230404T181508, end_date=20230404T181508
[2023-04-04 15:15:08,590] {local_task_job.py:156} INFO - Task exited with return code 0
[2023-04-04 15:15:08,636] {local_task_job.py:273} INFO - 1 downstream tasks scheduled from follow-on schedule check
[2023-04-04 15:18:37,212] {taskinstance.py:1159} INFO - Dependencies all met for <TaskInstance: dados_climaticos.cria_pasta scheduled__2022-09-26T00:00:00+00:00 [queued]>
[2023-04-04 15:18:37,225] {taskinstance.py:1159} INFO - Dependencies all met for <TaskInstance: dados_climaticos.cria_pasta scheduled__2022-09-26T00:00:00+00:00 [queued]>
[2023-04-04 15:18:37,226] {taskinstance.py:1356} INFO - 
--------------------------------------------------------------------------------
[2023-04-04 15:18:37,226] {taskinstance.py:1357} INFO - Starting attempt 1 of 1
[2023-04-04 15:18:37,226] {taskinstance.py:1358} INFO - 
--------------------------------------------------------------------------------
[2023-04-04 15:18:37,250] {taskinstance.py:1377} INFO - Executing <Task(BashOperator): cria_pasta> on 2022-09-26 00:00:00+00:00
[2023-04-04 15:18:37,253] {standard_task_runner.py:52} INFO - Started process 9615 to run task
[2023-04-04 15:18:37,259] {standard_task_runner.py:79} INFO - Running: ['airflow', 'tasks', 'run', 'dados_climaticos', 'cria_pasta', 'scheduled__2022-09-26T00:00:00+00:00', '--job-id', '38', '--raw', '--subdir', 'DAGS_FOLDER/dados_climaticos.py', '--cfg-path', '/tmp/tmpq_vhm73_', '--error-file', '/tmp/tmp4p1ljz5p']
[2023-04-04 15:18:37,260] {standard_task_runner.py:80} INFO - Job 38: Subtask cria_pasta
[2023-04-04 15:18:37,316] {task_command.py:370} INFO - Running <TaskInstance: dados_climaticos.cria_pasta scheduled__2022-09-26T00:00:00+00:00 [running]> on host bruno-H610M-H-DDR4
[2023-04-04 15:18:37,371] {taskinstance.py:1569} INFO - Exporting the following env vars:
AIRFLOW_CTX_DAG_OWNER=airflow
AIRFLOW_CTX_DAG_ID=dados_climaticos
AIRFLOW_CTX_TASK_ID=cria_pasta
AIRFLOW_CTX_EXECUTION_DATE=2022-09-26T00:00:00+00:00
AIRFLOW_CTX_TRY_NUMBER=1
AIRFLOW_CTX_DAG_RUN_ID=scheduled__2022-09-26T00:00:00+00:00
[2023-04-04 15:18:37,371] {subprocess.py:62} INFO - Tmp dir root location: 
 /tmp
[2023-04-04 15:18:37,371] {subprocess.py:74} INFO - Running command: ['bash', '-c', 'mkdir -p "/home/bruno/Documents/airflow_alura/semana=2022-10-03"']
[2023-04-04 15:18:37,376] {subprocess.py:85} INFO - Output:
[2023-04-04 15:18:37,377] {subprocess.py:96} INFO - Command exited with return code 0
[2023-04-04 15:18:37,410] {taskinstance.py:1395} INFO - Marking task as SUCCESS. dag_id=dados_climaticos, task_id=cria_pasta, execution_date=20220926T000000, start_date=20230404T181837, end_date=20230404T181837
[2023-04-04 15:18:37,469] {local_task_job.py:156} INFO - Task exited with return code 0
[2023-04-04 15:18:37,510] {local_task_job.py:273} INFO - 1 downstream tasks scheduled from follow-on schedule check
[2023-04-04 15:25:52,588] {taskinstance.py:1159} INFO - Dependencies all met for <TaskInstance: dados_climaticos.cria_pasta scheduled__2022-09-26T00:00:00+00:00 [queued]>
[2023-04-04 15:25:52,601] {taskinstance.py:1159} INFO - Dependencies all met for <TaskInstance: dados_climaticos.cria_pasta scheduled__2022-09-26T00:00:00+00:00 [queued]>
[2023-04-04 15:25:52,601] {taskinstance.py:1356} INFO - 
--------------------------------------------------------------------------------
[2023-04-04 15:25:52,601] {taskinstance.py:1357} INFO - Starting attempt 1 of 1
[2023-04-04 15:25:52,601] {taskinstance.py:1358} INFO - 
--------------------------------------------------------------------------------
[2023-04-04 15:25:52,627] {taskinstance.py:1377} INFO - Executing <Task(BashOperator): cria_pasta> on 2022-09-26 00:00:00+00:00
[2023-04-04 15:25:52,630] {standard_task_runner.py:52} INFO - Started process 10760 to run task
[2023-04-04 15:25:52,632] {standard_task_runner.py:79} INFO - Running: ['airflow', 'tasks', 'run', 'dados_climaticos', 'cria_pasta', 'scheduled__2022-09-26T00:00:00+00:00', '--job-id', '38', '--raw', '--subdir', 'DAGS_FOLDER/dados_climaticos.py', '--cfg-path', '/tmp/tmprvvuz8ik', '--error-file', '/tmp/tmp7bj4jt50']
[2023-04-04 15:25:52,633] {standard_task_runner.py:80} INFO - Job 38: Subtask cria_pasta
[2023-04-04 15:25:52,687] {task_command.py:370} INFO - Running <TaskInstance: dados_climaticos.cria_pasta scheduled__2022-09-26T00:00:00+00:00 [running]> on host bruno-H610M-H-DDR4
[2023-04-04 15:25:52,749] {taskinstance.py:1569} INFO - Exporting the following env vars:
AIRFLOW_CTX_DAG_OWNER=airflow
AIRFLOW_CTX_DAG_ID=dados_climaticos
AIRFLOW_CTX_TASK_ID=cria_pasta
AIRFLOW_CTX_EXECUTION_DATE=2022-09-26T00:00:00+00:00
AIRFLOW_CTX_TRY_NUMBER=1
AIRFLOW_CTX_DAG_RUN_ID=scheduled__2022-09-26T00:00:00+00:00
[2023-04-04 15:25:52,750] {subprocess.py:62} INFO - Tmp dir root location: 
 /tmp
[2023-04-04 15:25:52,750] {subprocess.py:74} INFO - Running command: ['bash', '-c', 'mkdir -p "/home/bruno/Documents/airflow_alura/semana=2022-10-03"']
[2023-04-04 15:25:52,756] {subprocess.py:85} INFO - Output:
[2023-04-04 15:25:52,758] {subprocess.py:96} INFO - Command exited with return code 0
[2023-04-04 15:25:52,792] {taskinstance.py:1395} INFO - Marking task as SUCCESS. dag_id=dados_climaticos, task_id=cria_pasta, execution_date=20220926T000000, start_date=20230404T182552, end_date=20230404T182552
[2023-04-04 15:25:52,844] {local_task_job.py:156} INFO - Task exited with return code 0
[2023-04-04 15:25:52,879] {local_task_job.py:273} INFO - 1 downstream tasks scheduled from follow-on schedule check
