[2023-04-04 15:15:51,835] {taskinstance.py:1159} INFO - Dependencies all met for <TaskInstance: dados_climaticos.cria_pasta scheduled__2022-12-19T00:00:00+00:00 [queued]>
[2023-04-04 15:15:51,839] {taskinstance.py:1159} INFO - Dependencies all met for <TaskInstance: dados_climaticos.cria_pasta scheduled__2022-12-19T00:00:00+00:00 [queued]>
[2023-04-04 15:15:51,839] {taskinstance.py:1356} INFO - 
--------------------------------------------------------------------------------
[2023-04-04 15:15:51,839] {taskinstance.py:1357} INFO - Starting attempt 1 of 1
[2023-04-04 15:15:51,839] {taskinstance.py:1358} INFO - 
--------------------------------------------------------------------------------
[2023-04-04 15:15:51,860] {taskinstance.py:1377} INFO - Executing <Task(BashOperator): cria_pasta> on 2022-12-19 00:00:00+00:00
[2023-04-04 15:15:51,862] {standard_task_runner.py:52} INFO - Started process 8958 to run task
[2023-04-04 15:15:51,865] {standard_task_runner.py:79} INFO - Running: ['airflow', 'tasks', 'run', 'dados_climaticos', 'cria_pasta', 'scheduled__2022-12-19T00:00:00+00:00', '--job-id', '58', '--raw', '--subdir', 'DAGS_FOLDER/dados_climaticos.py', '--cfg-path', '/tmp/tmpp5_4cbar', '--error-file', '/tmp/tmpvvhj_zoy']
[2023-04-04 15:15:51,865] {standard_task_runner.py:80} INFO - Job 58: Subtask cria_pasta
[2023-04-04 15:15:51,915] {task_command.py:370} INFO - Running <TaskInstance: dados_climaticos.cria_pasta scheduled__2022-12-19T00:00:00+00:00 [running]> on host bruno-H610M-H-DDR4
[2023-04-04 15:15:51,960] {taskinstance.py:1569} INFO - Exporting the following env vars:
AIRFLOW_CTX_DAG_OWNER=airflow
AIRFLOW_CTX_DAG_ID=dados_climaticos
AIRFLOW_CTX_TASK_ID=cria_pasta
AIRFLOW_CTX_EXECUTION_DATE=2022-12-19T00:00:00+00:00
AIRFLOW_CTX_TRY_NUMBER=1
AIRFLOW_CTX_DAG_RUN_ID=scheduled__2022-12-19T00:00:00+00:00
[2023-04-04 15:15:51,961] {subprocess.py:62} INFO - Tmp dir root location: 
 /tmp
[2023-04-04 15:15:51,961] {subprocess.py:74} INFO - Running command: ['bash', '-c', 'mkdir -p "/home/bruno/Documents/airflow_alura/semana=2022-12-26"']
[2023-04-04 15:15:51,965] {subprocess.py:85} INFO - Output:
[2023-04-04 15:15:51,965] {subprocess.py:96} INFO - Command exited with return code 0
[2023-04-04 15:15:51,997] {taskinstance.py:1395} INFO - Marking task as SUCCESS. dag_id=dados_climaticos, task_id=cria_pasta, execution_date=20221219T000000, start_date=20230404T181551, end_date=20230404T181551
[2023-04-04 15:15:52,036] {local_task_job.py:156} INFO - Task exited with return code 0
[2023-04-04 15:15:52,072] {local_task_job.py:273} INFO - 1 downstream tasks scheduled from follow-on schedule check
[2023-04-04 15:26:38,460] {taskinstance.py:1159} INFO - Dependencies all met for <TaskInstance: dados_climaticos.cria_pasta scheduled__2022-12-19T00:00:00+00:00 [queued]>
[2023-04-04 15:26:38,473] {taskinstance.py:1159} INFO - Dependencies all met for <TaskInstance: dados_climaticos.cria_pasta scheduled__2022-12-19T00:00:00+00:00 [queued]>
[2023-04-04 15:26:38,473] {taskinstance.py:1356} INFO - 
--------------------------------------------------------------------------------
[2023-04-04 15:26:38,473] {taskinstance.py:1357} INFO - Starting attempt 1 of 1
[2023-04-04 15:26:38,474] {taskinstance.py:1358} INFO - 
--------------------------------------------------------------------------------
[2023-04-04 15:26:38,496] {taskinstance.py:1377} INFO - Executing <Task(BashOperator): cria_pasta> on 2022-12-19 00:00:00+00:00
[2023-04-04 15:26:38,498] {standard_task_runner.py:52} INFO - Started process 11089 to run task
[2023-04-04 15:26:38,501] {standard_task_runner.py:79} INFO - Running: ['airflow', 'tasks', 'run', 'dados_climaticos', 'cria_pasta', 'scheduled__2022-12-19T00:00:00+00:00', '--job-id', '62', '--raw', '--subdir', 'DAGS_FOLDER/dados_climaticos.py', '--cfg-path', '/tmp/tmpx0z9btj4', '--error-file', '/tmp/tmp2q0yzb53']
[2023-04-04 15:26:38,501] {standard_task_runner.py:80} INFO - Job 62: Subtask cria_pasta
[2023-04-04 15:26:38,544] {task_command.py:370} INFO - Running <TaskInstance: dados_climaticos.cria_pasta scheduled__2022-12-19T00:00:00+00:00 [running]> on host bruno-H610M-H-DDR4
[2023-04-04 15:26:38,592] {taskinstance.py:1569} INFO - Exporting the following env vars:
AIRFLOW_CTX_DAG_OWNER=airflow
AIRFLOW_CTX_DAG_ID=dados_climaticos
AIRFLOW_CTX_TASK_ID=cria_pasta
AIRFLOW_CTX_EXECUTION_DATE=2022-12-19T00:00:00+00:00
AIRFLOW_CTX_TRY_NUMBER=1
AIRFLOW_CTX_DAG_RUN_ID=scheduled__2022-12-19T00:00:00+00:00
[2023-04-04 15:26:38,593] {subprocess.py:62} INFO - Tmp dir root location: 
 /tmp
[2023-04-04 15:26:38,593] {subprocess.py:74} INFO - Running command: ['bash', '-c', 'mkdir -p "/home/bruno/Documents/airflow_alura/semana=2022-12-26"']
[2023-04-04 15:26:38,598] {subprocess.py:85} INFO - Output:
[2023-04-04 15:26:38,599] {subprocess.py:96} INFO - Command exited with return code 0
[2023-04-04 15:26:38,631] {taskinstance.py:1395} INFO - Marking task as SUCCESS. dag_id=dados_climaticos, task_id=cria_pasta, execution_date=20221219T000000, start_date=20230404T182638, end_date=20230404T182638
[2023-04-04 15:26:38,672] {local_task_job.py:156} INFO - Task exited with return code 0
[2023-04-04 15:26:38,715] {local_task_job.py:273} INFO - 1 downstream tasks scheduled from follow-on schedule check
