[2023-04-04 15:15:29,759] {taskinstance.py:1159} INFO - Dependencies all met for <TaskInstance: dados_climaticos.cria_pasta scheduled__2022-11-07T00:00:00+00:00 [queued]>
[2023-04-04 15:15:29,762] {taskinstance.py:1159} INFO - Dependencies all met for <TaskInstance: dados_climaticos.cria_pasta scheduled__2022-11-07T00:00:00+00:00 [queued]>
[2023-04-04 15:15:29,762] {taskinstance.py:1356} INFO - 
--------------------------------------------------------------------------------
[2023-04-04 15:15:29,762] {taskinstance.py:1357} INFO - Starting attempt 1 of 1
[2023-04-04 15:15:29,762] {taskinstance.py:1358} INFO - 
--------------------------------------------------------------------------------
[2023-04-04 15:15:29,784] {taskinstance.py:1377} INFO - Executing <Task(BashOperator): cria_pasta> on 2022-11-07 00:00:00+00:00
[2023-04-04 15:15:29,786] {standard_task_runner.py:52} INFO - Started process 8811 to run task
[2023-04-04 15:15:29,788] {standard_task_runner.py:79} INFO - Running: ['airflow', 'tasks', 'run', 'dados_climaticos', 'cria_pasta', 'scheduled__2022-11-07T00:00:00+00:00', '--job-id', '46', '--raw', '--subdir', 'DAGS_FOLDER/dados_climaticos.py', '--cfg-path', '/tmp/tmp30xlcfga', '--error-file', '/tmp/tmpq1nl2g6s']
[2023-04-04 15:15:29,789] {standard_task_runner.py:80} INFO - Job 46: Subtask cria_pasta
[2023-04-04 15:15:29,822] {task_command.py:370} INFO - Running <TaskInstance: dados_climaticos.cria_pasta scheduled__2022-11-07T00:00:00+00:00 [running]> on host bruno-H610M-H-DDR4
[2023-04-04 15:15:29,873] {taskinstance.py:1569} INFO - Exporting the following env vars:
AIRFLOW_CTX_DAG_OWNER=airflow
AIRFLOW_CTX_DAG_ID=dados_climaticos
AIRFLOW_CTX_TASK_ID=cria_pasta
AIRFLOW_CTX_EXECUTION_DATE=2022-11-07T00:00:00+00:00
AIRFLOW_CTX_TRY_NUMBER=1
AIRFLOW_CTX_DAG_RUN_ID=scheduled__2022-11-07T00:00:00+00:00
[2023-04-04 15:15:29,874] {subprocess.py:62} INFO - Tmp dir root location: 
 /tmp
[2023-04-04 15:15:29,874] {subprocess.py:74} INFO - Running command: ['bash', '-c', 'mkdir -p "/home/bruno/Documents/airflow_alura/semana=2022-11-14"']
[2023-04-04 15:15:29,878] {subprocess.py:85} INFO - Output:
[2023-04-04 15:15:29,879] {subprocess.py:96} INFO - Command exited with return code 0
[2023-04-04 15:15:29,906] {taskinstance.py:1395} INFO - Marking task as SUCCESS. dag_id=dados_climaticos, task_id=cria_pasta, execution_date=20221107T000000, start_date=20230404T181529, end_date=20230404T181529
[2023-04-04 15:15:29,960] {local_task_job.py:156} INFO - Task exited with return code 0
[2023-04-04 15:15:30,003] {local_task_job.py:273} INFO - 1 downstream tasks scheduled from follow-on schedule check
[2023-04-04 15:26:15,698] {taskinstance.py:1159} INFO - Dependencies all met for <TaskInstance: dados_climaticos.cria_pasta scheduled__2022-11-07T00:00:00+00:00 [queued]>
[2023-04-04 15:26:15,712] {taskinstance.py:1159} INFO - Dependencies all met for <TaskInstance: dados_climaticos.cria_pasta scheduled__2022-11-07T00:00:00+00:00 [queued]>
[2023-04-04 15:26:15,712] {taskinstance.py:1356} INFO - 
--------------------------------------------------------------------------------
[2023-04-04 15:26:15,712] {taskinstance.py:1357} INFO - Starting attempt 1 of 1
[2023-04-04 15:26:15,712] {taskinstance.py:1358} INFO - 
--------------------------------------------------------------------------------
[2023-04-04 15:26:15,733] {taskinstance.py:1377} INFO - Executing <Task(BashOperator): cria_pasta> on 2022-11-07 00:00:00+00:00
[2023-04-04 15:26:15,736] {standard_task_runner.py:52} INFO - Started process 10905 to run task
[2023-04-04 15:26:15,738] {standard_task_runner.py:79} INFO - Running: ['airflow', 'tasks', 'run', 'dados_climaticos', 'cria_pasta', 'scheduled__2022-11-07T00:00:00+00:00', '--job-id', '50', '--raw', '--subdir', 'DAGS_FOLDER/dados_climaticos.py', '--cfg-path', '/tmp/tmp6nnabwle', '--error-file', '/tmp/tmprtkttoff']
[2023-04-04 15:26:15,739] {standard_task_runner.py:80} INFO - Job 50: Subtask cria_pasta
[2023-04-04 15:26:15,785] {task_command.py:370} INFO - Running <TaskInstance: dados_climaticos.cria_pasta scheduled__2022-11-07T00:00:00+00:00 [running]> on host bruno-H610M-H-DDR4
[2023-04-04 15:26:15,841] {taskinstance.py:1569} INFO - Exporting the following env vars:
AIRFLOW_CTX_DAG_OWNER=airflow
AIRFLOW_CTX_DAG_ID=dados_climaticos
AIRFLOW_CTX_TASK_ID=cria_pasta
AIRFLOW_CTX_EXECUTION_DATE=2022-11-07T00:00:00+00:00
AIRFLOW_CTX_TRY_NUMBER=1
AIRFLOW_CTX_DAG_RUN_ID=scheduled__2022-11-07T00:00:00+00:00
[2023-04-04 15:26:15,842] {subprocess.py:62} INFO - Tmp dir root location: 
 /tmp
[2023-04-04 15:26:15,842] {subprocess.py:74} INFO - Running command: ['bash', '-c', 'mkdir -p "/home/bruno/Documents/airflow_alura/semana=2022-11-14"']
[2023-04-04 15:26:15,846] {subprocess.py:85} INFO - Output:
[2023-04-04 15:26:15,847] {subprocess.py:96} INFO - Command exited with return code 0
[2023-04-04 15:26:15,876] {taskinstance.py:1395} INFO - Marking task as SUCCESS. dag_id=dados_climaticos, task_id=cria_pasta, execution_date=20221107T000000, start_date=20230404T182615, end_date=20230404T182615
[2023-04-04 15:26:15,910] {local_task_job.py:156} INFO - Task exited with return code 0
[2023-04-04 15:26:15,953] {local_task_job.py:273} INFO - 1 downstream tasks scheduled from follow-on schedule check
