[2023-04-04 14:50:06,514] {taskinstance.py:1159} INFO - Dependencies all met for <TaskInstance: dados_climaticos.cria_pasta scheduled__2022-10-10T00:00:00+00:00 [queued]>
[2023-04-04 14:50:06,516] {taskinstance.py:1159} INFO - Dependencies all met for <TaskInstance: dados_climaticos.cria_pasta scheduled__2022-10-10T00:00:00+00:00 [queued]>
[2023-04-04 14:50:06,517] {taskinstance.py:1356} INFO - 
--------------------------------------------------------------------------------
[2023-04-04 14:50:06,517] {taskinstance.py:1357} INFO - Starting attempt 1 of 1
[2023-04-04 14:50:06,517] {taskinstance.py:1358} INFO - 
--------------------------------------------------------------------------------
[2023-04-04 14:50:06,538] {taskinstance.py:1377} INFO - Executing <Task(BashOperator): cria_pasta> on 2022-10-10 00:00:00+00:00
[2023-04-04 14:50:06,541] {standard_task_runner.py:52} INFO - Started process 14825 to run task
[2023-04-04 14:50:06,543] {standard_task_runner.py:79} INFO - Running: ['airflow', 'tasks', 'run', 'dados_climaticos', 'cria_pasta', 'scheduled__2022-10-10T00:00:00+00:00', '--job-id', '40', '--raw', '--subdir', 'DAGS_FOLDER/dados_climaticos.py', '--cfg-path', '/tmp/tmppof7vrl2', '--error-file', '/tmp/tmp6g8hi3pb']
[2023-04-04 14:50:06,543] {standard_task_runner.py:80} INFO - Job 40: Subtask cria_pasta
[2023-04-04 14:50:06,592] {task_command.py:370} INFO - Running <TaskInstance: dados_climaticos.cria_pasta scheduled__2022-10-10T00:00:00+00:00 [running]> on host bruno-H610M-H-DDR4
[2023-04-04 14:50:06,654] {taskinstance.py:1569} INFO - Exporting the following env vars:
AIRFLOW_CTX_DAG_OWNER=airflow
AIRFLOW_CTX_DAG_ID=dados_climaticos
AIRFLOW_CTX_TASK_ID=cria_pasta
AIRFLOW_CTX_EXECUTION_DATE=2022-10-10T00:00:00+00:00
AIRFLOW_CTX_TRY_NUMBER=1
AIRFLOW_CTX_DAG_RUN_ID=scheduled__2022-10-10T00:00:00+00:00
[2023-04-04 14:50:06,655] {subprocess.py:62} INFO - Tmp dir root location: 
 /tmp
[2023-04-04 14:50:06,655] {subprocess.py:74} INFO - Running command: ['bash', '-c', 'mkdir -p "/home/bruno/Documents/airflow_alura/semana=2022-10-17"']
[2023-04-04 14:50:06,661] {subprocess.py:85} INFO - Output:
[2023-04-04 14:50:06,663] {subprocess.py:96} INFO - Command exited with return code 0
[2023-04-04 14:50:06,693] {taskinstance.py:1395} INFO - Marking task as SUCCESS. dag_id=dados_climaticos, task_id=cria_pasta, execution_date=20221010T000000, start_date=20230404T175006, end_date=20230404T175006
[2023-04-04 14:50:06,755] {local_task_job.py:156} INFO - Task exited with return code 0
[2023-04-04 14:50:06,795] {local_task_job.py:273} INFO - 1 downstream tasks scheduled from follow-on schedule check
[2023-04-04 15:15:17,704] {taskinstance.py:1159} INFO - Dependencies all met for <TaskInstance: dados_climaticos.cria_pasta scheduled__2022-10-10T00:00:00+00:00 [queued]>
[2023-04-04 15:15:17,717] {taskinstance.py:1159} INFO - Dependencies all met for <TaskInstance: dados_climaticos.cria_pasta scheduled__2022-10-10T00:00:00+00:00 [queued]>
[2023-04-04 15:15:17,717] {taskinstance.py:1356} INFO - 
--------------------------------------------------------------------------------
[2023-04-04 15:15:17,717] {taskinstance.py:1357} INFO - Starting attempt 1 of 1
[2023-04-04 15:15:17,717] {taskinstance.py:1358} INFO - 
--------------------------------------------------------------------------------
[2023-04-04 15:15:17,740] {taskinstance.py:1377} INFO - Executing <Task(BashOperator): cria_pasta> on 2022-10-10 00:00:00+00:00
[2023-04-04 15:15:17,743] {standard_task_runner.py:52} INFO - Started process 8723 to run task
[2023-04-04 15:15:17,745] {standard_task_runner.py:79} INFO - Running: ['airflow', 'tasks', 'run', 'dados_climaticos', 'cria_pasta', 'scheduled__2022-10-10T00:00:00+00:00', '--job-id', '39', '--raw', '--subdir', 'DAGS_FOLDER/dados_climaticos.py', '--cfg-path', '/tmp/tmp1y153kow', '--error-file', '/tmp/tmphc0keb7q']
[2023-04-04 15:15:17,746] {standard_task_runner.py:80} INFO - Job 39: Subtask cria_pasta
[2023-04-04 15:15:17,787] {task_command.py:370} INFO - Running <TaskInstance: dados_climaticos.cria_pasta scheduled__2022-10-10T00:00:00+00:00 [running]> on host bruno-H610M-H-DDR4
[2023-04-04 15:15:17,836] {taskinstance.py:1569} INFO - Exporting the following env vars:
AIRFLOW_CTX_DAG_OWNER=airflow
AIRFLOW_CTX_DAG_ID=dados_climaticos
AIRFLOW_CTX_TASK_ID=cria_pasta
AIRFLOW_CTX_EXECUTION_DATE=2022-10-10T00:00:00+00:00
AIRFLOW_CTX_TRY_NUMBER=1
AIRFLOW_CTX_DAG_RUN_ID=scheduled__2022-10-10T00:00:00+00:00
[2023-04-04 15:15:17,837] {subprocess.py:62} INFO - Tmp dir root location: 
 /tmp
[2023-04-04 15:15:17,837] {subprocess.py:74} INFO - Running command: ['bash', '-c', 'mkdir -p "/home/bruno/Documents/airflow_alura/semana=2022-10-17"']
[2023-04-04 15:15:17,840] {subprocess.py:85} INFO - Output:
[2023-04-04 15:15:17,841] {subprocess.py:96} INFO - Command exited with return code 0
[2023-04-04 15:15:17,868] {taskinstance.py:1395} INFO - Marking task as SUCCESS. dag_id=dados_climaticos, task_id=cria_pasta, execution_date=20221010T000000, start_date=20230404T181517, end_date=20230404T181517
[2023-04-04 15:15:17,917] {local_task_job.py:156} INFO - Task exited with return code 0
[2023-04-04 15:15:17,958] {local_task_job.py:273} INFO - 1 downstream tasks scheduled from follow-on schedule check
[2023-04-04 15:18:45,093] {taskinstance.py:1159} INFO - Dependencies all met for <TaskInstance: dados_climaticos.cria_pasta scheduled__2022-10-10T00:00:00+00:00 [queued]>
[2023-04-04 15:18:45,107] {taskinstance.py:1159} INFO - Dependencies all met for <TaskInstance: dados_climaticos.cria_pasta scheduled__2022-10-10T00:00:00+00:00 [queued]>
[2023-04-04 15:18:45,107] {taskinstance.py:1356} INFO - 
--------------------------------------------------------------------------------
[2023-04-04 15:18:45,107] {taskinstance.py:1357} INFO - Starting attempt 1 of 1
[2023-04-04 15:18:45,107] {taskinstance.py:1358} INFO - 
--------------------------------------------------------------------------------
[2023-04-04 15:18:45,128] {taskinstance.py:1377} INFO - Executing <Task(BashOperator): cria_pasta> on 2022-10-10 00:00:00+00:00
[2023-04-04 15:18:45,131] {standard_task_runner.py:52} INFO - Started process 9666 to run task
[2023-04-04 15:18:45,133] {standard_task_runner.py:79} INFO - Running: ['airflow', 'tasks', 'run', 'dados_climaticos', 'cria_pasta', 'scheduled__2022-10-10T00:00:00+00:00', '--job-id', '42', '--raw', '--subdir', 'DAGS_FOLDER/dados_climaticos.py', '--cfg-path', '/tmp/tmpznznq3oh', '--error-file', '/tmp/tmpkc8awk_c']
[2023-04-04 15:18:45,133] {standard_task_runner.py:80} INFO - Job 42: Subtask cria_pasta
[2023-04-04 15:18:45,174] {task_command.py:370} INFO - Running <TaskInstance: dados_climaticos.cria_pasta scheduled__2022-10-10T00:00:00+00:00 [running]> on host bruno-H610M-H-DDR4
[2023-04-04 15:18:45,227] {taskinstance.py:1569} INFO - Exporting the following env vars:
AIRFLOW_CTX_DAG_OWNER=airflow
AIRFLOW_CTX_DAG_ID=dados_climaticos
AIRFLOW_CTX_TASK_ID=cria_pasta
AIRFLOW_CTX_EXECUTION_DATE=2022-10-10T00:00:00+00:00
AIRFLOW_CTX_TRY_NUMBER=1
AIRFLOW_CTX_DAG_RUN_ID=scheduled__2022-10-10T00:00:00+00:00
[2023-04-04 15:18:45,228] {subprocess.py:62} INFO - Tmp dir root location: 
 /tmp
[2023-04-04 15:18:45,229] {subprocess.py:74} INFO - Running command: ['bash', '-c', 'mkdir -p "/home/bruno/Documents/airflow_alura/semana=2022-10-17"']
[2023-04-04 15:18:45,234] {subprocess.py:85} INFO - Output:
[2023-04-04 15:18:45,236] {subprocess.py:96} INFO - Command exited with return code 0
[2023-04-04 15:18:45,269] {taskinstance.py:1395} INFO - Marking task as SUCCESS. dag_id=dados_climaticos, task_id=cria_pasta, execution_date=20221010T000000, start_date=20230404T181845, end_date=20230404T181845
[2023-04-04 15:18:45,304] {local_task_job.py:156} INFO - Task exited with return code 0
[2023-04-04 15:18:45,342] {local_task_job.py:273} INFO - 1 downstream tasks scheduled from follow-on schedule check
[2023-04-04 15:26:00,985] {taskinstance.py:1159} INFO - Dependencies all met for <TaskInstance: dados_climaticos.cria_pasta scheduled__2022-10-10T00:00:00+00:00 [queued]>
[2023-04-04 15:26:01,009] {taskinstance.py:1159} INFO - Dependencies all met for <TaskInstance: dados_climaticos.cria_pasta scheduled__2022-10-10T00:00:00+00:00 [queued]>
[2023-04-04 15:26:01,010] {taskinstance.py:1356} INFO - 
--------------------------------------------------------------------------------
[2023-04-04 15:26:01,010] {taskinstance.py:1357} INFO - Starting attempt 1 of 1
[2023-04-04 15:26:01,010] {taskinstance.py:1358} INFO - 
--------------------------------------------------------------------------------
[2023-04-04 15:26:01,050] {taskinstance.py:1377} INFO - Executing <Task(BashOperator): cria_pasta> on 2022-10-10 00:00:00+00:00
[2023-04-04 15:26:01,054] {standard_task_runner.py:52} INFO - Started process 10809 to run task
[2023-04-04 15:26:01,056] {standard_task_runner.py:79} INFO - Running: ['airflow', 'tasks', 'run', 'dados_climaticos', 'cria_pasta', 'scheduled__2022-10-10T00:00:00+00:00', '--job-id', '42', '--raw', '--subdir', 'DAGS_FOLDER/dados_climaticos.py', '--cfg-path', '/tmp/tmpdpk4f8ft', '--error-file', '/tmp/tmpbnn1lbmc']
[2023-04-04 15:26:01,056] {standard_task_runner.py:80} INFO - Job 42: Subtask cria_pasta
[2023-04-04 15:26:01,135] {task_command.py:370} INFO - Running <TaskInstance: dados_climaticos.cria_pasta scheduled__2022-10-10T00:00:00+00:00 [running]> on host bruno-H610M-H-DDR4
[2023-04-04 15:26:01,210] {taskinstance.py:1569} INFO - Exporting the following env vars:
AIRFLOW_CTX_DAG_OWNER=airflow
AIRFLOW_CTX_DAG_ID=dados_climaticos
AIRFLOW_CTX_TASK_ID=cria_pasta
AIRFLOW_CTX_EXECUTION_DATE=2022-10-10T00:00:00+00:00
AIRFLOW_CTX_TRY_NUMBER=1
AIRFLOW_CTX_DAG_RUN_ID=scheduled__2022-10-10T00:00:00+00:00
[2023-04-04 15:26:01,210] {subprocess.py:62} INFO - Tmp dir root location: 
 /tmp
[2023-04-04 15:26:01,211] {subprocess.py:74} INFO - Running command: ['bash', '-c', 'mkdir -p "/home/bruno/Documents/airflow_alura/semana=2022-10-17"']
[2023-04-04 15:26:01,215] {subprocess.py:85} INFO - Output:
[2023-04-04 15:26:01,216] {subprocess.py:96} INFO - Command exited with return code 0
[2023-04-04 15:26:01,251] {taskinstance.py:1395} INFO - Marking task as SUCCESS. dag_id=dados_climaticos, task_id=cria_pasta, execution_date=20221010T000000, start_date=20230404T182601, end_date=20230404T182601
[2023-04-04 15:26:01,308] {local_task_job.py:156} INFO - Task exited with return code 0
[2023-04-04 15:26:01,361] {local_task_job.py:273} INFO - 1 downstream tasks scheduled from follow-on schedule check
