[2023-04-04 15:16:13,925] {taskinstance.py:1159} INFO - Dependencies all met for <TaskInstance: dados_climaticos.cria_pasta scheduled__2023-01-30T00:00:00+00:00 [queued]>
[2023-04-04 15:16:13,927] {taskinstance.py:1159} INFO - Dependencies all met for <TaskInstance: dados_climaticos.cria_pasta scheduled__2023-01-30T00:00:00+00:00 [queued]>
[2023-04-04 15:16:13,927] {taskinstance.py:1356} INFO - 
--------------------------------------------------------------------------------
[2023-04-04 15:16:13,928] {taskinstance.py:1357} INFO - Starting attempt 1 of 1
[2023-04-04 15:16:13,928] {taskinstance.py:1358} INFO - 
--------------------------------------------------------------------------------
[2023-04-04 15:16:13,950] {taskinstance.py:1377} INFO - Executing <Task(BashOperator): cria_pasta> on 2023-01-30 00:00:00+00:00
[2023-04-04 15:16:13,953] {standard_task_runner.py:52} INFO - Started process 9103 to run task
[2023-04-04 15:16:13,954] {standard_task_runner.py:79} INFO - Running: ['airflow', 'tasks', 'run', 'dados_climaticos', 'cria_pasta', 'scheduled__2023-01-30T00:00:00+00:00', '--job-id', '70', '--raw', '--subdir', 'DAGS_FOLDER/dados_climaticos.py', '--cfg-path', '/tmp/tmpx07vxkr5', '--error-file', '/tmp/tmp5vrt6zg7']
[2023-04-04 15:16:13,955] {standard_task_runner.py:80} INFO - Job 70: Subtask cria_pasta
[2023-04-04 15:16:13,995] {task_command.py:370} INFO - Running <TaskInstance: dados_climaticos.cria_pasta scheduled__2023-01-30T00:00:00+00:00 [running]> on host bruno-H610M-H-DDR4
[2023-04-04 15:16:14,227] {taskinstance.py:1569} INFO - Exporting the following env vars:
AIRFLOW_CTX_DAG_OWNER=airflow
AIRFLOW_CTX_DAG_ID=dados_climaticos
AIRFLOW_CTX_TASK_ID=cria_pasta
AIRFLOW_CTX_EXECUTION_DATE=2023-01-30T00:00:00+00:00
AIRFLOW_CTX_TRY_NUMBER=1
AIRFLOW_CTX_DAG_RUN_ID=scheduled__2023-01-30T00:00:00+00:00
[2023-04-04 15:16:14,228] {subprocess.py:62} INFO - Tmp dir root location: 
 /tmp
[2023-04-04 15:16:14,229] {subprocess.py:74} INFO - Running command: ['bash', '-c', 'mkdir -p "/home/bruno/Documents/airflow_alura/semana=2023-02-06"']
[2023-04-04 15:16:14,233] {subprocess.py:85} INFO - Output:
[2023-04-04 15:16:14,234] {subprocess.py:96} INFO - Command exited with return code 0
[2023-04-04 15:16:14,263] {taskinstance.py:1395} INFO - Marking task as SUCCESS. dag_id=dados_climaticos, task_id=cria_pasta, execution_date=20230130T000000, start_date=20230404T181613, end_date=20230404T181614
[2023-04-04 15:16:14,327] {local_task_job.py:156} INFO - Task exited with return code 0
[2023-04-04 15:16:14,363] {local_task_job.py:273} INFO - 1 downstream tasks scheduled from follow-on schedule check
[2023-04-04 15:27:01,914] {taskinstance.py:1159} INFO - Dependencies all met for <TaskInstance: dados_climaticos.cria_pasta scheduled__2023-01-30T00:00:00+00:00 [queued]>
[2023-04-04 15:27:01,928] {taskinstance.py:1159} INFO - Dependencies all met for <TaskInstance: dados_climaticos.cria_pasta scheduled__2023-01-30T00:00:00+00:00 [queued]>
[2023-04-04 15:27:01,928] {taskinstance.py:1356} INFO - 
--------------------------------------------------------------------------------
[2023-04-04 15:27:01,928] {taskinstance.py:1357} INFO - Starting attempt 1 of 1
[2023-04-04 15:27:01,928] {taskinstance.py:1358} INFO - 
--------------------------------------------------------------------------------
[2023-04-04 15:27:01,955] {taskinstance.py:1377} INFO - Executing <Task(BashOperator): cria_pasta> on 2023-01-30 00:00:00+00:00
[2023-04-04 15:27:01,959] {standard_task_runner.py:52} INFO - Started process 11233 to run task
[2023-04-04 15:27:01,964] {standard_task_runner.py:79} INFO - Running: ['airflow', 'tasks', 'run', 'dados_climaticos', 'cria_pasta', 'scheduled__2023-01-30T00:00:00+00:00', '--job-id', '74', '--raw', '--subdir', 'DAGS_FOLDER/dados_climaticos.py', '--cfg-path', '/tmp/tmpl4xop__p', '--error-file', '/tmp/tmp9jfffsok']
[2023-04-04 15:27:01,965] {standard_task_runner.py:80} INFO - Job 74: Subtask cria_pasta
[2023-04-04 15:27:02,010] {task_command.py:370} INFO - Running <TaskInstance: dados_climaticos.cria_pasta scheduled__2023-01-30T00:00:00+00:00 [running]> on host bruno-H610M-H-DDR4
[2023-04-04 15:27:02,067] {taskinstance.py:1569} INFO - Exporting the following env vars:
AIRFLOW_CTX_DAG_OWNER=airflow
AIRFLOW_CTX_DAG_ID=dados_climaticos
AIRFLOW_CTX_TASK_ID=cria_pasta
AIRFLOW_CTX_EXECUTION_DATE=2023-01-30T00:00:00+00:00
AIRFLOW_CTX_TRY_NUMBER=1
AIRFLOW_CTX_DAG_RUN_ID=scheduled__2023-01-30T00:00:00+00:00
[2023-04-04 15:27:02,067] {subprocess.py:62} INFO - Tmp dir root location: 
 /tmp
[2023-04-04 15:27:02,068] {subprocess.py:74} INFO - Running command: ['bash', '-c', 'mkdir -p "/home/bruno/Documents/airflow_alura/semana=2023-02-06"']
[2023-04-04 15:27:02,071] {subprocess.py:85} INFO - Output:
[2023-04-04 15:27:02,072] {subprocess.py:96} INFO - Command exited with return code 0
[2023-04-04 15:27:02,145] {taskinstance.py:1395} INFO - Marking task as SUCCESS. dag_id=dados_climaticos, task_id=cria_pasta, execution_date=20230130T000000, start_date=20230404T182701, end_date=20230404T182702
[2023-04-04 15:27:02,174] {local_task_job.py:156} INFO - Task exited with return code 0
[2023-04-04 15:27:02,200] {local_task_job.py:273} INFO - 1 downstream tasks scheduled from follow-on schedule check
