[2023-04-04 10:19:09,660] {taskinstance.py:1159} INFO - Dependencies all met for <TaskInstance: first_dag.cria_pasta scheduled__2023-04-03T00:00:00+00:00 [queued]>
[2023-04-04 10:19:09,663] {taskinstance.py:1159} INFO - Dependencies all met for <TaskInstance: first_dag.cria_pasta scheduled__2023-04-03T00:00:00+00:00 [queued]>
[2023-04-04 10:19:09,663] {taskinstance.py:1356} INFO - 
--------------------------------------------------------------------------------
[2023-04-04 10:19:09,663] {taskinstance.py:1357} INFO - Starting attempt 1 of 1
[2023-04-04 10:19:09,663] {taskinstance.py:1358} INFO - 
--------------------------------------------------------------------------------
[2023-04-04 10:19:09,685] {taskinstance.py:1377} INFO - Executing <Task(BashOperator): cria_pasta> on 2023-04-03 00:00:00+00:00
[2023-04-04 10:19:09,686] {standard_task_runner.py:52} INFO - Started process 31301 to run task
[2023-04-04 10:19:09,689] {standard_task_runner.py:79} INFO - Running: ['airflow', 'tasks', 'run', 'first_dag', 'cria_pasta', 'scheduled__2023-04-03T00:00:00+00:00', '--job-id', '7', '--raw', '--subdir', 'DAGS_FOLDER/first_dag.py', '--cfg-path', '/tmp/tmps_2icfbw', '--error-file', '/tmp/tmplymazjdc']
[2023-04-04 10:19:09,690] {standard_task_runner.py:80} INFO - Job 7: Subtask cria_pasta
[2023-04-04 10:19:09,737] {task_command.py:370} INFO - Running <TaskInstance: first_dag.cria_pasta scheduled__2023-04-03T00:00:00+00:00 [running]> on host bruno-H610M-H-DDR4
[2023-04-04 10:19:09,788] {taskinstance.py:1569} INFO - Exporting the following env vars:
AIRFLOW_CTX_DAG_OWNER=airflow
AIRFLOW_CTX_DAG_ID=first_dag
AIRFLOW_CTX_TASK_ID=cria_pasta
AIRFLOW_CTX_EXECUTION_DATE=2023-04-03T00:00:00+00:00
AIRFLOW_CTX_TRY_NUMBER=1
AIRFLOW_CTX_DAG_RUN_ID=scheduled__2023-04-03T00:00:00+00:00
[2023-04-04 10:19:09,788] {subprocess.py:62} INFO - Tmp dir root location: 
 /tmp
[2023-04-04 10:19:09,788] {subprocess.py:74} INFO - Running command: ['bash', '-c', 'mkdir -p "/home/bruno/Documents/airflow_alura/pasta_teste"']
[2023-04-04 10:19:09,792] {subprocess.py:85} INFO - Output:
[2023-04-04 10:19:09,793] {subprocess.py:96} INFO - Command exited with return code 0
[2023-04-04 10:19:09,823] {taskinstance.py:1395} INFO - Marking task as SUCCESS. dag_id=first_dag, task_id=cria_pasta, execution_date=20230403T000000, start_date=20230404T131909, end_date=20230404T131909
[2023-04-04 10:19:09,861] {local_task_job.py:156} INFO - Task exited with return code 0
[2023-04-04 10:19:09,888] {local_task_job.py:273} INFO - 0 downstream tasks scheduled from follow-on schedule check
[2023-04-04 10:52:12,113] {taskinstance.py:1159} INFO - Dependencies all met for <TaskInstance: first_dag.cria_pasta scheduled__2023-04-03T00:00:00+00:00 [queued]>
[2023-04-04 10:52:12,127] {taskinstance.py:1159} INFO - Dependencies all met for <TaskInstance: first_dag.cria_pasta scheduled__2023-04-03T00:00:00+00:00 [queued]>
[2023-04-04 10:52:12,127] {taskinstance.py:1356} INFO - 
--------------------------------------------------------------------------------
[2023-04-04 10:52:12,127] {taskinstance.py:1357} INFO - Starting attempt 1 of 1
[2023-04-04 10:52:12,127] {taskinstance.py:1358} INFO - 
--------------------------------------------------------------------------------
[2023-04-04 10:52:12,150] {taskinstance.py:1377} INFO - Executing <Task(BashOperator): cria_pasta> on 2023-04-03 00:00:00+00:00
[2023-04-04 10:52:12,151] {standard_task_runner.py:52} INFO - Started process 35568 to run task
[2023-04-04 10:52:12,152] {standard_task_runner.py:79} INFO - Running: ['airflow', 'tasks', 'run', 'first_dag', 'cria_pasta', 'scheduled__2023-04-03T00:00:00+00:00', '--job-id', '12', '--raw', '--subdir', 'DAGS_FOLDER/first_dag.py', '--cfg-path', '/tmp/tmpwkekd51k', '--error-file', '/tmp/tmpk7q2fyvs']
[2023-04-04 10:52:12,153] {standard_task_runner.py:80} INFO - Job 12: Subtask cria_pasta
[2023-04-04 10:52:12,186] {task_command.py:370} INFO - Running <TaskInstance: first_dag.cria_pasta scheduled__2023-04-03T00:00:00+00:00 [running]> on host bruno-H610M-H-DDR4
[2023-04-04 10:52:12,238] {taskinstance.py:1569} INFO - Exporting the following env vars:
AIRFLOW_CTX_DAG_OWNER=airflow
AIRFLOW_CTX_DAG_ID=first_dag
AIRFLOW_CTX_TASK_ID=cria_pasta
AIRFLOW_CTX_EXECUTION_DATE=2023-04-03T00:00:00+00:00
AIRFLOW_CTX_TRY_NUMBER=1
AIRFLOW_CTX_DAG_RUN_ID=scheduled__2023-04-03T00:00:00+00:00
[2023-04-04 10:52:12,239] {subprocess.py:62} INFO - Tmp dir root location: 
 /tmp
[2023-04-04 10:52:12,239] {subprocess.py:74} INFO - Running command: ['bash', '-c', 'mkdir -p "/home/bruno/Documents/airflow_alura/pasta=2023-04-04T00:00:00+00:00"']
[2023-04-04 10:52:12,242] {subprocess.py:85} INFO - Output:
[2023-04-04 10:52:12,243] {subprocess.py:96} INFO - Command exited with return code 0
[2023-04-04 10:52:12,271] {taskinstance.py:1395} INFO - Marking task as SUCCESS. dag_id=first_dag, task_id=cria_pasta, execution_date=20230403T000000, start_date=20230404T135212, end_date=20230404T135212
[2023-04-04 10:52:12,325] {local_task_job.py:156} INFO - Task exited with return code 0
[2023-04-04 10:52:12,348] {local_task_job.py:273} INFO - 0 downstream tasks scheduled from follow-on schedule check
