[2023-04-04 15:16:12,456] {taskinstance.py:1159} INFO - Dependencies all met for <TaskInstance: dados_climaticos.cria_pasta scheduled__2023-01-23T00:00:00+00:00 [queued]>
[2023-04-04 15:16:12,459] {taskinstance.py:1159} INFO - Dependencies all met for <TaskInstance: dados_climaticos.cria_pasta scheduled__2023-01-23T00:00:00+00:00 [queued]>
[2023-04-04 15:16:12,459] {taskinstance.py:1356} INFO - 
--------------------------------------------------------------------------------
[2023-04-04 15:16:12,459] {taskinstance.py:1357} INFO - Starting attempt 1 of 1
[2023-04-04 15:16:12,459] {taskinstance.py:1358} INFO - 
--------------------------------------------------------------------------------
[2023-04-04 15:16:12,480] {taskinstance.py:1377} INFO - Executing <Task(BashOperator): cria_pasta> on 2023-01-23 00:00:00+00:00
[2023-04-04 15:16:12,482] {standard_task_runner.py:52} INFO - Started process 9092 to run task
[2023-04-04 15:16:12,484] {standard_task_runner.py:79} INFO - Running: ['airflow', 'tasks', 'run', 'dados_climaticos', 'cria_pasta', 'scheduled__2023-01-23T00:00:00+00:00', '--job-id', '69', '--raw', '--subdir', 'DAGS_FOLDER/dados_climaticos.py', '--cfg-path', '/tmp/tmp_kfy672j', '--error-file', '/tmp/tmp5c3cw5a_']
[2023-04-04 15:16:12,485] {standard_task_runner.py:80} INFO - Job 69: Subtask cria_pasta
[2023-04-04 15:16:12,526] {task_command.py:370} INFO - Running <TaskInstance: dados_climaticos.cria_pasta scheduled__2023-01-23T00:00:00+00:00 [running]> on host bruno-H610M-H-DDR4
[2023-04-04 15:16:12,579] {taskinstance.py:1569} INFO - Exporting the following env vars:
AIRFLOW_CTX_DAG_OWNER=airflow
AIRFLOW_CTX_DAG_ID=dados_climaticos
AIRFLOW_CTX_TASK_ID=cria_pasta
AIRFLOW_CTX_EXECUTION_DATE=2023-01-23T00:00:00+00:00
AIRFLOW_CTX_TRY_NUMBER=1
AIRFLOW_CTX_DAG_RUN_ID=scheduled__2023-01-23T00:00:00+00:00
[2023-04-04 15:16:12,580] {subprocess.py:62} INFO - Tmp dir root location: 
 /tmp
[2023-04-04 15:16:12,580] {subprocess.py:74} INFO - Running command: ['bash', '-c', 'mkdir -p "/home/bruno/Documents/airflow_alura/semana=2023-01-30"']
[2023-04-04 15:16:12,584] {subprocess.py:85} INFO - Output:
[2023-04-04 15:16:12,585] {subprocess.py:96} INFO - Command exited with return code 0
[2023-04-04 15:16:12,614] {taskinstance.py:1395} INFO - Marking task as SUCCESS. dag_id=dados_climaticos, task_id=cria_pasta, execution_date=20230123T000000, start_date=20230404T181612, end_date=20230404T181612
[2023-04-04 15:16:12,656] {local_task_job.py:156} INFO - Task exited with return code 0
[2023-04-04 15:16:12,820] {local_task_job.py:273} INFO - 1 downstream tasks scheduled from follow-on schedule check
[2023-04-04 15:26:58,414] {taskinstance.py:1159} INFO - Dependencies all met for <TaskInstance: dados_climaticos.cria_pasta scheduled__2023-01-23T00:00:00+00:00 [queued]>
[2023-04-04 15:26:58,428] {taskinstance.py:1159} INFO - Dependencies all met for <TaskInstance: dados_climaticos.cria_pasta scheduled__2023-01-23T00:00:00+00:00 [queued]>
[2023-04-04 15:26:58,428] {taskinstance.py:1356} INFO - 
--------------------------------------------------------------------------------
[2023-04-04 15:26:58,428] {taskinstance.py:1357} INFO - Starting attempt 1 of 1
[2023-04-04 15:26:58,428] {taskinstance.py:1358} INFO - 
--------------------------------------------------------------------------------
[2023-04-04 15:26:58,451] {taskinstance.py:1377} INFO - Executing <Task(BashOperator): cria_pasta> on 2023-01-23 00:00:00+00:00
[2023-04-04 15:26:58,454] {standard_task_runner.py:52} INFO - Started process 11212 to run task
[2023-04-04 15:26:58,458] {standard_task_runner.py:79} INFO - Running: ['airflow', 'tasks', 'run', 'dados_climaticos', 'cria_pasta', 'scheduled__2023-01-23T00:00:00+00:00', '--job-id', '72', '--raw', '--subdir', 'DAGS_FOLDER/dados_climaticos.py', '--cfg-path', '/tmp/tmp3ld91s_p', '--error-file', '/tmp/tmpuiss1ee9']
[2023-04-04 15:26:58,459] {standard_task_runner.py:80} INFO - Job 72: Subtask cria_pasta
[2023-04-04 15:26:58,509] {task_command.py:370} INFO - Running <TaskInstance: dados_climaticos.cria_pasta scheduled__2023-01-23T00:00:00+00:00 [running]> on host bruno-H610M-H-DDR4
[2023-04-04 15:26:58,589] {taskinstance.py:1569} INFO - Exporting the following env vars:
AIRFLOW_CTX_DAG_OWNER=airflow
AIRFLOW_CTX_DAG_ID=dados_climaticos
AIRFLOW_CTX_TASK_ID=cria_pasta
AIRFLOW_CTX_EXECUTION_DATE=2023-01-23T00:00:00+00:00
AIRFLOW_CTX_TRY_NUMBER=1
AIRFLOW_CTX_DAG_RUN_ID=scheduled__2023-01-23T00:00:00+00:00
[2023-04-04 15:26:58,589] {subprocess.py:62} INFO - Tmp dir root location: 
 /tmp
[2023-04-04 15:26:58,590] {subprocess.py:74} INFO - Running command: ['bash', '-c', 'mkdir -p "/home/bruno/Documents/airflow_alura/semana=2023-01-30"']
[2023-04-04 15:26:58,594] {subprocess.py:85} INFO - Output:
[2023-04-04 15:26:58,595] {subprocess.py:96} INFO - Command exited with return code 0
[2023-04-04 15:26:58,744] {taskinstance.py:1395} INFO - Marking task as SUCCESS. dag_id=dados_climaticos, task_id=cria_pasta, execution_date=20230123T000000, start_date=20230404T182658, end_date=20230404T182658
[2023-04-04 15:26:58,790] {local_task_job.py:156} INFO - Task exited with return code 0
[2023-04-04 15:26:58,831] {local_task_job.py:273} INFO - 1 downstream tasks scheduled from follow-on schedule check
