[2023-04-04 15:07:56,894] {taskinstance.py:1159} INFO - Dependencies all met for <TaskInstance: dados_climaticos.cria_pasta manual__2023-04-04T18:07:54.406783+00:00 [queued]>
[2023-04-04 15:07:56,897] {taskinstance.py:1159} INFO - Dependencies all met for <TaskInstance: dados_climaticos.cria_pasta manual__2023-04-04T18:07:54.406783+00:00 [queued]>
[2023-04-04 15:07:56,897] {taskinstance.py:1356} INFO - 
--------------------------------------------------------------------------------
[2023-04-04 15:07:56,897] {taskinstance.py:1357} INFO - Starting attempt 1 of 1
[2023-04-04 15:07:56,897] {taskinstance.py:1358} INFO - 
--------------------------------------------------------------------------------
[2023-04-04 15:07:56,918] {taskinstance.py:1377} INFO - Executing <Task(BashOperator): cria_pasta> on 2023-04-04 18:07:54.406783+00:00
[2023-04-04 15:07:56,920] {standard_task_runner.py:52} INFO - Started process 7500 to run task
[2023-04-04 15:07:56,921] {standard_task_runner.py:79} INFO - Running: ['airflow', 'tasks', 'run', 'dados_climaticos', 'cria_pasta', 'manual__2023-04-04T18:07:54.406783+00:00', '--job-id', '29', '--raw', '--subdir', 'DAGS_FOLDER/dados_climaticos.py', '--cfg-path', '/tmp/tmpdb7nw12w', '--error-file', '/tmp/tmp4btzlx5i']
[2023-04-04 15:07:56,921] {standard_task_runner.py:80} INFO - Job 29: Subtask cria_pasta
[2023-04-04 15:07:56,951] {task_command.py:370} INFO - Running <TaskInstance: dados_climaticos.cria_pasta manual__2023-04-04T18:07:54.406783+00:00 [running]> on host bruno-H610M-H-DDR4
[2023-04-04 15:07:57,001] {taskinstance.py:1569} INFO - Exporting the following env vars:
AIRFLOW_CTX_DAG_OWNER=airflow
AIRFLOW_CTX_DAG_ID=dados_climaticos
AIRFLOW_CTX_TASK_ID=cria_pasta
AIRFLOW_CTX_EXECUTION_DATE=2023-04-04T18:07:54.406783+00:00
AIRFLOW_CTX_TRY_NUMBER=1
AIRFLOW_CTX_DAG_RUN_ID=manual__2023-04-04T18:07:54.406783+00:00
[2023-04-04 15:07:57,002] {subprocess.py:62} INFO - Tmp dir root location: 
 /tmp
[2023-04-04 15:07:57,002] {subprocess.py:74} INFO - Running command: ['bash', '-c', 'mkdir -p "/home/bruno/Documents/airflow_alura/semana=2023-04-04"']
[2023-04-04 15:07:57,005] {subprocess.py:85} INFO - Output:
[2023-04-04 15:07:57,006] {subprocess.py:96} INFO - Command exited with return code 0
[2023-04-04 15:07:57,031] {taskinstance.py:1395} INFO - Marking task as SUCCESS. dag_id=dados_climaticos, task_id=cria_pasta, execution_date=20230404T180754, start_date=20230404T180756, end_date=20230404T180757
[2023-04-04 15:07:57,053] {local_task_job.py:156} INFO - Task exited with return code 0
[2023-04-04 15:07:57,082] {local_task_job.py:273} INFO - 1 downstream tasks scheduled from follow-on schedule check
